
Hello, Student 1234
Connecting to => Front End @[ 2018/12/02 19:26:33 ]
Operation Requested:enrolCourse @[ 2018/12/02 19:26:38 ]
Student enrolCourse Function @[ 2018/12/02 19:26:38 ]
Please type in the Course ID @[ 2018/12/02 19:26:38 ]
Please Enter the Semester @[ 2018/12/02 19:26:42 ]
You have been enrolled Successfully !!! @[ 2018/12/02 19:26:43 ]
Operation Requested:enrolCourse @[ 2018/12/02 19:27:05 ]
Student enrolCourse Function @[ 2018/12/02 19:27:05 ]
Please type in the Course ID @[ 2018/12/02 19:27:05 ]
Please Enter the Semester @[ 2018/12/02 19:27:08 ]
You have been enrolled Successfully !!! @[ 2018/12/02 19:27:10 ]
Operation Requested:getClassSchedule @[ 2018/12/02 19:27:16 ]
fall - comp1111 winter - comp1111 comp2222 summer - comp1111  @[ 2018/12/02 19:27:16 ]
Operation Requested:dropCourse  @[ 2018/12/02 19:27:40 ]
Invalid Operation, Try Again... @[ 2018/12/02 19:27:40 ]
Operation Requested:dropCourse @[ 2018/12/02 19:27:44 ]
Student dropCourse Function @[ 2018/12/02 19:27:44 ]
Please type in the Course ID @[ 2018/12/02 19:27:44 ]
Dropped Successfully !!! @[ 2018/12/02 19:27:49 ]
Operation Requested:getClassSchedule @[ 2018/12/02 19:28:03 ]
fall - comp1111 winter - comp1111 summer - comp1111  @[ 2018/12/02 19:28:03 ]
Operation Requested:exit @[ 2018/12/02 19:28:21 ]
... BYE ... @[ 2018/12/02 19:28:21 ]