
Hello, Advisor 987
Connecting to => Computer Science Department @[ 2018/10/12 17:12:55 ]
Operation Requested:listCourseAvailability @[ 2018/10/12 17:13:10 ]
Advisor listCourseAvailability Function @[ 2018/10/12 17:13:10 ]
Please Enter the Semester @[ 2018/10/12 17:13:10 ]
No Course to Display!
No Course to Display!
No Course to Display! @[ 2018/10/12 17:13:13 ]
Operation Requested:addcourse @[ 2018/10/12 17:13:20 ]
Advisor addCourse Function @[ 2018/10/12 17:13:20 ]
Please type in the Course ID @[ 2018/10/12 17:13:20 ]
Please Enter the Semester @[ 2018/10/12 17:13:25 ]
The Course Added Successfully! @[ 2018/10/12 17:13:28 ]
Operation Requested:addcourse @[ 2018/10/12 17:13:31 ]
Advisor addCourse Function @[ 2018/10/12 17:13:31 ]
Please type in the Course ID @[ 2018/10/12 17:13:31 ]
Please Enter the Semester @[ 2018/10/12 17:13:36 ]
The Course Added Successfully! @[ 2018/10/12 17:13:38 ]
Operation Requested:addcourse @[ 2018/10/12 17:13:42 ]
Advisor addCourse Function @[ 2018/10/12 17:13:42 ]
Please type in the Course ID @[ 2018/10/12 17:13:42 ]
Please Enter the Semester @[ 2018/10/12 17:13:46 ]
The Course Added Successfully! @[ 2018/10/12 17:13:48 ]
Operation Requested:addcourse @[ 2018/10/12 17:13:52 ]
Advisor addCourse Function @[ 2018/10/12 17:13:52 ]
Please type in the Course ID @[ 2018/10/12 17:13:52 ]
Please Enter the Semester @[ 2018/10/12 17:13:55 ]
The Course Added Successfully! @[ 2018/10/12 17:13:57 ]
Operation Requested:addcourse @[ 2018/10/12 17:13:59 ]
Advisor addCourse Function @[ 2018/10/12 17:13:59 ]
Please type in the Course ID @[ 2018/10/12 17:13:59 ]
Please Enter the Semester @[ 2018/10/12 17:14:04 ]
The Course Added Successfully! @[ 2018/10/12 17:14:07 ]
Operation Requested:addcourse @[ 2018/10/12 17:14:13 ]
Advisor addCourse Function @[ 2018/10/12 17:14:13 ]
Please type in the Course ID @[ 2018/10/12 17:14:13 ]
Please Enter the Semester @[ 2018/10/12 17:14:18 ]
The Course Added Successfully! @[ 2018/10/12 17:14:19 ]
Operation Requested:addcourse @[ 2018/10/12 17:14:24 ]
Advisor addCourse Function @[ 2018/10/12 17:14:24 ]
Please type in the Course ID @[ 2018/10/12 17:14:24 ]
Please Enter the Semester @[ 2018/10/12 17:14:28 ]
The Course Added Successfully! @[ 2018/10/12 17:14:30 ]
Operation Requested:ss @[ 2018/10/12 17:14:32 ]
Invalid Operation, Try Again... @[ 2018/10/12 17:14:32 ]
Operation Requested:listCourseAvailability @[ 2018/10/12 17:14:37 ]
Advisor listCourseAvailability Function @[ 2018/10/12 17:14:37 ]
Please Enter the Semester @[ 2018/10/12 17:14:37 ]
comp1234>40*comp0987>40
No Course to Display!
No Course to Display! @[ 2018/10/12 17:14:40 ]
Operation Requested:listCourseAvailability @[ 2018/10/12 17:14:43 ]
Advisor listCourseAvailability Function @[ 2018/10/12 17:14:43 ]
Please Enter the Semester @[ 2018/10/12 17:14:43 ]
comp1234>40*comp3456>40
No Course to Display!
No Course to Display! @[ 2018/10/12 17:14:45 ]
Operation Requested:listCourseAvailability @[ 2018/10/12 17:14:46 ]
Advisor listCourseAvailability Function @[ 2018/10/12 17:14:46 ]
Please Enter the Semester @[ 2018/10/12 17:14:46 ]
comp1234>40*comp0987>40*comp6789>40
No Course to Display!
No Course to Display! @[ 2018/10/12 17:14:47 ]
Operation Requested:removecourse @[ 2018/10/12 17:14:56 ]
Advisor Remove Course Function @[ 2018/10/12 17:14:56 ]
Please type in the Course ID @[ 2018/10/12 17:14:56 ]
Please Enter the Semester @[ 2018/10/12 17:15:06 ]
The Course Removed Successfully! @[ 2018/10/12 17:15:08 ]
Operation Requested:s @[ 2018/10/12 17:15:13 ]
Invalid Operation, Try Again... @[ 2018/10/12 17:15:13 ]
Operation Requested:listCourseAvailability @[ 2018/10/12 17:15:18 ]
Advisor listCourseAvailability Function @[ 2018/10/12 17:15:18 ]
Please Enter the Semester @[ 2018/10/12 17:15:18 ]
comp3456>40
No Course to Display!
No Course to Display! @[ 2018/10/12 17:15:20 ]
Operation Requested:exit @[ 2018/10/12 17:15:24 ]
... BYE ... @[ 2018/10/12 17:15:24 ]