
Hello, Student 987
Connecting to => Computer Science Department @[ 2018/10/12 17:13:00 ]
Operation Requested:getClassSchedule @[ 2018/10/12 17:13:05 ]
fall - winter - summer -  @[ 2018/10/12 17:13:05 ]
Operation Requested:enrolCourse @[ 2018/10/12 17:19:03 ]
Student enrolCourse Function @[ 2018/10/12 17:19:03 ]
Please type in the Course ID @[ 2018/10/12 17:19:03 ]
Please Enter the Semester @[ 2018/10/12 17:19:11 ]
Wrong Semester Name! Try again.. @[ 2018/10/12 17:19:13 ]
Operation Requested:enrolCourse @[ 2018/10/12 17:19:20 ]
Student enrolCourse Function @[ 2018/10/12 17:19:20 ]
Please type in the Course ID @[ 2018/10/12 17:19:20 ]
Please Enter the Semester @[ 2018/10/12 17:19:23 ]
You have been enrolled Successfully !!! @[ 2018/10/12 17:19:24 ]
Operation Requested:enrolCourse @[ 2018/10/12 17:19:27 ]
Student enrolCourse Function @[ 2018/10/12 17:19:27 ]
Please type in the Course ID @[ 2018/10/12 17:19:27 ]
Please Enter the Semester @[ 2018/10/12 17:19:44 ]
You have been enrolled Successfully !!! @[ 2018/10/12 17:19:45 ]
Operation Requested:enrolCourse @[ 2018/10/12 17:19:50 ]
Student enrolCourse Function @[ 2018/10/12 17:19:50 ]
Please type in the Course ID @[ 2018/10/12 17:19:50 ]
Please Enter the Semester @[ 2018/10/12 17:19:58 ]
You have been enrolled Successfully !!! @[ 2018/10/12 17:19:59 ]
Operation Requested:enrolCourse @[ 2018/10/12 17:20:01 ]
Student enrolCourse Function @[ 2018/10/12 17:20:01 ]
Please type in the Course ID @[ 2018/10/12 17:20:01 ]
Please Enter the Semester @[ 2018/10/12 17:20:16 ]
You cannot take more than 3 courses !! @[ 2018/10/12 17:20:19 ]
Operation Requested:getclassschedule @[ 2018/10/12 17:20:29 ]
fall - comp1234 soen2345 inse0987 winter - summer -  @[ 2018/10/12 17:20:29 ]
Operation Requested:dropcourse @[ 2018/10/12 17:21:33 ]
Student dropCourse Function @[ 2018/10/12 17:21:33 ]
Please type in the Course ID @[ 2018/10/12 17:21:33 ]
Dropped Successfully !!! @[ 2018/10/12 17:21:38 ]
Operation Requested:getclassschedule @[ 2018/10/12 17:21:47 ]
fall - comp1234 soen2345 winter - summer -  @[ 2018/10/12 17:21:47 ]
Operation Requested:enrolcourse @[ 2018/10/12 17:22:13 ]
Student enrolCourse Function @[ 2018/10/12 17:22:13 ]
Please type in the Course ID @[ 2018/10/12 17:22:13 ]
Please Enter the Semester @[ 2018/10/12 17:22:16 ]
You have been enrolled Successfully !!! @[ 2018/10/12 17:22:18 ]
Operation Requested:getclassschedule @[ 2018/10/12 17:22:24 ]
fall - comp1234 soen2345 inse1234 winter - summer -  @[ 2018/10/12 17:22:24 ]
Operation Requested:exit @[ 2018/10/12 17:22:51 ]
... BYE ... @[ 2018/10/12 17:22:51 ]