
Hello, Advisor 1234
Connecting to => Information Security Department @[ 2018/10/12 17:15:38 ]
Operation Requested:listCourseAvailability @[ 2018/10/12 17:15:47 ]
Advisor listCourseAvailability Function @[ 2018/10/12 17:15:47 ]
Please Enter the Semester @[ 2018/10/12 17:15:47 ]
No Course to Display!
comp1234>40*comp0987>40
No Course to Display! @[ 2018/10/12 17:15:50 ]
Operation Requested:addcourse @[ 2018/10/12 17:15:58 ]
Advisor addCourse Function @[ 2018/10/12 17:15:58 ]
Please type in the Course ID @[ 2018/10/12 17:15:58 ]
Please Enter the Semester @[ 2018/10/12 17:16:03 ]
The Course Added Successfully! @[ 2018/10/12 17:16:04 ]
Operation Requested:addcourse @[ 2018/10/12 17:16:06 ]
Advisor addCourse Function @[ 2018/10/12 17:16:06 ]
Please type in the Course ID @[ 2018/10/12 17:16:06 ]
Please Enter the Semester @[ 2018/10/12 17:16:15 ]
The Course Added Successfully! @[ 2018/10/12 17:16:17 ]
Operation Requested:addcourse @[ 2018/10/12 17:16:20 ]
Advisor addCourse Function @[ 2018/10/12 17:16:20 ]
Please type in the Course ID @[ 2018/10/12 17:16:20 ]
Please Enter the Semester @[ 2018/10/12 17:16:27 ]
The Course Added Successfully! @[ 2018/10/12 17:16:28 ]
Operation Requested:addcourse @[ 2018/10/12 17:16:30 ]
Advisor addCourse Function @[ 2018/10/12 17:16:30 ]
Please type in the Course ID @[ 2018/10/12 17:16:30 ]
Please Enter the Semester @[ 2018/10/12 17:16:36 ]
The Course Added Successfully! @[ 2018/10/12 17:16:37 ]
Operation Requested:addcourse @[ 2018/10/12 17:16:39 ]
Advisor addCourse Function @[ 2018/10/12 17:16:39 ]
Please type in the Course ID @[ 2018/10/12 17:16:39 ]
Please Enter the Semester @[ 2018/10/12 17:16:43 ]
The Course Added Successfully! @[ 2018/10/12 17:16:45 ]
Operation Requested:addcourse @[ 2018/10/12 17:16:49 ]
Advisor addCourse Function @[ 2018/10/12 17:16:49 ]
Please type in the Course ID @[ 2018/10/12 17:16:49 ]
Please Enter the Semester @[ 2018/10/12 17:16:55 ]
The Course Added Successfully! @[ 2018/10/12 17:16:56 ]
Operation Requested:addcourse @[ 2018/10/12 17:17:00 ]
Advisor addCourse Function @[ 2018/10/12 17:17:00 ]
Please type in the Course ID @[ 2018/10/12 17:17:00 ]
Please Enter the Semester @[ 2018/10/12 17:17:05 ]
The Course Added Successfully! @[ 2018/10/12 17:17:07 ]
Operation Requested:listCourseAvailability @[ 2018/10/12 17:17:08 ]
Advisor listCourseAvailability Function @[ 2018/10/12 17:17:08 ]
Please Enter the Semester @[ 2018/10/12 17:17:08 ]
inse1234>40*inse4321>40*inse0987>40*inse7890>40
comp1234>40*comp0987>40
No Course to Display! @[ 2018/10/12 17:17:11 ]
Operation Requested:listCourseAvailability @[ 2018/10/12 17:17:14 ]
Advisor listCourseAvailability Function @[ 2018/10/12 17:17:14 ]
Please Enter the Semester @[ 2018/10/12 17:17:14 ]
inse0987>40*inse1234>40
comp3456>40
No Course to Display! @[ 2018/10/12 17:17:19 ]
Operation Requested:listCourseAvailability @[ 2018/10/12 17:17:21 ]
Advisor listCourseAvailability Function @[ 2018/10/12 17:17:21 ]
Please Enter the Semester @[ 2018/10/12 17:17:21 ]
inse4567>40
comp1234>40*comp0987>40*comp6789>40
No Course to Display! @[ 2018/10/12 17:17:23 ]
Operation Requested:exit @[ 2018/10/12 17:17:35 ]
... BYE ... @[ 2018/10/12 17:17:35 ]