
COMP1 Server Initiated @[ 2018/12/02 19:23:41 ]
COMP1 Running UDP Server @[ 2018/12/02 19:23:41 ]
COMP1 Running UDP Server @[ 2018/12/02 19:23:41 ]
COMP1 Waiting for UDP request ... @[ 2018/12/02 19:23:41 ]
COMP1 Waiting for UDP request ... @[ 2018/12/02 19:23:41 ]
COMP1 Waiting for UDP request Received... @[ 2018/12/02 19:24:17 ]
COMP1 Waiting for UDP request ... @[ 2018/12/02 19:24:17 ]
COMP1 Adding => comp1111 For => fall @[ 2018/12/02 19:24:17 ]
success @[ 2018/12/02 19:24:17 ]
COMP1 Waiting for UDP request Received... @[ 2018/12/02 19:25:37 ]
COMP1 Waiting for UDP request ... @[ 2018/12/02 19:25:37 ]
COMP1 Adding => comp2222 For => winter @[ 2018/12/02 19:25:37 ]
success @[ 2018/12/02 19:25:37 ]
COMP1 Waiting for UDP request Received... @[ 2018/12/02 19:25:52 ]
COMP1 Waiting for UDP request ... @[ 2018/12/02 19:25:52 ]
COMP1 Adding => comp3333 For => summer @[ 2018/12/02 19:25:52 ]
success @[ 2018/12/02 19:25:52 ]
COMP1 Waiting for UDP request Received... @[ 2018/12/02 19:26:16 ]
COMP1 Waiting for UDP request ... @[ 2018/12/02 19:26:16 ]
Course List for => fall @[ 2018/12/02 19:26:16 ]
Course List from => COMP1 @[ 2018/12/02 19:26:16 ]
Course List from => SOEN @[ 2018/12/02 19:26:16 ]
COMP1 Sending UDP request ... @[ 2018/12/02 19:26:16 ]
COMP1 Waiting for UDP Reply ... @[ 2018/12/02 19:26:16 ]
Course List from => INSE @[ 2018/12/02 19:26:16 ]
COMP1 Sending UDP request ... @[ 2018/12/02 19:26:16 ]
COMP1 Waiting for UDP Reply ... @[ 2018/12/02 19:26:16 ]
comp1111_10=error=error @[ 2018/12/02 19:26:16 ]
COMP1 Waiting for UDP request Received... @[ 2018/12/02 19:26:43 ]
COMP1 Waiting for UDP request ... @[ 2018/12/02 19:26:43 ]
Enrolling => COMPS1234 in => comp1111 for => fall @[ 2018/12/02 19:26:43 ]
COMP1 Sending UDP request ... @[ 2018/12/02 19:26:43 ]
COMP1 Waiting for UDP Reply ... @[ 2018/12/02 19:26:43 ]
COMP1 Waiting for UDP request Received... @[ 2018/12/02 19:26:43 ]
COMP1 Waiting for UDP request ... @[ 2018/12/02 19:26:43 ]
Checking to see if COMPS1234 can take any course ... @[ 2018/12/02 19:26:43 ]
Trying to enrol the COMPS1234 in the comp1111 @[ 2018/12/02 19:26:43 ]
You have been enrolled Successfully !!! @[ 2018/12/02 19:26:43 ]
COMP1 Waiting for UDP request Received... @[ 2018/12/02 19:27:10 ]
COMP1 Waiting for UDP request ... @[ 2018/12/02 19:27:10 ]
Enrolling => COMPS1234 in => comp2222 for => winter @[ 2018/12/02 19:27:10 ]
COMP1 Sending UDP request ... @[ 2018/12/02 19:27:10 ]
COMP1 Waiting for UDP request Received... @[ 2018/12/02 19:27:10 ]
COMP1 Waiting for UDP Reply ... @[ 2018/12/02 19:27:10 ]
COMP1 Waiting for UDP request ... @[ 2018/12/02 19:27:10 ]
Checking to see if COMPS1234 can take any course ... @[ 2018/12/02 19:27:10 ]
Trying to enrol the COMPS1234 in the comp2222 @[ 2018/12/02 19:27:10 ]
You have been enrolled Successfully !!! @[ 2018/12/02 19:27:10 ]
COMP1 Waiting for UDP request Received... @[ 2018/12/02 19:27:16 ]
COMP1 Waiting for UDP request ... @[ 2018/12/02 19:27:16 ]
Getting schedule for => COMPS1234 @[ 2018/12/02 19:27:16 ]
fall - comp1111 winter - comp1111 comp2222 summer - comp1111  @[ 2018/12/02 19:27:16 ]
COMP1 Waiting for UDP request Received... @[ 2018/12/02 19:27:48 ]
COMP1 Waiting for UDP request ... @[ 2018/12/02 19:27:48 ]
Dropping => comp2222 for  => COMPS1234 @[ 2018/12/02 19:27:48 ]
COMP1 Sending UDP request ... @[ 2018/12/02 19:27:48 ]
COMP1 Waiting for UDP Reply ... @[ 2018/12/02 19:27:48 ]
COMP1 Waiting for UDP request Received... @[ 2018/12/02 19:27:48 ]
COMP1 Waiting for UDP request ... @[ 2018/12/02 19:27:48 ]
Dropped Successfully !!! @[ 2018/12/02 19:27:48 ]
COMP1 Waiting for UDP request Received... @[ 2018/12/02 19:28:03 ]
COMP1 Waiting for UDP request ... @[ 2018/12/02 19:28:03 ]
Getting schedule for => COMPS1234 @[ 2018/12/02 19:28:03 ]
fall - comp1111 winter - comp1111 summer - comp1111  @[ 2018/12/02 19:28:03 ]
COMP1 Server Initiated @[ 2018/12/02 21:38:46 ]
COMP1 Running UDP Server @[ 2018/12/02 21:38:46 ]
COMP1 Running UDP Server @[ 2018/12/02 21:38:46 ]
COMP1 Waiting for UDP request ... @[ 2018/12/02 21:38:46 ]
COMP1 Waiting for UDP request ... @[ 2018/12/02 21:38:46 ]
COMP1 Server Initiated @[ 2018/12/02 21:39:02 ]
COMP1 Running UDP Server @[ 2018/12/02 21:39:02 ]
COMP1 Running UDP Server @[ 2018/12/02 21:39:02 ]
COMP1 Waiting for UDP request ... @[ 2018/12/02 21:39:02 ]
COMP1 Waiting for UDP request ... @[ 2018/12/02 21:39:02 ]
COMP1 Waiting for UDP request Received... @[ 2018/12/02 21:39:38 ]
COMP1 Waiting for UDP request ... @[ 2018/12/02 21:39:38 ]
Course List for => fall @[ 2018/12/02 21:39:38 ]
Course List from => COMP1 @[ 2018/12/02 21:39:38 ]
Course List from => SOEN @[ 2018/12/02 21:39:38 ]
COMP1 Sending UDP request ... @[ 2018/12/02 21:39:38 ]
COMP1 Waiting for UDP Reply ... @[ 2018/12/02 21:39:38 ]
Course List from => INSE @[ 2018/12/02 21:39:38 ]
COMP1 Sending UDP request ... @[ 2018/12/02 21:39:38 ]
COMP1 Waiting for UDP Reply ... @[ 2018/12/02 21:39:38 ]
comp1111_9=error=error @[ 2018/12/02 21:39:38 ]
COMP1 Server Initiated @[ 2018/12/02 21:47:52 ]
COMP1 Running UDP Server @[ 2018/12/02 21:47:52 ]
COMP1 Running UDP Server @[ 2018/12/02 21:47:52 ]
COMP1 Waiting for UDP request ... @[ 2018/12/02 21:47:52 ]
COMP1 Waiting for UDP request ... @[ 2018/12/02 21:47:52 ]
COMP1 Waiting for UDP request Received... @[ 2018/12/02 21:50:41 ]
COMP1 Waiting for UDP request ... @[ 2018/12/02 21:50:41 ]
COMP1 Adding => comp6666 For => fall @[ 2018/12/02 21:50:41 ]
success @[ 2018/12/02 21:50:41 ]
COMP1 Server Initiated @[ 2018/12/02 21:54:16 ]
COMP1 Server Initiated @[ 2018/12/02 22:00:58 ]
COMP1 Server Initiated @[ 2018/12/02 22:07:39 ]
COMP1 Server Initiated @[ 2018/12/02 22:16:20 ]
COMP1 Server Initiated @[ 2018/12/02 22:23:42 ]
COMP1 Running UDP Server @[ 2018/12/02 22:23:42 ]
COMP1 Running UDP Server @[ 2018/12/02 22:23:42 ]
COMP1 Waiting for UDP request ... @[ 2018/12/02 22:23:42 ]
COMP1 Waiting for UDP request ... @[ 2018/12/02 22:23:42 ]
COMP1 Waiting for UDP request Received... @[ 2018/12/02 22:24:08 ]
COMP1 Waiting for UDP request ... @[ 2018/12/02 22:24:08 ]
Course List for => fall @[ 2018/12/02 22:24:08 ]
Course List from => COMP1 @[ 2018/12/02 22:24:08 ]
Course List from => SOEN @[ 2018/12/02 22:24:08 ]
COMP1 Sending UDP request ... @[ 2018/12/02 22:24:08 ]
COMP1 Waiting for UDP Reply ... @[ 2018/12/02 22:24:08 ]
Course List from => INSE @[ 2018/12/02 22:24:08 ]
COMP1 Sending UDP request ... @[ 2018/12/02 22:24:08 ]
COMP1 Waiting for UDP Reply ... @[ 2018/12/02 22:24:08 ]
comp1111_9*comp6666_4=error=error @[ 2018/12/02 22:24:08 ]
COMP1 Waiting for UDP request Received... @[ 2018/12/02 22:24:39 ]
COMP1 Waiting for UDP request ... @[ 2018/12/02 22:24:39 ]
Course List for => fall @[ 2018/12/02 22:24:39 ]
Course List from => COMP1 @[ 2018/12/02 22:24:39 ]
Course List from => SOEN @[ 2018/12/02 22:24:39 ]
COMP1 Sending UDP request ... @[ 2018/12/02 22:24:39 ]
COMP1 Waiting for UDP Reply ... @[ 2018/12/02 22:24:39 ]
Course List from => INSE @[ 2018/12/02 22:24:39 ]
COMP1 Sending UDP request ... @[ 2018/12/02 22:24:39 ]
COMP1 Waiting for UDP Reply ... @[ 2018/12/02 22:24:39 ]
comp1111_9*comp6666_4=error=error @[ 2018/12/02 22:24:39 ]