
FE Server Initiated @[ 2018/12/02 19:23:41 ]
FE Running UDP Server
FE Running UDP Server => PORT : 1248 @[ 2018/12/02 19:23:41 ]
FE Server Initiated @[ 2018/12/02 21:38:46 ]
FE Running UDP Server
FE Running UDP Server => PORT : 1248 @[ 2018/12/02 21:38:46 ]
FE Server Initiated @[ 2018/12/02 21:39:02 ]
FE Running UDP Server
FE Running UDP Server => PORT : 1248 @[ 2018/12/02 21:39:02 ]
FE Server Initiated @[ 2018/12/02 21:47:52 ]
FE Running UDP Server
FE Running UDP Server => PORT : 1248 @[ 2018/12/02 21:47:52 ]
FE Server Initiated @[ 2018/12/02 21:54:16 ]
FE Running UDP Server
FE Running UDP Server => PORT : 1248 @[ 2018/12/02 21:54:16 ]
FE Server Initiated @[ 2018/12/02 22:00:58 ]
FE Running UDP Server
FE Running UDP Server => PORT : 1248 @[ 2018/12/02 22:00:58 ]
FE Server Initiated @[ 2018/12/02 22:07:39 ]
FE Running UDP Server
FE Running UDP Server => PORT : 1248 @[ 2018/12/02 22:07:39 ]
FE Sending UDP request ... @[ 2018/12/02 22:08:14 ]
FE Waiting for UDP Reply ... @[ 2018/12/02 22:08:14 ]
FE Server Initiated @[ 2018/12/02 22:16:20 ]
FE Running UDP Server
FE Running UDP Server => PORT : 1248 @[ 2018/12/02 22:16:20 ]
FE Sending UDP request ... @[ 2018/12/02 22:17:03 ]
FE Waiting for UDP Reply ... @[ 2018/12/02 22:17:03 ]
FE Server Initiated @[ 2018/12/02 22:23:42 ]
FE Running UDP Server
FE Running UDP Server => PORT : 1248 @[ 2018/12/02 22:23:42 ]