
COMP Server Initiated ... @[ 2018/11/22 17:16:54 ]
COMP Running UDP Server @[ 2018/11/22 17:16:54 ]
COMP Waiting for UDP request ... @[ 2018/11/22 17:16:54 ]
COMP Adding => comp1111 For => fall @[ 2018/11/22 17:17:26 ]
success @[ 2018/11/22 17:17:26 ]
COMP Adding => comp2222 For => winter @[ 2018/11/22 17:18:32 ]
success @[ 2018/11/22 17:18:32 ]
COMP Adding => comp3333 For => summer @[ 2018/11/22 17:18:49 ]
success @[ 2018/11/22 17:18:49 ]
COMP Waiting for UDP request Received... @[ 2018/11/22 17:19:23 ]
COMP Waiting for UDP request ... @[ 2018/11/22 17:19:23 ]
COMP Waiting for UDP request Received... @[ 2018/11/22 17:19:42 ]
COMP Waiting for UDP request ... @[ 2018/11/22 17:19:42 ]
COMP Waiting for UDP request Received... @[ 2018/11/22 17:20:07 ]
COMP Waiting for UDP request ... @[ 2018/11/22 17:20:07 ]
COMP Waiting for UDP request Received... @[ 2018/11/22 17:22:14 ]
COMP Waiting for UDP request ... @[ 2018/11/22 17:22:14 ]
COMP Server Initiated ... @[ 2018/11/23 14:51:17 ]
COMP Running UDP Server @[ 2018/11/23 14:51:17 ]
COMP Waiting for UDP request ... @[ 2018/11/23 14:51:17 ]
COMP Waiting for UDP request Received... @[ 2018/11/23 14:53:51 ]
COMP Waiting for UDP request ... @[ 2018/11/23 14:53:51 ]
COMP Waiting for UDP request Received... @[ 2018/11/23 14:53:57 ]
COMP Waiting for UDP request ... @[ 2018/11/23 14:53:57 ]
COMP Waiting for UDP request Received... @[ 2018/11/23 14:54:14 ]
COMP Waiting for UDP request ... @[ 2018/11/23 14:54:14 ]
COMP Waiting for UDP request Received... @[ 2018/11/23 14:54:17 ]
COMP Waiting for UDP request ... @[ 2018/11/23 14:54:17 ]
COMP Waiting for UDP request Received... @[ 2018/11/23 14:55:53 ]
COMP Waiting for UDP request ... @[ 2018/11/23 14:55:53 ]
COMP Waiting for UDP request Received... @[ 2018/11/23 14:55:57 ]
COMP Waiting for UDP request ... @[ 2018/11/23 14:55:57 ]
COMP Waiting for UDP request Received... @[ 2018/11/23 14:56:00 ]
COMP Waiting for UDP request ... @[ 2018/11/23 14:56:00 ]
Enrolling => COMPS1234 in => comp1111 for => fall @[ 2018/11/23 14:56:26 ]
Checking to see if COMPS1234 can take any course ... @[ 2018/11/23 14:56:26 ]
Trying to enrol the COMPS1234 in the comp1111 @[ 2018/11/23 14:56:26 ]
You have been enrolled Successfully !!! @[ 2018/11/23 14:56:26 ]
Getting schedule for => COMPS1234 @[ 2018/11/23 14:56:35 ]
fall - comp1111 winter - comp1111 summer - comp1111  @[ 2018/11/23 14:56:35 ]
Enrolling => COMPS1234 in => soen1111 for => fall @[ 2018/11/23 14:57:37 ]
COMP Sending UDP request ... @[ 2018/11/23 14:57:37 ]
COMP Waiting for UDP Reply ... @[ 2018/11/23 14:57:37 ]
Checking to see if COMPS1234 can take any course ... @[ 2018/11/23 14:57:37 ]
Trying to enrol the COMPS1234 in the soen1111 @[ 2018/11/23 14:57:37 ]
You have been enrolled Successfully !!! @[ 2018/11/23 14:57:37 ]
Enrolling => COMPS1234 in => inse1112 for => fall @[ 2018/11/23 14:57:58 ]
COMP Sending UDP request ... @[ 2018/11/23 14:57:58 ]
COMP Waiting for UDP Reply ... @[ 2018/11/23 14:57:58 ]
Checking to see if COMPS1234 can take any course ... @[ 2018/11/23 14:57:58 ]
Trying to enrol the COMPS1234 in the inse1112 @[ 2018/11/23 14:57:58 ]
You have been enrolled Successfully !!! @[ 2018/11/23 14:57:58 ]
Enrolling => COMPS1234 in => inse1111 for => winter @[ 2018/11/23 14:58:14 ]
You cannot take more than 3 courses / More than 2 from other departments !! @[ 2018/11/23 14:58:14 ]
Getting schedule for => COMPS1234 @[ 2018/11/23 16:14:25 ]
fall - comp1111 soen1111 inse1112 winter - comp1111 summer - comp1111  @[ 2018/11/23 16:14:25 ]
COMP Waiting for UDP request Received... @[ 2018/11/23 16:15:46 ]
COMP Waiting for UDP request ... @[ 2018/11/23 16:15:46 ]
COMP Waiting for UDP request Received... @[ 2018/11/23 16:16:03 ]
COMP Waiting for UDP request ... @[ 2018/11/23 16:16:03 ]
COMP Waiting for UDP request Received... @[ 2018/11/23 16:16:11 ]
COMP Waiting for UDP request ... @[ 2018/11/23 16:16:11 ]
Enrolling => COMPS1234 in => inse1112 for => fall @[ 2018/11/23 16:17:35 ]
COMP Sending UDP request ... @[ 2018/11/23 16:17:35 ]
COMP Waiting for UDP Reply ... @[ 2018/11/23 16:17:35 ]
Checking to see if COMPS1234 can take any course ... @[ 2018/11/23 16:17:35 ]
No space available OR the course doesnt exist in that semester !! @[ 2018/11/23 16:17:35 ]
Getting schedule for => COMPS1234 @[ 2018/11/23 16:17:41 ]
fall - winter - summer -  @[ 2018/11/23 16:17:41 ]
COMP Waiting for UDP request Received... @[ 2018/11/23 16:20:38 ]
COMP Waiting for UDP request ... @[ 2018/11/23 16:20:38 ]
COMP Waiting for UDP request Received... @[ 2018/11/23 16:20:42 ]
COMP Waiting for UDP request ... @[ 2018/11/23 16:20:42 ]
COMP Waiting for UDP request Received... @[ 2018/11/23 16:20:46 ]
COMP Waiting for UDP request ... @[ 2018/11/23 16:20:46 ]
COMP Waiting for UDP request Received... @[ 2018/11/23 16:31:20 ]
COMP Waiting for UDP request ... @[ 2018/11/23 16:31:20 ]
COMP Waiting for UDP request Received... @[ 2018/11/23 16:31:25 ]
COMP Waiting for UDP request ... @[ 2018/11/23 16:31:25 ]
COMP Waiting for UDP request Received... @[ 2018/11/23 16:31:28 ]
COMP Waiting for UDP request ... @[ 2018/11/23 16:31:28 ]
Getting schedule for => COMPS1234 @[ 2018/11/23 16:31:43 ]
fall - winter - summer -  @[ 2018/11/23 16:31:43 ]
Enrolling => COMPS1234 in => inse1111 for => fall @[ 2018/11/23 16:32:06 ]
COMP Sending UDP request ... @[ 2018/11/23 16:32:06 ]
COMP Waiting for UDP Reply ... @[ 2018/11/23 16:32:06 ]
Checking to see if COMPS1234 can take any course ... @[ 2018/11/23 16:32:06 ]
Trying to enrol the COMPS1234 in the inse1111 @[ 2018/11/23 16:32:06 ]
You have been enrolled Successfully !!! @[ 2018/11/23 16:32:06 ]
Getting schedule for => COMPS1234 @[ 2018/11/23 16:32:11 ]
fall - inse1111 winter - summer -  @[ 2018/11/23 16:32:11 ]
Enrolling => COMPS1234 in => comp1111 for => fall @[ 2018/11/23 16:32:31 ]
Checking to see if COMPS1234 can take any course ... @[ 2018/11/23 16:32:31 ]
Trying to enrol the COMPS1234 in the comp1111 @[ 2018/11/23 16:32:31 ]
You have been enrolled Successfully !!! @[ 2018/11/23 16:32:31 ]
Getting schedule for => COMPS1234 @[ 2018/11/23 16:32:35 ]
fall - inse1111 comp1111 winter - summer -  @[ 2018/11/23 16:32:35 ]
Enrolling => COMPS1234 in => comp1119 for => winter @[ 2018/11/23 16:32:53 ]
Checking to see if COMPS1234 can take any course ... @[ 2018/11/23 16:32:53 ]
No space available OR the course doesnt exist in that semester !! @[ 2018/11/23 16:32:53 ]
Getting schedule for => COMPS1234 @[ 2018/11/23 16:32:55 ]
fall - inse1111 comp1111 winter - summer -  @[ 2018/11/23 16:32:55 ]
Getting schedule for => COMPS1234 @[ 2018/11/23 16:32:58 ]
fall - inse1111 comp1111 winter - summer -  @[ 2018/11/23 16:32:58 ]
Enrolling => COMPS1234 in => soen1112 for => fall @[ 2018/11/23 16:33:11 ]
COMP Sending UDP request ... @[ 2018/11/23 16:33:11 ]
COMP Waiting for UDP Reply ... @[ 2018/11/23 16:33:11 ]
Checking to see if COMPS1234 can take any course ... @[ 2018/11/23 16:33:11 ]
Trying to enrol the COMPS1234 in the soen1112 @[ 2018/11/23 16:33:11 ]
You have been enrolled Successfully !!! @[ 2018/11/23 16:33:11 ]
Getting schedule for => COMPS1234 @[ 2018/11/23 16:33:14 ]
fall - inse1111 comp1111 soen1112 winter - summer -  @[ 2018/11/23 16:33:14 ]
Enrolling => COMPS1234 in => inse2222 for => winter @[ 2018/11/23 16:33:34 ]
You cannot take more than 3 courses / More than 2 from other departments !! @[ 2018/11/23 16:33:34 ]
Getting schedule for => COMPS1234 @[ 2018/11/23 16:33:38 ]
fall - inse1111 comp1111 soen1112 winter - summer -  @[ 2018/11/23 16:33:38 ]
Enrolling => COMPS1234 in => comp2222 for => winter @[ 2018/11/23 16:33:54 ]
Checking to see if COMPS1234 can take any course ... @[ 2018/11/23 16:33:54 ]
Trying to enrol the COMPS1234 in the comp2222 @[ 2018/11/23 16:33:54 ]
You have been enrolled Successfully !!! @[ 2018/11/23 16:33:54 ]
Getting schedule for => COMPS1234 @[ 2018/11/23 16:33:59 ]
fall - inse1111 comp1111 soen1112 winter - comp2222 summer -  @[ 2018/11/23 16:33:59 ]
COMP Waiting for UDP request Received... @[ 2018/11/23 16:35:11 ]
COMP Waiting for UDP request ... @[ 2018/11/23 16:35:11 ]
COMP Waiting for UDP request Received... @[ 2018/11/23 16:35:14 ]
COMP Waiting for UDP request ... @[ 2018/11/23 16:35:14 ]
COMP Waiting for UDP request Received... @[ 2018/11/23 16:35:17 ]
COMP Waiting for UDP request ... @[ 2018/11/23 16:35:17 ]
Swapping => comp1111 for => inse1112 for => fall @[ 2018/11/23 16:35:39 ]
You cannot take more than 3 courses / More than 2 from other departments !! @[ 2018/11/23 16:35:39 ]
Getting schedule for => COMPS1234 @[ 2018/11/23 16:35:50 ]
fall - inse1111 comp1111 soen1112 winter - comp2222 summer -  @[ 2018/11/23 16:35:50 ]
COMP Waiting for UDP request Received... @[ 2018/11/23 16:35:59 ]
COMP Waiting for UDP request ... @[ 2018/11/23 16:35:59 ]
COMP Waiting for UDP request Received... @[ 2018/11/23 16:36:01 ]
COMP Waiting for UDP request ... @[ 2018/11/23 16:36:01 ]
COMP Waiting for UDP request Received... @[ 2018/11/23 16:36:04 ]
COMP Waiting for UDP request ... @[ 2018/11/23 16:36:04 ]
Swapping => comp1111 for => comp1119 for => fall @[ 2018/11/23 16:37:12 ]
Enrolling => COMPS1234 in => comp1119 for => fall @[ 2018/11/23 16:37:12 ]
Checking to see if COMPS1234 can take any course ... @[ 2018/11/23 16:37:12 ]
Trying to enrol the COMPS1234 in the comp1119 @[ 2018/11/23 16:37:12 ]
You have been enrolled Successfully !!! @[ 2018/11/23 16:37:12 ]
You have been enrolled Successfully !!! @[ 2018/11/23 16:37:12 ]
Dropping => comp1111 for  => COMPS1234 @[ 2018/11/23 16:37:12 ]
Dropped Successfully !!! @[ 2018/11/23 16:37:12 ]
Dropped Successfully !!! @[ 2018/11/23 16:37:12 ]
Course has been Swapped Successfully !!! @[ 2018/11/23 16:37:12 ]
Getting schedule for => COMPS1234 @[ 2018/11/23 16:37:40 ]
fall - inse1111 soen1112 comp1119 winter - comp2222 summer -  @[ 2018/11/23 16:37:40 ]
COMP Waiting for UDP request Received... @[ 2018/11/23 16:37:55 ]
COMP Waiting for UDP request ... @[ 2018/11/23 16:37:55 ]
COMP Waiting for UDP request Received... @[ 2018/11/23 16:37:58 ]
COMP Waiting for UDP request ... @[ 2018/11/23 16:37:58 ]
COMP Waiting for UDP request Received... @[ 2018/11/23 16:38:02 ]
COMP Waiting for UDP request ... @[ 2018/11/23 16:38:02 ]
Swapping => inse1111 for => inse1112 for => fall @[ 2018/11/23 16:38:38 ]
Enrolling => COMPS1234 in => inse1112 for => fall @[ 2018/11/23 16:38:38 ]
COMP Sending UDP request ... @[ 2018/11/23 16:38:38 ]
COMP Waiting for UDP Reply ... @[ 2018/11/23 16:38:38 ]
Checking to see if COMPS1234 can take any course ... @[ 2018/11/23 16:38:39 ]
Trying to enrol the COMPS1234 in the inse1112 @[ 2018/11/23 16:38:39 ]
You have been enrolled Successfully !!! @[ 2018/11/23 16:38:39 ]
You have been enrolled Successfully !!! @[ 2018/11/23 16:38:39 ]
Dropping => inse1111 for  => COMPS1234 @[ 2018/11/23 16:38:39 ]
COMP Sending UDP request ... @[ 2018/11/23 16:38:39 ]
COMP Waiting for UDP Reply ... @[ 2018/11/23 16:38:39 ]
Dropped Successfully !!! @[ 2018/11/23 16:38:39 ]
Dropped Successfully !!! @[ 2018/11/23 16:38:39 ]
Course has been Swapped Successfully !!! @[ 2018/11/23 16:38:39 ]
COMP Waiting for UDP request Received... @[ 2018/11/23 16:38:48 ]
COMP Waiting for UDP request ... @[ 2018/11/23 16:38:48 ]
COMP Waiting for UDP request Received... @[ 2018/11/23 16:38:51 ]
COMP Waiting for UDP request ... @[ 2018/11/23 16:38:51 ]
COMP Waiting for UDP request Received... @[ 2018/11/23 16:38:54 ]
COMP Waiting for UDP request ... @[ 2018/11/23 16:38:54 ]
Getting schedule for => COMPS1234 @[ 2018/11/23 16:39:09 ]
fall - soen1112 comp1119 inse1112 winter - comp2222 summer -  @[ 2018/11/23 16:39:09 ]
COMP Server Initiated ... @[ 2018/11/23 16:49:56 ]
COMP Running UDP Server @[ 2018/11/23 16:49:57 ]
COMP Waiting for UDP request ... @[ 2018/11/23 16:49:57 ]
Course List for => fall @[ 2018/11/23 16:51:31 ]
Course List from => COMP @[ 2018/11/23 16:51:31 ]
Course List from => SOEN @[ 2018/11/23 16:51:31 ]
COMP Sending UDP request ... @[ 2018/11/23 16:51:31 ]
COMP Waiting for UDP Reply ... @[ 2018/11/23 16:51:31 ]
Course List from => INSE @[ 2018/11/23 16:51:31 ]
COMP Sending UDP request ... @[ 2018/11/23 16:51:31 ]
COMP Waiting for UDP Reply ... @[ 2018/11/23 16:51:31 ]
comp1111_9*comp1119_8=soen1111_9*soen1112_8=inse1111_1*inse1112_0 @[ 2018/11/23 16:51:31 ]
COMP Adding => comp1234 For => fall @[ 2018/11/23 16:51:31 ]
success @[ 2018/11/23 16:51:31 ]
COMP Adding => comp7676 For => fall @[ 2018/11/23 16:51:31 ]
success @[ 2018/11/23 16:51:31 ]
Course List for => fall @[ 2018/11/23 16:51:31 ]
Course List from => COMP @[ 2018/11/23 16:51:31 ]
Course List from => SOEN @[ 2018/11/23 16:51:31 ]
COMP Sending UDP request ... @[ 2018/11/23 16:51:31 ]
COMP Waiting for UDP Reply ... @[ 2018/11/23 16:51:31 ]
Course List from => INSE @[ 2018/11/23 16:51:31 ]
COMP Sending UDP request ... @[ 2018/11/23 16:51:31 ]
COMP Waiting for UDP Reply ... @[ 2018/11/23 16:51:31 ]
comp1111_9*comp1119_8*comp1234_20*comp7676_20=soen1111_9*soen1112_8=inse1111_1*inse1112_0 @[ 2018/11/23 16:51:31 ]
COMP Removing => comp7600 For => fall @[ 2018/11/23 16:51:31 ]
error @[ 2018/11/23 16:51:31 ]
COMP Removing => comp7676 For => fall @[ 2018/11/23 16:51:31 ]
Retrieving List of Students ...  @[ 2018/11/23 16:51:31 ]
success @[ 2018/11/23 16:51:31 ]
Course List for => fall @[ 2018/11/23 16:51:31 ]
Course List from => COMP @[ 2018/11/23 16:51:31 ]
Course List from => SOEN @[ 2018/11/23 16:51:31 ]
COMP Sending UDP request ... @[ 2018/11/23 16:51:31 ]
COMP Waiting for UDP Reply ... @[ 2018/11/23 16:51:31 ]
Course List from => INSE @[ 2018/11/23 16:51:31 ]
COMP Sending UDP request ... @[ 2018/11/23 16:51:31 ]
COMP Waiting for UDP Reply ... @[ 2018/11/23 16:51:31 ]
comp1111_9*comp1119_8*comp1234_20=soen1111_9*soen1112_8=inse1111_1*inse1112_0 @[ 2018/11/23 16:51:31 ]
Getting schedule for => comps1357 @[ 2018/11/23 16:51:31 ]
fall - winter - summer -  @[ 2018/11/23 16:51:31 ]
Enrolling => comps1357 in => comp9100 for => fall @[ 2018/11/23 16:51:31 ]
Checking to see if comps1357 can take any course ... @[ 2018/11/23 16:51:31 ]
No space available OR the course doesnt exist in that semester !! @[ 2018/11/23 16:51:31 ]
Enrolling => comps1357 in => comp1234 for => fall @[ 2018/11/23 16:51:31 ]
Checking to see if comps1357 can take any course ... @[ 2018/11/23 16:51:31 ]
Trying to enrol the comps1357 in the comp1234 @[ 2018/11/23 16:51:31 ]
You have been enrolled Successfully !!! @[ 2018/11/23 16:51:31 ]
Getting schedule for => comps1357 @[ 2018/11/23 16:51:31 ]
fall - comp1234 winter - summer -  @[ 2018/11/23 16:51:31 ]
Swapping => comp1234 for => comp1111 for => fall @[ 2018/11/23 16:51:31 ]
Enrolling => comps1357 in => comp1111 for => fall @[ 2018/11/23 16:51:31 ]
Checking to see if comps1357 can take any course ... @[ 2018/11/23 16:51:31 ]
Trying to enrol the comps1357 in the comp1111 @[ 2018/11/23 16:51:31 ]
You have been enrolled Successfully !!! @[ 2018/11/23 16:51:31 ]
You have been enrolled Successfully !!! @[ 2018/11/23 16:51:31 ]
Dropping => comp1234 for  => comps1357 @[ 2018/11/23 16:51:31 ]
Dropped Successfully !!! @[ 2018/11/23 16:51:31 ]
Dropped Successfully !!! @[ 2018/11/23 16:51:31 ]
Course has been Swapped Successfully !!! @[ 2018/11/23 16:51:31 ]
Getting schedule for => comps1357 @[ 2018/11/23 16:51:31 ]
fall - comp1111 winter - summer -  @[ 2018/11/23 16:51:31 ]
Enrolling => comps1357 in => soen1234 for => fall @[ 2018/11/23 16:51:31 ]
COMP Sending UDP request ... @[ 2018/11/23 16:51:31 ]
COMP Waiting for UDP Reply ... @[ 2018/11/23 16:51:31 ]
Checking to see if comps1357 can take any course ... @[ 2018/11/23 16:51:31 ]
No space available OR the course doesnt exist in that semester !! @[ 2018/11/23 16:51:31 ]
Getting schedule for => comps1357 @[ 2018/11/23 16:51:31 ]
fall - comp1111 winter - summer -  @[ 2018/11/23 16:51:31 ]
Dropping => comp9100 for  => comps1357 @[ 2018/11/23 16:51:31 ]
The course doesn't Exist !! @[ 2018/11/23 16:51:31 ]
Dropping => comp1234 for  => comps1357 @[ 2018/11/23 16:51:31 ]
The course doesn't Exist !! @[ 2018/11/23 16:51:31 ]
Getting schedule for => comps1357 @[ 2018/11/23 16:51:31 ]
fall - comp1111 winter - summer -  @[ 2018/11/23 16:51:31 ]
Dropping => soen1234 for  => comps1357 @[ 2018/11/23 16:51:32 ]
The course doesn't Exist !! @[ 2018/11/23 16:51:32 ]
Getting schedule for => comps1357 @[ 2018/11/23 16:51:32 ]
fall - comp1111 winter - summer -  @[ 2018/11/23 16:51:32 ]
Course List for => fall @[ 2018/11/23 17:12:38 ]
Course List from => COMP @[ 2018/11/23 17:12:38 ]
Course List from => SOEN @[ 2018/11/23 17:12:38 ]
COMP Sending UDP request ... @[ 2018/11/23 17:12:38 ]
COMP Waiting for UDP Reply ... @[ 2018/11/23 17:12:38 ]
Course List from => INSE @[ 2018/11/23 17:12:38 ]
COMP Sending UDP request ... @[ 2018/11/23 17:12:38 ]
COMP Waiting for UDP Reply ... @[ 2018/11/23 17:12:38 ]
error=error=error @[ 2018/11/23 17:12:38 ]
COMP Adding => comp1234 For => fall @[ 2018/11/23 17:12:38 ]
success @[ 2018/11/23 17:12:38 ]
COMP Adding => comp7676 For => fall @[ 2018/11/23 17:12:38 ]
success @[ 2018/11/23 17:12:38 ]
Course List for => fall @[ 2018/11/23 17:12:38 ]
Course List from => COMP @[ 2018/11/23 17:12:38 ]
Course List from => SOEN @[ 2018/11/23 17:12:38 ]
COMP Sending UDP request ... @[ 2018/11/23 17:12:38 ]
COMP Waiting for UDP Reply ... @[ 2018/11/23 17:12:38 ]
Course List from => INSE @[ 2018/11/23 17:12:38 ]
COMP Sending UDP request ... @[ 2018/11/23 17:12:38 ]
COMP Waiting for UDP Reply ... @[ 2018/11/23 17:12:38 ]
comp1234_20*comp7676_20=error=error @[ 2018/11/23 17:12:38 ]
COMP Removing => comp7600 For => fall @[ 2018/11/23 17:12:38 ]
error @[ 2018/11/23 17:12:38 ]
COMP Removing => comp7676 For => fall @[ 2018/11/23 17:12:38 ]
Retrieving List of Students ...  @[ 2018/11/23 17:12:38 ]
Retrieving List of Students ...  @[ 2018/11/23 17:12:38 ]
success @[ 2018/11/23 17:12:38 ]
Course List for => fall @[ 2018/11/23 17:12:38 ]
Course List from => COMP @[ 2018/11/23 17:12:38 ]
Course List from => SOEN @[ 2018/11/23 17:12:38 ]
COMP Sending UDP request ... @[ 2018/11/23 17:12:38 ]
COMP Waiting for UDP Reply ... @[ 2018/11/23 17:12:38 ]
Course List from => INSE @[ 2018/11/23 17:12:38 ]
COMP Sending UDP request ... @[ 2018/11/23 17:12:38 ]
COMP Waiting for UDP Reply ... @[ 2018/11/23 17:12:38 ]
comp1234_20=error=error @[ 2018/11/23 17:12:38 ]
Getting schedule for => comps1357 @[ 2018/11/23 17:12:38 ]
fall - comp1111 winter - summer -  @[ 2018/11/23 17:12:38 ]
Enrolling => comps1357 in => comp9100 for => fall @[ 2018/11/23 17:12:38 ]
Checking to see if comps1357 can take any course ... @[ 2018/11/23 17:12:38 ]
No space available OR the course doesnt exist in that semester !! @[ 2018/11/23 17:12:38 ]
Enrolling => comps1357 in => comp1234 for => fall @[ 2018/11/23 17:12:38 ]
Checking to see if comps1357 can take any course ... @[ 2018/11/23 17:12:38 ]
Trying to enrol the comps1357 in the comp1234 @[ 2018/11/23 17:12:38 ]
You have been enrolled Successfully !!! @[ 2018/11/23 17:12:38 ]
Getting schedule for => comps1357 @[ 2018/11/23 17:12:38 ]
fall - comp1111 comp1234 winter - summer -  @[ 2018/11/23 17:12:38 ]
Swapping => comp1234 for => comp1111 for => fall @[ 2018/11/23 17:12:38 ]
Enrolling => comps1357 in => comp1111 for => fall @[ 2018/11/23 17:12:38 ]
Checking to see if comps1357 can take any course ... @[ 2018/11/23 17:12:38 ]
No space available OR the course doesnt exist in that semester !! @[ 2018/11/23 17:12:38 ]
No space available OR the course doesnt exist in that semester !! @[ 2018/11/23 17:12:38 ]
Can not Enrole in  comp1111 !! @[ 2018/11/23 17:12:38 ]
Getting schedule for => comps1357 @[ 2018/11/23 17:12:38 ]
fall - comp1111 comp1234 winter - summer -  @[ 2018/11/23 17:12:38 ]
Enrolling => comps1357 in => soen1234 for => fall @[ 2018/11/23 17:12:38 ]
COMP Sending UDP request ... @[ 2018/11/23 17:12:38 ]
COMP Waiting for UDP Reply ... @[ 2018/11/23 17:12:38 ]
Checking to see if comps1357 can take any course ... @[ 2018/11/23 17:12:38 ]
No space available OR the course doesnt exist in that semester !! @[ 2018/11/23 17:12:38 ]
Getting schedule for => comps1357 @[ 2018/11/23 17:12:38 ]
fall - comp1111 comp1234 winter - summer -  @[ 2018/11/23 17:12:38 ]
Dropping => comp9100 for  => comps1357 @[ 2018/11/23 17:12:38 ]
The course doesn't Exist !! @[ 2018/11/23 17:12:38 ]
Dropping => comp1234 for  => comps1357 @[ 2018/11/23 17:12:38 ]
Dropped Successfully !!! @[ 2018/11/23 17:12:38 ]
Getting schedule for => comps1357 @[ 2018/11/23 17:12:38 ]
fall - comp1111 winter - summer -  @[ 2018/11/23 17:12:38 ]
Dropping => soen1234 for  => comps1357 @[ 2018/11/23 17:12:39 ]
The course doesn't Exist !! @[ 2018/11/23 17:12:39 ]
Getting schedule for => comps1357 @[ 2018/11/23 17:12:39 ]
fall - comp1111 winter - summer -  @[ 2018/11/23 17:12:39 ]
Course List for => fall @[ 2018/11/23 17:15:56 ]
Course List from => COMP @[ 2018/11/23 17:15:56 ]
Course List from => SOEN @[ 2018/11/23 17:15:56 ]
COMP Sending UDP request ... @[ 2018/11/23 17:15:56 ]
COMP Waiting for UDP Reply ... @[ 2018/11/23 17:15:56 ]
Course List from => INSE @[ 2018/11/23 17:15:56 ]
COMP Sending UDP request ... @[ 2018/11/23 17:15:56 ]
COMP Waiting for UDP Reply ... @[ 2018/11/23 17:15:56 ]
error=error=error @[ 2018/11/23 17:15:56 ]
COMP Adding => comp1234 For => fall @[ 2018/11/23 17:15:56 ]
success @[ 2018/11/23 17:15:56 ]
COMP Adding => comp7676 For => fall @[ 2018/11/23 17:15:56 ]
success @[ 2018/11/23 17:15:56 ]
COMP Adding => comp1111 For => fall @[ 2018/11/23 17:15:56 ]
success @[ 2018/11/23 17:15:56 ]
Course List for => fall @[ 2018/11/23 17:15:57 ]
Course List from => COMP @[ 2018/11/23 17:15:57 ]
Course List from => SOEN @[ 2018/11/23 17:15:57 ]
COMP Sending UDP request ... @[ 2018/11/23 17:15:57 ]
COMP Waiting for UDP Reply ... @[ 2018/11/23 17:15:57 ]
Course List from => INSE @[ 2018/11/23 17:15:57 ]
COMP Sending UDP request ... @[ 2018/11/23 17:15:57 ]
COMP Waiting for UDP Reply ... @[ 2018/11/23 17:15:57 ]
comp1234_20*comp7676_20*comp1111_20=error=error @[ 2018/11/23 17:15:57 ]
COMP Removing => comp7600 For => fall @[ 2018/11/23 17:15:57 ]
error @[ 2018/11/23 17:15:57 ]
COMP Removing => comp7676 For => fall @[ 2018/11/23 17:15:57 ]
success @[ 2018/11/23 17:15:57 ]
Course List for => fall @[ 2018/11/23 17:15:57 ]
Course List from => COMP @[ 2018/11/23 17:15:57 ]
Course List from => SOEN @[ 2018/11/23 17:15:57 ]
COMP Sending UDP request ... @[ 2018/11/23 17:15:57 ]
COMP Waiting for UDP Reply ... @[ 2018/11/23 17:15:57 ]
Course List from => INSE @[ 2018/11/23 17:15:57 ]
COMP Sending UDP request ... @[ 2018/11/23 17:15:57 ]
COMP Waiting for UDP Reply ... @[ 2018/11/23 17:15:57 ]
comp1234_20*comp1111_20=error=error @[ 2018/11/23 17:15:57 ]
Getting schedule for => comps1357 @[ 2018/11/23 17:15:57 ]
fall - winter - summer -  @[ 2018/11/23 17:15:57 ]
Enrolling => comps1357 in => comp9100 for => fall @[ 2018/11/23 17:15:57 ]
Checking to see if comps1357 can take any course ... @[ 2018/11/23 17:15:57 ]
No space available OR the course doesnt exist in that semester !! @[ 2018/11/23 17:15:57 ]
Enrolling => comps1357 in => comp1234 for => fall @[ 2018/11/23 17:15:57 ]
Checking to see if comps1357 can take any course ... @[ 2018/11/23 17:15:57 ]
Trying to enrol the comps1357 in the comp1234 @[ 2018/11/23 17:15:57 ]
You have been enrolled Successfully !!! @[ 2018/11/23 17:15:57 ]
Getting schedule for => comps1357 @[ 2018/11/23 17:15:57 ]
fall - comp1234 winter - summer -  @[ 2018/11/23 17:15:57 ]
Swapping => comp1234 for => comp1111 for => fall @[ 2018/11/23 17:15:57 ]
Enrolling => comps1357 in => comp1111 for => fall @[ 2018/11/23 17:15:57 ]
Checking to see if comps1357 can take any course ... @[ 2018/11/23 17:15:57 ]
Trying to enrol the comps1357 in the comp1111 @[ 2018/11/23 17:15:57 ]
You have been enrolled Successfully !!! @[ 2018/11/23 17:15:57 ]
You have been enrolled Successfully !!! @[ 2018/11/23 17:15:57 ]
Dropping => comp1234 for  => comps1357 @[ 2018/11/23 17:15:57 ]
Dropped Successfully !!! @[ 2018/11/23 17:15:57 ]
Dropped Successfully !!! @[ 2018/11/23 17:15:57 ]
Course has been Swapped Successfully !!! @[ 2018/11/23 17:15:57 ]
Getting schedule for => comps1357 @[ 2018/11/23 17:15:57 ]
fall - comp1111 winter - summer -  @[ 2018/11/23 17:15:57 ]
Enrolling => comps1357 in => soen1234 for => fall @[ 2018/11/23 17:15:57 ]
COMP Sending UDP request ... @[ 2018/11/23 17:15:57 ]
COMP Waiting for UDP Reply ... @[ 2018/11/23 17:15:57 ]
Checking to see if comps1357 can take any course ... @[ 2018/11/23 17:15:57 ]
No space available OR the course doesnt exist in that semester !! @[ 2018/11/23 17:15:57 ]
Getting schedule for => comps1357 @[ 2018/11/23 17:15:57 ]
fall - comp1111 winter - summer -  @[ 2018/11/23 17:15:57 ]
Dropping => comp9100 for  => comps1357 @[ 2018/11/23 17:15:58 ]
The course doesn't Exist !! @[ 2018/11/23 17:15:58 ]
Dropping => comp1234 for  => comps1357 @[ 2018/11/23 17:15:58 ]
The course doesn't Exist !! @[ 2018/11/23 17:15:58 ]
Getting schedule for => comps1357 @[ 2018/11/23 17:15:58 ]
fall - comp1111 winter - summer -  @[ 2018/11/23 17:15:58 ]
Dropping => soen1234 for  => comps1357 @[ 2018/11/23 17:15:58 ]
The course doesn't Exist !! @[ 2018/11/23 17:15:58 ]
Getting schedule for => comps1357 @[ 2018/11/23 17:15:58 ]
fall - comp1111 winter - summer -  @[ 2018/11/23 17:15:58 ]
Course List for => fall @[ 2018/11/23 17:20:38 ]
Course List from => COMP @[ 2018/11/23 17:20:38 ]
Course List from => SOEN @[ 2018/11/23 17:20:38 ]
COMP Sending UDP request ... @[ 2018/11/23 17:20:38 ]
COMP Waiting for UDP Reply ... @[ 2018/11/23 17:20:38 ]
Course List from => INSE @[ 2018/11/23 17:20:38 ]
COMP Sending UDP request ... @[ 2018/11/23 17:20:38 ]
COMP Waiting for UDP Reply ... @[ 2018/11/23 17:20:38 ]
error=error=error @[ 2018/11/23 17:20:38 ]
COMP Adding => comp1234 For => fall @[ 2018/11/23 17:20:38 ]
success @[ 2018/11/23 17:20:38 ]
COMP Adding => comp7676 For => fall @[ 2018/11/23 17:20:38 ]
success @[ 2018/11/23 17:20:38 ]
COMP Adding => comp1111 For => fall @[ 2018/11/23 17:20:38 ]
success @[ 2018/11/23 17:20:38 ]
Course List for => fall @[ 2018/11/23 17:20:38 ]
Course List from => COMP @[ 2018/11/23 17:20:38 ]
Course List from => SOEN @[ 2018/11/23 17:20:38 ]
COMP Sending UDP request ... @[ 2018/11/23 17:20:38 ]
COMP Waiting for UDP Reply ... @[ 2018/11/23 17:20:38 ]
Course List from => INSE @[ 2018/11/23 17:20:38 ]
COMP Sending UDP request ... @[ 2018/11/23 17:20:38 ]
COMP Waiting for UDP Reply ... @[ 2018/11/23 17:20:38 ]
comp1234_20*comp7676_20*comp1111_20=error=error @[ 2018/11/23 17:20:38 ]
COMP Removing => comp7600 For => fall @[ 2018/11/23 17:20:38 ]
error @[ 2018/11/23 17:20:38 ]
COMP Removing => comp7676 For => fall @[ 2018/11/23 17:20:38 ]
success @[ 2018/11/23 17:20:38 ]
Course List for => fall @[ 2018/11/23 17:20:38 ]
Course List from => COMP @[ 2018/11/23 17:20:38 ]
Course List from => SOEN @[ 2018/11/23 17:20:38 ]
COMP Sending UDP request ... @[ 2018/11/23 17:20:38 ]
COMP Waiting for UDP Reply ... @[ 2018/11/23 17:20:38 ]
Course List from => INSE @[ 2018/11/23 17:20:38 ]
COMP Sending UDP request ... @[ 2018/11/23 17:20:38 ]
COMP Waiting for UDP Reply ... @[ 2018/11/23 17:20:38 ]
comp1234_20*comp1111_20=error=error @[ 2018/11/23 17:20:38 ]
Getting schedule for => comps1357 @[ 2018/11/23 17:20:38 ]
fall - winter - summer -  @[ 2018/11/23 17:20:38 ]
Enrolling => comps1357 in => comp9100 for => fall @[ 2018/11/23 17:20:38 ]
Checking to see if comps1357 can take any course ... @[ 2018/11/23 17:20:38 ]
No space available OR the course doesnt exist in that semester !! @[ 2018/11/23 17:20:38 ]
Enrolling => comps1357 in => comp1234 for => fall @[ 2018/11/23 17:20:39 ]
Checking to see if comps1357 can take any course ... @[ 2018/11/23 17:20:39 ]
Trying to enrol the comps1357 in the comp1234 @[ 2018/11/23 17:20:39 ]
You have been enrolled Successfully !!! @[ 2018/11/23 17:20:39 ]
Getting schedule for => comps1357 @[ 2018/11/23 17:20:39 ]
fall - comp1234 winter - summer -  @[ 2018/11/23 17:20:39 ]
Swapping => comp1234 for => comp1111 for => fall @[ 2018/11/23 17:20:39 ]
Enrolling => comps1357 in => comp1111 for => fall @[ 2018/11/23 17:20:39 ]
Checking to see if comps1357 can take any course ... @[ 2018/11/23 17:20:39 ]
Trying to enrol the comps1357 in the comp1111 @[ 2018/11/23 17:20:39 ]
You have been enrolled Successfully !!! @[ 2018/11/23 17:20:39 ]
You have been enrolled Successfully !!! @[ 2018/11/23 17:20:39 ]
Dropping => comp1234 for  => comps1357 @[ 2018/11/23 17:20:39 ]
Dropped Successfully !!! @[ 2018/11/23 17:20:39 ]
Dropped Successfully !!! @[ 2018/11/23 17:20:39 ]
Course has been Swapped Successfully !!! @[ 2018/11/23 17:20:39 ]
Getting schedule for => comps1357 @[ 2018/11/23 17:20:39 ]
fall - comp1111 winter - summer -  @[ 2018/11/23 17:20:39 ]
Enrolling => comps1357 in => soen1234 for => fall @[ 2018/11/23 17:20:39 ]
COMP Sending UDP request ... @[ 2018/11/23 17:20:39 ]
COMP Waiting for UDP Reply ... @[ 2018/11/23 17:20:39 ]
Checking to see if comps1357 can take any course ... @[ 2018/11/23 17:20:39 ]
No space available OR the course doesnt exist in that semester !! @[ 2018/11/23 17:20:39 ]
Getting schedule for => comps1357 @[ 2018/11/23 17:20:39 ]
fall - comp1111 winter - summer -  @[ 2018/11/23 17:20:39 ]
Dropping => comp9100 for  => comps1357 @[ 2018/11/23 17:20:39 ]
The course doesn't Exist !! @[ 2018/11/23 17:20:39 ]
Dropping => comp1234 for  => comps1357 @[ 2018/11/23 17:20:39 ]
The course doesn't Exist !! @[ 2018/11/23 17:20:39 ]
Getting schedule for => comps1357 @[ 2018/11/23 17:20:39 ]
fall - comp1111 winter - summer -  @[ 2018/11/23 17:20:39 ]
Dropping => soen1234 for  => comps1357 @[ 2018/11/23 17:20:39 ]
The course doesn't Exist !! @[ 2018/11/23 17:20:39 ]
Getting schedule for => comps1357 @[ 2018/11/23 17:20:39 ]
fall - comp1111 winter - summer -  @[ 2018/11/23 17:20:39 ]
Course List for => fall @[ 2018/11/23 17:22:01 ]
Course List from => COMP @[ 2018/11/23 17:22:01 ]
Course List from => SOEN @[ 2018/11/23 17:22:01 ]
COMP Sending UDP request ... @[ 2018/11/23 17:22:01 ]
COMP Waiting for UDP Reply ... @[ 2018/11/23 17:22:01 ]
Course List from => INSE @[ 2018/11/23 17:22:01 ]
COMP Sending UDP request ... @[ 2018/11/23 17:22:01 ]
COMP Waiting for UDP Reply ... @[ 2018/11/23 17:22:01 ]
error=error=error @[ 2018/11/23 17:22:01 ]
COMP Adding => comp1234 For => fall @[ 2018/11/23 17:22:01 ]
success @[ 2018/11/23 17:22:01 ]
COMP Adding => comp7676 For => fall @[ 2018/11/23 17:22:01 ]
success @[ 2018/11/23 17:22:01 ]
COMP Adding => comp1111 For => fall @[ 2018/11/23 17:22:01 ]
success @[ 2018/11/23 17:22:01 ]
Course List for => fall @[ 2018/11/23 17:22:01 ]
Course List from => COMP @[ 2018/11/23 17:22:01 ]
Course List from => SOEN @[ 2018/11/23 17:22:01 ]
COMP Sending UDP request ... @[ 2018/11/23 17:22:01 ]
COMP Waiting for UDP Reply ... @[ 2018/11/23 17:22:01 ]
Course List from => INSE @[ 2018/11/23 17:22:01 ]
COMP Sending UDP request ... @[ 2018/11/23 17:22:01 ]
COMP Waiting for UDP Reply ... @[ 2018/11/23 17:22:01 ]
comp1234_20*comp7676_20*comp1111_20=error=error @[ 2018/11/23 17:22:01 ]
COMP Removing => comp7600 For => fall @[ 2018/11/23 17:22:01 ]
error @[ 2018/11/23 17:22:01 ]
COMP Removing => comp7676 For => fall @[ 2018/11/23 17:22:01 ]
success @[ 2018/11/23 17:22:01 ]
Course List for => fall @[ 2018/11/23 17:22:01 ]
Course List from => COMP @[ 2018/11/23 17:22:01 ]
Course List from => SOEN @[ 2018/11/23 17:22:01 ]
COMP Sending UDP request ... @[ 2018/11/23 17:22:01 ]
COMP Waiting for UDP Reply ... @[ 2018/11/23 17:22:01 ]
Course List from => INSE @[ 2018/11/23 17:22:01 ]
COMP Sending UDP request ... @[ 2018/11/23 17:22:01 ]
COMP Waiting for UDP Reply ... @[ 2018/11/23 17:22:01 ]
comp1234_20*comp1111_20=error=error @[ 2018/11/23 17:22:01 ]
Getting schedule for => comps1357 @[ 2018/11/23 17:22:01 ]
fall - winter - summer -  @[ 2018/11/23 17:22:01 ]
Enrolling => comps1357 in => comp9100 for => fall @[ 2018/11/23 17:22:01 ]
Checking to see if comps1357 can take any course ... @[ 2018/11/23 17:22:01 ]
No space available OR the course doesnt exist in that semester !! @[ 2018/11/23 17:22:01 ]
Enrolling => comps1357 in => comp1234 for => fall @[ 2018/11/23 17:22:01 ]
Checking to see if comps1357 can take any course ... @[ 2018/11/23 17:22:01 ]
Trying to enrol the comps1357 in the comp1234 @[ 2018/11/23 17:22:01 ]
You have been enrolled Successfully !!! @[ 2018/11/23 17:22:01 ]
Getting schedule for => comps1357 @[ 2018/11/23 17:22:01 ]
fall - comp1234 winter - summer -  @[ 2018/11/23 17:22:01 ]
Swapping => comp1234 for => comp1111 for => fall @[ 2018/11/23 17:22:02 ]
Enrolling => comps1357 in => comp1111 for => fall @[ 2018/11/23 17:22:02 ]
Checking to see if comps1357 can take any course ... @[ 2018/11/23 17:22:02 ]
Trying to enrol the comps1357 in the comp1111 @[ 2018/11/23 17:22:02 ]
You have been enrolled Successfully !!! @[ 2018/11/23 17:22:02 ]
You have been enrolled Successfully !!! @[ 2018/11/23 17:22:02 ]
Dropping => comp1234 for  => comps1357 @[ 2018/11/23 17:22:02 ]
Dropped Successfully !!! @[ 2018/11/23 17:22:02 ]
Dropped Successfully !!! @[ 2018/11/23 17:22:02 ]
Course has been Swapped Successfully !!! @[ 2018/11/23 17:22:02 ]
Getting schedule for => comps1357 @[ 2018/11/23 17:22:02 ]
fall - comp1111 winter - summer -  @[ 2018/11/23 17:22:02 ]
Enrolling => comps1357 in => soen1234 for => fall @[ 2018/11/23 17:22:02 ]
COMP Sending UDP request ... @[ 2018/11/23 17:22:02 ]
COMP Waiting for UDP Reply ... @[ 2018/11/23 17:22:02 ]
Checking to see if comps1357 can take any course ... @[ 2018/11/23 17:22:02 ]
No space available OR the course doesnt exist in that semester !! @[ 2018/11/23 17:22:02 ]
Getting schedule for => comps1357 @[ 2018/11/23 17:22:02 ]
fall - comp1111 winter - summer -  @[ 2018/11/23 17:22:02 ]
Dropping => comp9100 for  => comps1357 @[ 2018/11/23 17:22:02 ]
The course doesn't Exist !! @[ 2018/11/23 17:22:02 ]
Dropping => comp1111 for  => comps1357 @[ 2018/11/23 17:22:02 ]
Dropped Successfully !!! @[ 2018/11/23 17:22:02 ]
Getting schedule for => comps1357 @[ 2018/11/23 17:22:02 ]
fall - winter - summer -  @[ 2018/11/23 17:22:02 ]
Dropping => soen1234 for  => comps1357 @[ 2018/11/23 17:22:02 ]
The course doesn't Exist !! @[ 2018/11/23 17:22:02 ]
Getting schedule for => comps1357 @[ 2018/11/23 17:22:02 ]
fall - winter - summer -  @[ 2018/11/23 17:22:02 ]