
INSE Server Initiated ... @[ 2018/11/22 17:16:54 ]
INSE Running UDP Server @[ 2018/11/22 17:16:54 ]
INSE Waiting for UDP request ... @[ 2018/11/22 17:16:54 ]
INSE Waiting for UDP request Received... @[ 2018/11/22 17:19:23 ]
INSE Waiting for UDP request ... @[ 2018/11/22 17:19:23 ]
INSE Waiting for UDP request Received... @[ 2018/11/22 17:19:42 ]
INSE Waiting for UDP request ... @[ 2018/11/22 17:19:42 ]
INSE Waiting for UDP request Received... @[ 2018/11/22 17:20:07 ]
INSE Waiting for UDP request ... @[ 2018/11/22 17:20:07 ]
INSE Waiting for UDP request Received... @[ 2018/11/22 17:22:14 ]
INSE Waiting for UDP request ... @[ 2018/11/22 17:22:14 ]
INSE Server Initiated ... @[ 2018/11/23 14:51:17 ]
INSE Running UDP Server @[ 2018/11/23 14:51:17 ]
INSE Waiting for UDP request ... @[ 2018/11/23 14:51:17 ]
Course List for => fall @[ 2018/11/23 14:53:51 ]
Course List from => INSE @[ 2018/11/23 14:53:51 ]
Course List from => COMP @[ 2018/11/23 14:53:51 ]
INSE Sending UDP request ... @[ 2018/11/23 14:53:51 ]
INSE Waiting for UDP Reply ... @[ 2018/11/23 14:53:51 ]
Course List from => SOEN @[ 2018/11/23 14:53:51 ]
INSE Sending UDP request ... @[ 2018/11/23 14:53:51 ]
INSE Waiting for UDP Reply ... @[ 2018/11/23 14:53:51 ]
error=comp1111_10=soen1111_10 @[ 2018/11/23 14:53:51 ]
Course List for => fall @[ 2018/11/23 14:53:57 ]
Course List from => INSE @[ 2018/11/23 14:53:57 ]
Course List from => COMP @[ 2018/11/23 14:53:57 ]
INSE Sending UDP request ... @[ 2018/11/23 14:53:57 ]
INSE Waiting for UDP Reply ... @[ 2018/11/23 14:53:57 ]
Course List from => SOEN @[ 2018/11/23 14:53:57 ]
INSE Sending UDP request ... @[ 2018/11/23 14:53:57 ]
INSE Waiting for UDP Reply ... @[ 2018/11/23 14:53:57 ]
error=comp1111_10=soen1111_10 @[ 2018/11/23 14:53:57 ]
Course List for => winter @[ 2018/11/23 14:54:13 ]
Course List from => INSE @[ 2018/11/23 14:54:13 ]
Course List from => COMP @[ 2018/11/23 14:54:14 ]
INSE Sending UDP request ... @[ 2018/11/23 14:54:14 ]
INSE Waiting for UDP Reply ... @[ 2018/11/23 14:54:14 ]
Course List from => SOEN @[ 2018/11/23 14:54:14 ]
INSE Sending UDP request ... @[ 2018/11/23 14:54:14 ]
INSE Waiting for UDP Reply ... @[ 2018/11/23 14:54:14 ]
error=comp2222_10=soen2222_10 @[ 2018/11/23 14:54:14 ]
Course List for => summer @[ 2018/11/23 14:54:17 ]
Course List from => INSE @[ 2018/11/23 14:54:17 ]
Course List from => COMP @[ 2018/11/23 14:54:17 ]
INSE Sending UDP request ... @[ 2018/11/23 14:54:17 ]
INSE Waiting for UDP Reply ... @[ 2018/11/23 14:54:17 ]
Course List from => SOEN @[ 2018/11/23 14:54:17 ]
INSE Sending UDP request ... @[ 2018/11/23 14:54:17 ]
INSE Waiting for UDP Reply ... @[ 2018/11/23 14:54:17 ]
error=comp3333_10=soen3333_10 @[ 2018/11/23 14:54:17 ]
INSE Adding => inse1111 For => fall @[ 2018/11/23 14:54:42 ]
success @[ 2018/11/23 14:54:42 ]
INSE Adding => inse1112 For => fall @[ 2018/11/23 14:54:59 ]
success @[ 2018/11/23 14:54:59 ]
INSE Adding => inse2222 For => winter @[ 2018/11/23 14:55:36 ]
success @[ 2018/11/23 14:55:36 ]
INSE Adding => inse3333 For => winter @[ 2018/11/23 14:55:48 ]
success @[ 2018/11/23 14:55:48 ]
Course List for => fall @[ 2018/11/23 14:55:53 ]
Course List from => INSE @[ 2018/11/23 14:55:53 ]
Course List from => COMP @[ 2018/11/23 14:55:53 ]
INSE Sending UDP request ... @[ 2018/11/23 14:55:53 ]
INSE Waiting for UDP Reply ... @[ 2018/11/23 14:55:53 ]
Course List from => SOEN @[ 2018/11/23 14:55:53 ]
INSE Sending UDP request ... @[ 2018/11/23 14:55:53 ]
INSE Waiting for UDP Reply ... @[ 2018/11/23 14:55:53 ]
inse1111_10*inse1112_1=comp1111_10=soen1111_10 @[ 2018/11/23 14:55:53 ]
Course List for => winter @[ 2018/11/23 14:55:57 ]
Course List from => INSE @[ 2018/11/23 14:55:57 ]
Course List from => COMP @[ 2018/11/23 14:55:57 ]
INSE Sending UDP request ... @[ 2018/11/23 14:55:57 ]
INSE Waiting for UDP Reply ... @[ 2018/11/23 14:55:57 ]
Course List from => SOEN @[ 2018/11/23 14:55:57 ]
INSE Sending UDP request ... @[ 2018/11/23 14:55:57 ]
INSE Waiting for UDP Reply ... @[ 2018/11/23 14:55:57 ]
inse2222_2*inse3333_10=comp2222_10=soen2222_10 @[ 2018/11/23 14:55:57 ]
Course List for => summer @[ 2018/11/23 14:56:00 ]
Course List from => INSE @[ 2018/11/23 14:56:00 ]
Course List from => COMP @[ 2018/11/23 14:56:00 ]
INSE Sending UDP request ... @[ 2018/11/23 14:56:00 ]
INSE Waiting for UDP Reply ... @[ 2018/11/23 14:56:00 ]
Course List from => SOEN @[ 2018/11/23 14:56:00 ]
INSE Sending UDP request ... @[ 2018/11/23 14:56:00 ]
INSE Waiting for UDP Reply ... @[ 2018/11/23 14:56:00 ]
error=comp3333_10=soen3333_10 @[ 2018/11/23 14:56:00 ]
INSE Waiting for UDP request Received... @[ 2018/11/23 14:57:58 ]
INSE Waiting for UDP request ... @[ 2018/11/23 14:57:58 ]
Course List for => fall @[ 2018/11/23 16:15:46 ]
Course List from => INSE @[ 2018/11/23 16:15:46 ]
Course List from => COMP @[ 2018/11/23 16:15:46 ]
INSE Sending UDP request ... @[ 2018/11/23 16:15:46 ]
INSE Waiting for UDP Reply ... @[ 2018/11/23 16:15:46 ]
Course List from => SOEN @[ 2018/11/23 16:15:46 ]
INSE Sending UDP request ... @[ 2018/11/23 16:15:46 ]
INSE Waiting for UDP Reply ... @[ 2018/11/23 16:15:46 ]
inse1111_10*inse1112_0=comp1111_9=soen1111_9 @[ 2018/11/23 16:15:46 ]
Course List for => winter @[ 2018/11/23 16:16:03 ]
Course List from => INSE @[ 2018/11/23 16:16:03 ]
Course List from => COMP @[ 2018/11/23 16:16:03 ]
INSE Sending UDP request ... @[ 2018/11/23 16:16:03 ]
INSE Waiting for UDP Reply ... @[ 2018/11/23 16:16:03 ]
Course List from => SOEN @[ 2018/11/23 16:16:03 ]
INSE Sending UDP request ... @[ 2018/11/23 16:16:03 ]
INSE Waiting for UDP Reply ... @[ 2018/11/23 16:16:03 ]
inse2222_2*inse3333_10=comp2222_10=soen2222_10 @[ 2018/11/23 16:16:03 ]
Course List for => summer @[ 2018/11/23 16:16:11 ]
Course List from => INSE @[ 2018/11/23 16:16:11 ]
Course List from => COMP @[ 2018/11/23 16:16:11 ]
INSE Sending UDP request ... @[ 2018/11/23 16:16:11 ]
INSE Waiting for UDP Reply ... @[ 2018/11/23 16:16:11 ]
Course List from => SOEN @[ 2018/11/23 16:16:11 ]
INSE Sending UDP request ... @[ 2018/11/23 16:16:11 ]
INSE Waiting for UDP Reply ... @[ 2018/11/23 16:16:11 ]
error=comp3333_10=soen3333_10 @[ 2018/11/23 16:16:11 ]
INSE Waiting for UDP request Received... @[ 2018/11/23 16:17:35 ]
INSE Waiting for UDP request ... @[ 2018/11/23 16:17:35 ]
Course List for => fall @[ 2018/11/23 16:20:38 ]
Course List from => INSE @[ 2018/11/23 16:20:38 ]
Course List from => COMP @[ 2018/11/23 16:20:38 ]
INSE Sending UDP request ... @[ 2018/11/23 16:20:38 ]
INSE Waiting for UDP Reply ... @[ 2018/11/23 16:20:38 ]
Course List from => SOEN @[ 2018/11/23 16:20:38 ]
INSE Sending UDP request ... @[ 2018/11/23 16:20:38 ]
INSE Waiting for UDP Reply ... @[ 2018/11/23 16:20:38 ]
inse1111_1*inse1112_1=comp1111_9*comp1119_9=soen1111_9*soen1112_9 @[ 2018/11/23 16:20:38 ]
Course List for => winter @[ 2018/11/23 16:20:42 ]
Course List from => INSE @[ 2018/11/23 16:20:42 ]
Course List from => COMP @[ 2018/11/23 16:20:42 ]
INSE Sending UDP request ... @[ 2018/11/23 16:20:42 ]
INSE Waiting for UDP Reply ... @[ 2018/11/23 16:20:42 ]
Course List from => SOEN @[ 2018/11/23 16:20:42 ]
INSE Sending UDP request ... @[ 2018/11/23 16:20:42 ]
INSE Waiting for UDP Reply ... @[ 2018/11/23 16:20:42 ]
inse2222_2*inse3333_10=comp2222_10=soen2222_10*soen2225_10 @[ 2018/11/23 16:20:42 ]
Course List for => summer @[ 2018/11/23 16:20:46 ]
Course List from => INSE @[ 2018/11/23 16:20:46 ]
Course List from => COMP @[ 2018/11/23 16:20:46 ]
INSE Sending UDP request ... @[ 2018/11/23 16:20:46 ]
INSE Waiting for UDP Reply ... @[ 2018/11/23 16:20:46 ]
Course List from => SOEN @[ 2018/11/23 16:20:46 ]
INSE Sending UDP request ... @[ 2018/11/23 16:20:46 ]
INSE Waiting for UDP Reply ... @[ 2018/11/23 16:20:46 ]
error=comp3333_10*comp3336_10=soen3333_10*soen3334_10 @[ 2018/11/23 16:20:46 ]
Course List for => fall @[ 2018/11/23 16:31:20 ]
Course List from => INSE @[ 2018/11/23 16:31:20 ]
Course List from => COMP @[ 2018/11/23 16:31:20 ]
INSE Sending UDP request ... @[ 2018/11/23 16:31:20 ]
INSE Waiting for UDP Reply ... @[ 2018/11/23 16:31:20 ]
Course List from => SOEN @[ 2018/11/23 16:31:20 ]
INSE Sending UDP request ... @[ 2018/11/23 16:31:20 ]
INSE Waiting for UDP Reply ... @[ 2018/11/23 16:31:20 ]
inse1111_1*inse1112_1=comp1111_9*comp1119_9=soen1111_9*soen1112_9 @[ 2018/11/23 16:31:21 ]
Course List for => winter @[ 2018/11/23 16:31:25 ]
Course List from => INSE @[ 2018/11/23 16:31:25 ]
Course List from => COMP @[ 2018/11/23 16:31:25 ]
INSE Sending UDP request ... @[ 2018/11/23 16:31:25 ]
INSE Waiting for UDP Reply ... @[ 2018/11/23 16:31:25 ]
Course List from => SOEN @[ 2018/11/23 16:31:25 ]
INSE Sending UDP request ... @[ 2018/11/23 16:31:25 ]
INSE Waiting for UDP Reply ... @[ 2018/11/23 16:31:25 ]
inse2222_2*inse3333_10=comp2222_10=soen2222_10*soen2225_10 @[ 2018/11/23 16:31:25 ]
Course List for => summer @[ 2018/11/23 16:31:28 ]
Course List from => INSE @[ 2018/11/23 16:31:28 ]
Course List from => COMP @[ 2018/11/23 16:31:28 ]
INSE Sending UDP request ... @[ 2018/11/23 16:31:28 ]
INSE Waiting for UDP Reply ... @[ 2018/11/23 16:31:28 ]
Course List from => SOEN @[ 2018/11/23 16:31:28 ]
INSE Sending UDP request ... @[ 2018/11/23 16:31:28 ]
INSE Waiting for UDP Reply ... @[ 2018/11/23 16:31:28 ]
error=comp3333_10*comp3336_10=soen3333_10*soen3334_10 @[ 2018/11/23 16:31:28 ]
INSE Waiting for UDP request Received... @[ 2018/11/23 16:32:06 ]
INSE Waiting for UDP request ... @[ 2018/11/23 16:32:06 ]
Course List for => fall @[ 2018/11/23 16:35:11 ]
Course List from => INSE @[ 2018/11/23 16:35:11 ]
Course List from => COMP @[ 2018/11/23 16:35:11 ]
INSE Sending UDP request ... @[ 2018/11/23 16:35:11 ]
INSE Waiting for UDP Reply ... @[ 2018/11/23 16:35:11 ]
Course List from => SOEN @[ 2018/11/23 16:35:11 ]
INSE Sending UDP request ... @[ 2018/11/23 16:35:11 ]
INSE Waiting for UDP Reply ... @[ 2018/11/23 16:35:11 ]
inse1111_0*inse1112_1=comp1111_8*comp1119_9=soen1111_9*soen1112_8 @[ 2018/11/23 16:35:11 ]
Course List for => winter @[ 2018/11/23 16:35:14 ]
Course List from => INSE @[ 2018/11/23 16:35:14 ]
Course List from => COMP @[ 2018/11/23 16:35:14 ]
INSE Sending UDP request ... @[ 2018/11/23 16:35:14 ]
INSE Waiting for UDP Reply ... @[ 2018/11/23 16:35:14 ]
Course List from => SOEN @[ 2018/11/23 16:35:14 ]
INSE Sending UDP request ... @[ 2018/11/23 16:35:14 ]
INSE Waiting for UDP Reply ... @[ 2018/11/23 16:35:14 ]
inse2222_2*inse3333_10=comp2222_9=soen2222_10*soen2225_10 @[ 2018/11/23 16:35:14 ]
Course List for => summer @[ 2018/11/23 16:35:17 ]
Course List from => INSE @[ 2018/11/23 16:35:17 ]
Course List from => COMP @[ 2018/11/23 16:35:17 ]
INSE Sending UDP request ... @[ 2018/11/23 16:35:17 ]
INSE Waiting for UDP Reply ... @[ 2018/11/23 16:35:17 ]
Course List from => SOEN @[ 2018/11/23 16:35:17 ]
INSE Sending UDP request ... @[ 2018/11/23 16:35:17 ]
INSE Waiting for UDP Reply ... @[ 2018/11/23 16:35:17 ]
error=comp3333_10*comp3336_10=soen3333_10*soen3334_10 @[ 2018/11/23 16:35:17 ]
Course List for => fall @[ 2018/11/23 16:35:59 ]
Course List from => INSE @[ 2018/11/23 16:35:59 ]
Course List from => COMP @[ 2018/11/23 16:35:59 ]
INSE Sending UDP request ... @[ 2018/11/23 16:35:59 ]
INSE Waiting for UDP Reply ... @[ 2018/11/23 16:35:59 ]
Course List from => SOEN @[ 2018/11/23 16:35:59 ]
INSE Sending UDP request ... @[ 2018/11/23 16:35:59 ]
INSE Waiting for UDP Reply ... @[ 2018/11/23 16:35:59 ]
inse1111_0*inse1112_1=comp1111_8*comp1119_9=soen1111_9*soen1112_8 @[ 2018/11/23 16:35:59 ]
Course List for => winter @[ 2018/11/23 16:36:01 ]
Course List from => INSE @[ 2018/11/23 16:36:01 ]
Course List from => COMP @[ 2018/11/23 16:36:01 ]
INSE Sending UDP request ... @[ 2018/11/23 16:36:01 ]
INSE Waiting for UDP Reply ... @[ 2018/11/23 16:36:01 ]
Course List from => SOEN @[ 2018/11/23 16:36:01 ]
INSE Sending UDP request ... @[ 2018/11/23 16:36:01 ]
INSE Waiting for UDP Reply ... @[ 2018/11/23 16:36:01 ]
inse2222_2*inse3333_10=comp2222_9=soen2222_10*soen2225_10 @[ 2018/11/23 16:36:01 ]
Course List for => summer @[ 2018/11/23 16:36:04 ]
Course List from => INSE @[ 2018/11/23 16:36:04 ]
Course List from => COMP @[ 2018/11/23 16:36:04 ]
INSE Sending UDP request ... @[ 2018/11/23 16:36:04 ]
INSE Waiting for UDP Reply ... @[ 2018/11/23 16:36:04 ]
Course List from => SOEN @[ 2018/11/23 16:36:04 ]
INSE Sending UDP request ... @[ 2018/11/23 16:36:04 ]
INSE Waiting for UDP Reply ... @[ 2018/11/23 16:36:04 ]
error=comp3333_10*comp3336_10=soen3333_10*soen3334_10 @[ 2018/11/23 16:36:04 ]
Course List for => fall @[ 2018/11/23 16:37:55 ]
Course List from => INSE @[ 2018/11/23 16:37:55 ]
Course List from => COMP @[ 2018/11/23 16:37:55 ]
INSE Sending UDP request ... @[ 2018/11/23 16:37:55 ]
INSE Waiting for UDP Reply ... @[ 2018/11/23 16:37:55 ]
Course List from => SOEN @[ 2018/11/23 16:37:55 ]
INSE Sending UDP request ... @[ 2018/11/23 16:37:55 ]
INSE Waiting for UDP Reply ... @[ 2018/11/23 16:37:55 ]
inse1111_0*inse1112_1=comp1111_9*comp1119_8=soen1111_9*soen1112_8 @[ 2018/11/23 16:37:55 ]
Course List for => winter @[ 2018/11/23 16:37:58 ]
Course List from => INSE @[ 2018/11/23 16:37:58 ]
Course List from => COMP @[ 2018/11/23 16:37:58 ]
INSE Sending UDP request ... @[ 2018/11/23 16:37:58 ]
INSE Waiting for UDP Reply ... @[ 2018/11/23 16:37:58 ]
Course List from => SOEN @[ 2018/11/23 16:37:58 ]
INSE Sending UDP request ... @[ 2018/11/23 16:37:58 ]
INSE Waiting for UDP Reply ... @[ 2018/11/23 16:37:58 ]
inse2222_2*inse3333_10=comp2222_9=soen2222_10*soen2225_10 @[ 2018/11/23 16:37:58 ]
Course List for => summer @[ 2018/11/23 16:38:02 ]
Course List from => INSE @[ 2018/11/23 16:38:02 ]
Course List from => COMP @[ 2018/11/23 16:38:02 ]
INSE Sending UDP request ... @[ 2018/11/23 16:38:02 ]
INSE Waiting for UDP Reply ... @[ 2018/11/23 16:38:02 ]
Course List from => SOEN @[ 2018/11/23 16:38:02 ]
INSE Sending UDP request ... @[ 2018/11/23 16:38:02 ]
INSE Waiting for UDP Reply ... @[ 2018/11/23 16:38:02 ]
error=comp3333_10*comp3336_10=soen3333_10*soen3334_10 @[ 2018/11/23 16:38:03 ]
INSE Waiting for UDP request Received... @[ 2018/11/23 16:38:38 ]
INSE Waiting for UDP request ... @[ 2018/11/23 16:38:38 ]
INSE Waiting for UDP request Received... @[ 2018/11/23 16:38:39 ]
INSE Waiting for UDP request ... @[ 2018/11/23 16:38:39 ]
Course List for => fall @[ 2018/11/23 16:38:48 ]
Course List from => INSE @[ 2018/11/23 16:38:48 ]
Course List from => COMP @[ 2018/11/23 16:38:48 ]
INSE Sending UDP request ... @[ 2018/11/23 16:38:48 ]
INSE Waiting for UDP Reply ... @[ 2018/11/23 16:38:48 ]
Course List from => SOEN @[ 2018/11/23 16:38:48 ]
INSE Sending UDP request ... @[ 2018/11/23 16:38:48 ]
INSE Waiting for UDP Reply ... @[ 2018/11/23 16:38:48 ]
inse1111_1*inse1112_0=comp1111_9*comp1119_8=soen1111_9*soen1112_8 @[ 2018/11/23 16:38:48 ]
Course List for => winter @[ 2018/11/23 16:38:51 ]
Course List from => INSE @[ 2018/11/23 16:38:51 ]
Course List from => COMP @[ 2018/11/23 16:38:51 ]
INSE Sending UDP request ... @[ 2018/11/23 16:38:51 ]
INSE Waiting for UDP Reply ... @[ 2018/11/23 16:38:51 ]
Course List from => SOEN @[ 2018/11/23 16:38:51 ]
INSE Sending UDP request ... @[ 2018/11/23 16:38:51 ]
INSE Waiting for UDP Reply ... @[ 2018/11/23 16:38:51 ]
inse2222_2*inse3333_10=comp2222_9=soen2222_10*soen2225_10 @[ 2018/11/23 16:38:51 ]
Course List for => summer @[ 2018/11/23 16:38:54 ]
Course List from => INSE @[ 2018/11/23 16:38:54 ]
Course List from => COMP @[ 2018/11/23 16:38:54 ]
INSE Sending UDP request ... @[ 2018/11/23 16:38:54 ]
INSE Waiting for UDP Reply ... @[ 2018/11/23 16:38:54 ]
Course List from => SOEN @[ 2018/11/23 16:38:54 ]
INSE Sending UDP request ... @[ 2018/11/23 16:38:54 ]
INSE Waiting for UDP Reply ... @[ 2018/11/23 16:38:54 ]
error=comp3333_10*comp3336_10=soen3333_10*soen3334_10 @[ 2018/11/23 16:38:54 ]
INSE Server Initiated ... @[ 2018/11/23 16:49:57 ]
INSE Running UDP Server @[ 2018/11/23 16:49:57 ]
INSE Waiting for UDP request ... @[ 2018/11/23 16:49:57 ]
INSE Waiting for UDP request Received... @[ 2018/11/23 16:51:31 ]
INSE Waiting for UDP request ... @[ 2018/11/23 16:51:31 ]
INSE Waiting for UDP request Received... @[ 2018/11/23 16:51:31 ]
INSE Waiting for UDP request ... @[ 2018/11/23 16:51:31 ]
INSE Waiting for UDP request Received... @[ 2018/11/23 16:51:31 ]
INSE Waiting for UDP request ... @[ 2018/11/23 16:51:31 ]
INSE Waiting for UDP request Received... @[ 2018/11/23 17:12:38 ]
INSE Waiting for UDP request ... @[ 2018/11/23 17:12:38 ]
INSE Waiting for UDP request Received... @[ 2018/11/23 17:12:38 ]
INSE Waiting for UDP request ... @[ 2018/11/23 17:12:38 ]
INSE Waiting for UDP request Received... @[ 2018/11/23 17:12:38 ]
INSE Waiting for UDP request ... @[ 2018/11/23 17:12:38 ]
INSE Waiting for UDP request Received... @[ 2018/11/23 17:15:56 ]
INSE Waiting for UDP request ... @[ 2018/11/23 17:15:56 ]
INSE Waiting for UDP request Received... @[ 2018/11/23 17:15:57 ]
INSE Waiting for UDP request ... @[ 2018/11/23 17:15:57 ]
INSE Waiting for UDP request Received... @[ 2018/11/23 17:15:57 ]
INSE Waiting for UDP request ... @[ 2018/11/23 17:15:57 ]
INSE Waiting for UDP request Received... @[ 2018/11/23 17:20:38 ]
INSE Waiting for UDP request ... @[ 2018/11/23 17:20:38 ]
INSE Waiting for UDP request Received... @[ 2018/11/23 17:20:38 ]
INSE Waiting for UDP request ... @[ 2018/11/23 17:20:38 ]
INSE Waiting for UDP request Received... @[ 2018/11/23 17:20:38 ]
INSE Waiting for UDP request ... @[ 2018/11/23 17:20:38 ]
INSE Waiting for UDP request Received... @[ 2018/11/23 17:22:01 ]
INSE Waiting for UDP request ... @[ 2018/11/23 17:22:01 ]
INSE Waiting for UDP request Received... @[ 2018/11/23 17:22:01 ]
INSE Waiting for UDP request ... @[ 2018/11/23 17:22:01 ]
INSE Waiting for UDP request Received... @[ 2018/11/23 17:22:01 ]
INSE Waiting for UDP request ... @[ 2018/11/23 17:22:01 ]