
SOEN Server Initiated ... @[ 2018/11/22 17:16:54 ]
SOEN Running UDP Server @[ 2018/11/22 17:16:54 ]
SOEN Waiting for UDP request ... @[ 2018/11/22 17:16:54 ]
Course List for => fall @[ 2018/11/22 17:19:23 ]
Course List from => SOEN @[ 2018/11/22 17:19:23 ]
Course List from => COMP @[ 2018/11/22 17:19:23 ]
SOEN Sending UDP request ... @[ 2018/11/22 17:19:23 ]
SOEN Waiting for UDP Reply ... @[ 2018/11/22 17:19:23 ]
Course List from => INSE @[ 2018/11/22 17:19:23 ]
SOEN Sending UDP request ... @[ 2018/11/22 17:19:23 ]
SOEN Waiting for UDP Reply ... @[ 2018/11/22 17:19:23 ]
error=comp1111_10=error @[ 2018/11/22 17:19:23 ]
Course List for => winter @[ 2018/11/22 17:19:42 ]
Course List from => SOEN @[ 2018/11/22 17:19:42 ]
Course List from => COMP @[ 2018/11/22 17:19:42 ]
SOEN Sending UDP request ... @[ 2018/11/22 17:19:42 ]
SOEN Waiting for UDP Reply ... @[ 2018/11/22 17:19:42 ]
Course List from => INSE @[ 2018/11/22 17:19:42 ]
SOEN Sending UDP request ... @[ 2018/11/22 17:19:42 ]
SOEN Waiting for UDP Reply ... @[ 2018/11/22 17:19:42 ]
error=comp2222_10=error @[ 2018/11/22 17:19:42 ]
Course List for => summer @[ 2018/11/22 17:20:07 ]
Course List from => SOEN @[ 2018/11/22 17:20:07 ]
Course List from => COMP @[ 2018/11/22 17:20:07 ]
SOEN Sending UDP request ... @[ 2018/11/22 17:20:07 ]
SOEN Waiting for UDP Reply ... @[ 2018/11/22 17:20:07 ]
Course List from => INSE @[ 2018/11/22 17:20:07 ]
SOEN Sending UDP request ... @[ 2018/11/22 17:20:07 ]
SOEN Waiting for UDP Reply ... @[ 2018/11/22 17:20:07 ]
error=comp3333_10=error @[ 2018/11/22 17:20:07 ]
SOEN Adding => soen1111 For => fall @[ 2018/11/22 17:21:32 ]
success @[ 2018/11/22 17:21:32 ]
SOEN Adding => soen2222 For => winter @[ 2018/11/22 17:21:53 ]
success @[ 2018/11/22 17:21:53 ]
SOEN Adding => soen3333 For => summer @[ 2018/11/22 17:22:08 ]
success @[ 2018/11/22 17:22:08 ]
Course List for => fall @[ 2018/11/22 17:22:14 ]
Course List from => SOEN @[ 2018/11/22 17:22:14 ]
Course List from => COMP @[ 2018/11/22 17:22:14 ]
SOEN Sending UDP request ... @[ 2018/11/22 17:22:14 ]
SOEN Waiting for UDP Reply ... @[ 2018/11/22 17:22:14 ]
Course List from => INSE @[ 2018/11/22 17:22:14 ]
SOEN Sending UDP request ... @[ 2018/11/22 17:22:14 ]
SOEN Waiting for UDP Reply ... @[ 2018/11/22 17:22:14 ]
soen1111_10=comp1111_10=error @[ 2018/11/22 17:22:14 ]
SOEN Server Initiated ... @[ 2018/11/23 14:51:17 ]
SOEN Running UDP Server @[ 2018/11/23 14:51:17 ]
SOEN Waiting for UDP request ... @[ 2018/11/23 14:51:17 ]
SOEN Waiting for UDP request Received... @[ 2018/11/23 14:53:51 ]
SOEN Waiting for UDP request ... @[ 2018/11/23 14:53:51 ]
SOEN Waiting for UDP request Received... @[ 2018/11/23 14:53:57 ]
SOEN Waiting for UDP request ... @[ 2018/11/23 14:53:57 ]
SOEN Waiting for UDP request Received... @[ 2018/11/23 14:54:14 ]
SOEN Waiting for UDP request ... @[ 2018/11/23 14:54:14 ]
SOEN Waiting for UDP request Received... @[ 2018/11/23 14:54:17 ]
SOEN Waiting for UDP request ... @[ 2018/11/23 14:54:17 ]
SOEN Waiting for UDP request Received... @[ 2018/11/23 14:55:53 ]
SOEN Waiting for UDP request ... @[ 2018/11/23 14:55:53 ]
SOEN Waiting for UDP request Received... @[ 2018/11/23 14:55:57 ]
SOEN Waiting for UDP request ... @[ 2018/11/23 14:55:57 ]
SOEN Waiting for UDP request Received... @[ 2018/11/23 14:56:00 ]
SOEN Waiting for UDP request ... @[ 2018/11/23 14:56:00 ]
SOEN Waiting for UDP request Received... @[ 2018/11/23 14:57:37 ]
SOEN Waiting for UDP request ... @[ 2018/11/23 14:57:37 ]
SOEN Waiting for UDP request Received... @[ 2018/11/23 16:15:46 ]
SOEN Waiting for UDP request ... @[ 2018/11/23 16:15:46 ]
SOEN Waiting for UDP request Received... @[ 2018/11/23 16:16:03 ]
SOEN Waiting for UDP request ... @[ 2018/11/23 16:16:03 ]
SOEN Waiting for UDP request Received... @[ 2018/11/23 16:16:11 ]
SOEN Waiting for UDP request ... @[ 2018/11/23 16:16:11 ]
SOEN Waiting for UDP request Received... @[ 2018/11/23 16:20:38 ]
SOEN Waiting for UDP request ... @[ 2018/11/23 16:20:38 ]
SOEN Waiting for UDP request Received... @[ 2018/11/23 16:20:42 ]
SOEN Waiting for UDP request ... @[ 2018/11/23 16:20:42 ]
SOEN Waiting for UDP request Received... @[ 2018/11/23 16:20:46 ]
SOEN Waiting for UDP request ... @[ 2018/11/23 16:20:46 ]
SOEN Waiting for UDP request Received... @[ 2018/11/23 16:31:20 ]
SOEN Waiting for UDP request ... @[ 2018/11/23 16:31:20 ]
SOEN Waiting for UDP request Received... @[ 2018/11/23 16:31:25 ]
SOEN Waiting for UDP request ... @[ 2018/11/23 16:31:25 ]
SOEN Waiting for UDP request Received... @[ 2018/11/23 16:31:28 ]
SOEN Waiting for UDP request ... @[ 2018/11/23 16:31:28 ]
SOEN Waiting for UDP request Received... @[ 2018/11/23 16:33:11 ]
SOEN Waiting for UDP request ... @[ 2018/11/23 16:33:11 ]
SOEN Waiting for UDP request Received... @[ 2018/11/23 16:35:11 ]
SOEN Waiting for UDP request ... @[ 2018/11/23 16:35:11 ]
SOEN Waiting for UDP request Received... @[ 2018/11/23 16:35:14 ]
SOEN Waiting for UDP request ... @[ 2018/11/23 16:35:14 ]
SOEN Waiting for UDP request Received... @[ 2018/11/23 16:35:17 ]
SOEN Waiting for UDP request ... @[ 2018/11/23 16:35:17 ]
SOEN Waiting for UDP request Received... @[ 2018/11/23 16:35:59 ]
SOEN Waiting for UDP request ... @[ 2018/11/23 16:35:59 ]
SOEN Waiting for UDP request Received... @[ 2018/11/23 16:36:01 ]
SOEN Waiting for UDP request ... @[ 2018/11/23 16:36:01 ]
SOEN Waiting for UDP request Received... @[ 2018/11/23 16:36:04 ]
SOEN Waiting for UDP request ... @[ 2018/11/23 16:36:04 ]
SOEN Waiting for UDP request Received... @[ 2018/11/23 16:37:55 ]
SOEN Waiting for UDP request ... @[ 2018/11/23 16:37:55 ]
SOEN Waiting for UDP request Received... @[ 2018/11/23 16:37:58 ]
SOEN Waiting for UDP request ... @[ 2018/11/23 16:37:58 ]
SOEN Waiting for UDP request Received... @[ 2018/11/23 16:38:02 ]
SOEN Waiting for UDP request ... @[ 2018/11/23 16:38:02 ]
SOEN Waiting for UDP request Received... @[ 2018/11/23 16:38:48 ]
SOEN Waiting for UDP request ... @[ 2018/11/23 16:38:48 ]
SOEN Waiting for UDP request Received... @[ 2018/11/23 16:38:51 ]
SOEN Waiting for UDP request ... @[ 2018/11/23 16:38:51 ]
SOEN Waiting for UDP request Received... @[ 2018/11/23 16:38:54 ]
SOEN Waiting for UDP request ... @[ 2018/11/23 16:38:54 ]
SOEN Server Initiated ... @[ 2018/11/23 16:49:57 ]
SOEN Running UDP Server @[ 2018/11/23 16:49:57 ]
SOEN Waiting for UDP request ... @[ 2018/11/23 16:49:57 ]
SOEN Waiting for UDP request Received... @[ 2018/11/23 16:51:31 ]
SOEN Waiting for UDP request ... @[ 2018/11/23 16:51:31 ]
SOEN Waiting for UDP request Received... @[ 2018/11/23 16:51:31 ]
SOEN Waiting for UDP request ... @[ 2018/11/23 16:51:31 ]
SOEN Waiting for UDP request Received... @[ 2018/11/23 16:51:31 ]
SOEN Waiting for UDP request ... @[ 2018/11/23 16:51:31 ]
SOEN Waiting for UDP request Received... @[ 2018/11/23 16:51:31 ]
SOEN Waiting for UDP request ... @[ 2018/11/23 16:51:31 ]
SOEN Waiting for UDP request Received... @[ 2018/11/23 17:12:38 ]
SOEN Waiting for UDP request ... @[ 2018/11/23 17:12:38 ]
SOEN Waiting for UDP request Received... @[ 2018/11/23 17:12:38 ]
SOEN Waiting for UDP request ... @[ 2018/11/23 17:12:38 ]
SOEN Waiting for UDP request Received... @[ 2018/11/23 17:12:38 ]
SOEN Waiting for UDP request ... @[ 2018/11/23 17:12:38 ]
SOEN Waiting for UDP request Received... @[ 2018/11/23 17:12:38 ]
SOEN Waiting for UDP request ... @[ 2018/11/23 17:12:38 ]
SOEN Waiting for UDP request Received... @[ 2018/11/23 17:15:56 ]
SOEN Waiting for UDP request ... @[ 2018/11/23 17:15:56 ]
SOEN Waiting for UDP request Received... @[ 2018/11/23 17:15:57 ]
SOEN Waiting for UDP request ... @[ 2018/11/23 17:15:57 ]
SOEN Waiting for UDP request Received... @[ 2018/11/23 17:15:57 ]
SOEN Waiting for UDP request ... @[ 2018/11/23 17:15:57 ]
SOEN Waiting for UDP request Received... @[ 2018/11/23 17:15:57 ]
SOEN Waiting for UDP request ... @[ 2018/11/23 17:15:57 ]
SOEN Waiting for UDP request Received... @[ 2018/11/23 17:20:38 ]
SOEN Waiting for UDP request ... @[ 2018/11/23 17:20:38 ]
SOEN Waiting for UDP request Received... @[ 2018/11/23 17:20:38 ]
SOEN Waiting for UDP request ... @[ 2018/11/23 17:20:38 ]
SOEN Waiting for UDP request Received... @[ 2018/11/23 17:20:38 ]
SOEN Waiting for UDP request ... @[ 2018/11/23 17:20:38 ]
SOEN Waiting for UDP request Received... @[ 2018/11/23 17:20:39 ]
SOEN Waiting for UDP request ... @[ 2018/11/23 17:20:39 ]
SOEN Waiting for UDP request Received... @[ 2018/11/23 17:22:01 ]
SOEN Waiting for UDP request ... @[ 2018/11/23 17:22:01 ]
SOEN Waiting for UDP request Received... @[ 2018/11/23 17:22:01 ]
SOEN Waiting for UDP request ... @[ 2018/11/23 17:22:01 ]
SOEN Waiting for UDP request Received... @[ 2018/11/23 17:22:01 ]
SOEN Waiting for UDP request ... @[ 2018/11/23 17:22:01 ]
SOEN Waiting for UDP request Received... @[ 2018/11/23 17:22:02 ]
SOEN Waiting for UDP request ... @[ 2018/11/23 17:22:02 ]