
COMP Server Initiated @[ 2018/10/12 17:10:42 ]
COMP server has been started @[ 2018/10/12 17:10:42 ]
COMP Running UDP Server @[ 2018/10/12 17:10:42 ]
COMP Waiting for UDP request ... @[ 2018/10/12 17:10:42 ]
Getting schedule for => COMPS0987 @[ 2018/10/12 17:13:05 ]
fall - winter - summer -  @[ 2018/10/12 17:13:05 ]
Course List for => fall @[ 2018/10/12 17:13:13 ]
Course List from => COMP @[ 2018/10/12 17:13:13 ]
Course List from => SOEN @[ 2018/10/12 17:13:13 ]
COMP Sending UDP request ... @[ 2018/10/12 17:13:13 ]
COMP Waiting for UDP Reply ... @[ 2018/10/12 17:13:13 ]
Course List from => INSE @[ 2018/10/12 17:13:13 ]
COMP Sending UDP request ... @[ 2018/10/12 17:13:13 ]
COMP Waiting for UDP Reply ... @[ 2018/10/12 17:13:13 ]
error=error=error @[ 2018/10/12 17:13:13 ]
COMP Adding => comp1234 For => fall @[ 2018/10/12 17:13:28 ]
success @[ 2018/10/12 17:13:28 ]
COMP Adding => comp1234 For => winter @[ 2018/10/12 17:13:38 ]
success @[ 2018/10/12 17:13:38 ]
COMP Adding => comp1234 For => summer @[ 2018/10/12 17:13:48 ]
success @[ 2018/10/12 17:13:48 ]
COMP Adding => comp0987 For => fall @[ 2018/10/12 17:13:57 ]
success @[ 2018/10/12 17:13:57 ]
COMP Adding => comp3456 For => winter @[ 2018/10/12 17:14:07 ]
success @[ 2018/10/12 17:14:07 ]
COMP Adding => comp0987 For => summer @[ 2018/10/12 17:14:19 ]
success @[ 2018/10/12 17:14:19 ]
COMP Adding => comp6789 For => summer @[ 2018/10/12 17:14:30 ]
success @[ 2018/10/12 17:14:30 ]
Course List for => fall @[ 2018/10/12 17:14:40 ]
Course List from => COMP @[ 2018/10/12 17:14:40 ]
Course List from => SOEN @[ 2018/10/12 17:14:40 ]
COMP Sending UDP request ... @[ 2018/10/12 17:14:40 ]
COMP Waiting for UDP Reply ... @[ 2018/10/12 17:14:40 ]
Course List from => INSE @[ 2018/10/12 17:14:40 ]
COMP Sending UDP request ... @[ 2018/10/12 17:14:40 ]
COMP Waiting for UDP Reply ... @[ 2018/10/12 17:14:40 ]
comp1234_40*comp0987_40=error=error @[ 2018/10/12 17:14:40 ]
Course List for => winter @[ 2018/10/12 17:14:45 ]
Course List from => COMP @[ 2018/10/12 17:14:45 ]
Course List from => SOEN @[ 2018/10/12 17:14:45 ]
COMP Sending UDP request ... @[ 2018/10/12 17:14:45 ]
COMP Waiting for UDP Reply ... @[ 2018/10/12 17:14:45 ]
Course List from => INSE @[ 2018/10/12 17:14:45 ]
COMP Sending UDP request ... @[ 2018/10/12 17:14:45 ]
COMP Waiting for UDP Reply ... @[ 2018/10/12 17:14:45 ]
comp1234_40*comp3456_40=error=error @[ 2018/10/12 17:14:45 ]
Course List for => summer @[ 2018/10/12 17:14:47 ]
Course List from => COMP @[ 2018/10/12 17:14:47 ]
Course List from => SOEN @[ 2018/10/12 17:14:47 ]
COMP Sending UDP request ... @[ 2018/10/12 17:14:47 ]
COMP Waiting for UDP Reply ... @[ 2018/10/12 17:14:47 ]
Course List from => INSE @[ 2018/10/12 17:14:47 ]
COMP Sending UDP request ... @[ 2018/10/12 17:14:47 ]
COMP Waiting for UDP Reply ... @[ 2018/10/12 17:14:47 ]
comp1234_40*comp0987_40*comp6789_40=error=error @[ 2018/10/12 17:14:47 ]
COMP Removing => comp1234 For => winter @[ 2018/10/12 17:15:08 ]
success @[ 2018/10/12 17:15:08 ]
Course List for => winter @[ 2018/10/12 17:15:20 ]
Course List from => COMP @[ 2018/10/12 17:15:20 ]
Course List from => SOEN @[ 2018/10/12 17:15:20 ]
COMP Sending UDP request ... @[ 2018/10/12 17:15:20 ]
COMP Waiting for UDP Reply ... @[ 2018/10/12 17:15:20 ]
Course List from => INSE @[ 2018/10/12 17:15:20 ]
COMP Sending UDP request ... @[ 2018/10/12 17:15:20 ]
COMP Waiting for UDP Reply ... @[ 2018/10/12 17:15:20 ]
comp3456_40=error=error @[ 2018/10/12 17:15:20 ]
COMP Waiting for UDP request Received... @[ 2018/10/12 17:15:50 ]
COMP Waiting for UDP request ... @[ 2018/10/12 17:15:50 ]
COMP Waiting for UDP request Received... @[ 2018/10/12 17:17:11 ]
COMP Waiting for UDP request ... @[ 2018/10/12 17:17:11 ]
COMP Waiting for UDP request Received... @[ 2018/10/12 17:17:19 ]
COMP Waiting for UDP request ... @[ 2018/10/12 17:17:19 ]
COMP Waiting for UDP request Received... @[ 2018/10/12 17:17:23 ]
COMP Waiting for UDP request ... @[ 2018/10/12 17:17:23 ]
COMP Waiting for UDP request Received... @[ 2018/10/12 17:18:37 ]
COMP Waiting for UDP request ... @[ 2018/10/12 17:18:37 ]
COMP Waiting for UDP request Received... @[ 2018/10/12 17:18:40 ]
COMP Waiting for UDP request ... @[ 2018/10/12 17:18:40 ]
COMP Waiting for UDP request Received... @[ 2018/10/12 17:18:51 ]
COMP Waiting for UDP request ... @[ 2018/10/12 17:18:51 ]
Enrolling => COMPS0987 in => comp1234 for => fall @[ 2018/10/12 17:19:24 ]
Checking to see if COMPS0987 can take any course ... @[ 2018/10/12 17:19:24 ]
Trying to enrol the COMPS0987 in the comp1234 @[ 2018/10/12 17:19:24 ]
You have been enrolled Successfully !!! @[ 2018/10/12 17:19:24 ]
Enrolling => COMPS0987 in => soen2345 for => fall @[ 2018/10/12 17:19:45 ]
COMP Sending UDP request ... @[ 2018/10/12 17:19:45 ]
COMP Waiting for UDP Reply ... @[ 2018/10/12 17:19:45 ]
Checking to see if COMPS0987 can take any course ... @[ 2018/10/12 17:19:45 ]
Trying to enrol the COMPS0987 in the soen2345 @[ 2018/10/12 17:19:45 ]
You have been enrolled Successfully !!! @[ 2018/10/12 17:19:45 ]
Enrolling => COMPS0987 in => inse0987 for => fall @[ 2018/10/12 17:19:59 ]
COMP Sending UDP request ... @[ 2018/10/12 17:19:59 ]
COMP Waiting for UDP Reply ... @[ 2018/10/12 17:19:59 ]
Checking to see if COMPS0987 can take any course ... @[ 2018/10/12 17:19:59 ]
Trying to enrol the COMPS0987 in the inse0987 @[ 2018/10/12 17:19:59 ]
You have been enrolled Successfully !!! @[ 2018/10/12 17:19:59 ]
Enrolling => COMPS0987 in => inse1234 for => fall @[ 2018/10/12 17:20:19 ]
You cannot take more than 3 courses !! @[ 2018/10/12 17:20:19 ]
Getting schedule for => COMPS0987 @[ 2018/10/12 17:20:29 ]
fall - comp1234 soen2345 inse0987 winter - summer -  @[ 2018/10/12 17:20:29 ]
COMP Waiting for UDP request Received... @[ 2018/10/12 17:21:05 ]
COMP Waiting for UDP request ... @[ 2018/10/12 17:21:05 ]
COMP Waiting for UDP request Received... @[ 2018/10/12 17:21:17 ]
COMP Waiting for UDP request ... @[ 2018/10/12 17:21:17 ]
COMP Waiting for UDP request Received... @[ 2018/10/12 17:21:25 ]
COMP Waiting for UDP request ... @[ 2018/10/12 17:21:25 ]
Dropping => inse0987 for  => COMPS0987 @[ 2018/10/12 17:21:38 ]
COMP Sending UDP request ... @[ 2018/10/12 17:21:38 ]
COMP Waiting for UDP Reply ... @[ 2018/10/12 17:21:38 ]
Dropped Successfully !!! @[ 2018/10/12 17:21:38 ]
Getting schedule for => COMPS0987 @[ 2018/10/12 17:21:47 ]
fall - comp1234 soen2345 winter - summer -  @[ 2018/10/12 17:21:47 ]
COMP Waiting for UDP request Received... @[ 2018/10/12 17:21:54 ]
COMP Waiting for UDP request ... @[ 2018/10/12 17:21:54 ]
Enrolling => COMPS0987 in => inse1234 for => fall @[ 2018/10/12 17:22:18 ]
COMP Sending UDP request ... @[ 2018/10/12 17:22:18 ]
COMP Waiting for UDP Reply ... @[ 2018/10/12 17:22:18 ]
Checking to see if COMPS0987 can take any course ... @[ 2018/10/12 17:22:18 ]
Trying to enrol the COMPS0987 in the inse1234 @[ 2018/10/12 17:22:18 ]
You have been enrolled Successfully !!! @[ 2018/10/12 17:22:18 ]
Getting schedule for => COMPS0987 @[ 2018/10/12 17:22:24 ]
fall - comp1234 soen2345 inse1234 winter - summer -  @[ 2018/10/12 17:22:24 ]
COMP Waiting for UDP request Received... @[ 2018/10/12 17:22:31 ]
COMP Waiting for UDP request ... @[ 2018/10/12 17:22:31 ]