
INSE Server Initiated @[ 2018/10/12 17:10:42 ]
INSE server has been started @[ 2018/10/12 17:10:42 ]
INSE Running UDP Server @[ 2018/10/12 17:10:42 ]
INSE Waiting for UDP request ... @[ 2018/10/12 17:10:42 ]
INSE Waiting for UDP request Received... @[ 2018/10/12 17:13:13 ]
INSE Waiting for UDP request ... @[ 2018/10/12 17:13:13 ]
INSE Waiting for UDP request Received... @[ 2018/10/12 17:14:40 ]
INSE Waiting for UDP request ... @[ 2018/10/12 17:14:40 ]
INSE Waiting for UDP request Received... @[ 2018/10/12 17:14:45 ]
INSE Waiting for UDP request ... @[ 2018/10/12 17:14:45 ]
INSE Waiting for UDP request Received... @[ 2018/10/12 17:14:47 ]
INSE Waiting for UDP request ... @[ 2018/10/12 17:14:47 ]
INSE Waiting for UDP request Received... @[ 2018/10/12 17:15:20 ]
INSE Waiting for UDP request ... @[ 2018/10/12 17:15:20 ]
Course List for => fall @[ 2018/10/12 17:15:49 ]
Course List from => INSE @[ 2018/10/12 17:15:50 ]
Course List from => COMP @[ 2018/10/12 17:15:50 ]
INSE Sending UDP request ... @[ 2018/10/12 17:15:50 ]
INSE Waiting for UDP Reply ... @[ 2018/10/12 17:15:50 ]
Course List from => SOEN @[ 2018/10/12 17:15:50 ]
INSE Sending UDP request ... @[ 2018/10/12 17:15:50 ]
INSE Waiting for UDP Reply ... @[ 2018/10/12 17:15:50 ]
error=comp1234_40*comp0987_40=error @[ 2018/10/12 17:15:50 ]
INSE Adding => inse1234 For => fall @[ 2018/10/12 17:16:04 ]
success @[ 2018/10/12 17:16:04 ]
INSE Adding => inse4321 For => fall @[ 2018/10/12 17:16:17 ]
success @[ 2018/10/12 17:16:17 ]
INSE Adding => inse0987 For => fall @[ 2018/10/12 17:16:28 ]
success @[ 2018/10/12 17:16:28 ]
INSE Adding => inse7890 For => fall @[ 2018/10/12 17:16:37 ]
success @[ 2018/10/12 17:16:37 ]
INSE Adding => inse0987 For => winter @[ 2018/10/12 17:16:45 ]
success @[ 2018/10/12 17:16:45 ]
INSE Adding => inse1234 For => winter @[ 2018/10/12 17:16:56 ]
success @[ 2018/10/12 17:16:56 ]
INSE Adding => inse4567 For => summer @[ 2018/10/12 17:17:07 ]
success @[ 2018/10/12 17:17:07 ]
Course List for => fall @[ 2018/10/12 17:17:11 ]
Course List from => INSE @[ 2018/10/12 17:17:11 ]
Course List from => COMP @[ 2018/10/12 17:17:11 ]
INSE Sending UDP request ... @[ 2018/10/12 17:17:11 ]
INSE Waiting for UDP Reply ... @[ 2018/10/12 17:17:11 ]
Course List from => SOEN @[ 2018/10/12 17:17:11 ]
INSE Sending UDP request ... @[ 2018/10/12 17:17:11 ]
INSE Waiting for UDP Reply ... @[ 2018/10/12 17:17:11 ]
inse1234_40*inse4321_40*inse0987_40*inse7890_40=comp1234_40*comp0987_40=error @[ 2018/10/12 17:17:11 ]
Course List for => winter @[ 2018/10/12 17:17:19 ]
Course List from => INSE @[ 2018/10/12 17:17:19 ]
Course List from => COMP @[ 2018/10/12 17:17:19 ]
INSE Sending UDP request ... @[ 2018/10/12 17:17:19 ]
INSE Waiting for UDP Reply ... @[ 2018/10/12 17:17:19 ]
Course List from => SOEN @[ 2018/10/12 17:17:19 ]
INSE Sending UDP request ... @[ 2018/10/12 17:17:19 ]
INSE Waiting for UDP Reply ... @[ 2018/10/12 17:17:19 ]
inse0987_40*inse1234_40=comp3456_40=error @[ 2018/10/12 17:17:19 ]
Course List for => summer @[ 2018/10/12 17:17:23 ]
Course List from => INSE @[ 2018/10/12 17:17:23 ]
Course List from => COMP @[ 2018/10/12 17:17:23 ]
INSE Sending UDP request ... @[ 2018/10/12 17:17:23 ]
INSE Waiting for UDP Reply ... @[ 2018/10/12 17:17:23 ]
Course List from => SOEN @[ 2018/10/12 17:17:23 ]
INSE Sending UDP request ... @[ 2018/10/12 17:17:23 ]
INSE Waiting for UDP Reply ... @[ 2018/10/12 17:17:23 ]
inse4567_40=comp1234_40*comp0987_40*comp6789_40=error @[ 2018/10/12 17:17:23 ]
INSE Waiting for UDP request Received... @[ 2018/10/12 17:18:37 ]
INSE Waiting for UDP request ... @[ 2018/10/12 17:18:37 ]
INSE Waiting for UDP request Received... @[ 2018/10/12 17:18:40 ]
INSE Waiting for UDP request ... @[ 2018/10/12 17:18:40 ]
INSE Waiting for UDP request Received... @[ 2018/10/12 17:18:51 ]
INSE Waiting for UDP request ... @[ 2018/10/12 17:18:51 ]
INSE Waiting for UDP request Received... @[ 2018/10/12 17:19:59 ]
INSE Waiting for UDP request ... @[ 2018/10/12 17:19:59 ]
INSE Waiting for UDP request Received... @[ 2018/10/12 17:21:05 ]
INSE Waiting for UDP request ... @[ 2018/10/12 17:21:05 ]
INSE Waiting for UDP request Received... @[ 2018/10/12 17:21:17 ]
INSE Waiting for UDP request ... @[ 2018/10/12 17:21:17 ]
INSE Waiting for UDP request Received... @[ 2018/10/12 17:21:25 ]
INSE Waiting for UDP request ... @[ 2018/10/12 17:21:25 ]
INSE Waiting for UDP request Received... @[ 2018/10/12 17:21:38 ]
INSE Waiting for UDP request ... @[ 2018/10/12 17:21:38 ]
INSE Waiting for UDP request Received... @[ 2018/10/12 17:21:54 ]
INSE Waiting for UDP request ... @[ 2018/10/12 17:21:54 ]
INSE Waiting for UDP request Received... @[ 2018/10/12 17:22:18 ]
INSE Waiting for UDP request ... @[ 2018/10/12 17:22:18 ]
INSE Waiting for UDP request Received... @[ 2018/10/12 17:22:31 ]
INSE Waiting for UDP request ... @[ 2018/10/12 17:22:31 ]