
SOEN Server Initiated @[ 2018/10/12 17:10:42 ]
SOEN server has been started @[ 2018/10/12 17:10:42 ]
SOEN Running UDP Server @[ 2018/10/12 17:10:42 ]
SOEN Waiting for UDP request ... @[ 2018/10/12 17:10:42 ]
SOEN Waiting for UDP request Received... @[ 2018/10/12 17:13:13 ]
SOEN Waiting for UDP request ... @[ 2018/10/12 17:13:13 ]
SOEN Waiting for UDP request Received... @[ 2018/10/12 17:14:40 ]
SOEN Waiting for UDP request ... @[ 2018/10/12 17:14:40 ]
SOEN Waiting for UDP request Received... @[ 2018/10/12 17:14:45 ]
SOEN Waiting for UDP request ... @[ 2018/10/12 17:14:45 ]
SOEN Waiting for UDP request Received... @[ 2018/10/12 17:14:47 ]
SOEN Waiting for UDP request ... @[ 2018/10/12 17:14:47 ]
SOEN Waiting for UDP request Received... @[ 2018/10/12 17:15:20 ]
SOEN Waiting for UDP request ... @[ 2018/10/12 17:15:20 ]
SOEN Waiting for UDP request Received... @[ 2018/10/12 17:15:50 ]
SOEN Waiting for UDP request ... @[ 2018/10/12 17:15:50 ]
SOEN Waiting for UDP request Received... @[ 2018/10/12 17:17:11 ]
SOEN Waiting for UDP request ... @[ 2018/10/12 17:17:11 ]
SOEN Waiting for UDP request Received... @[ 2018/10/12 17:17:19 ]
SOEN Waiting for UDP request ... @[ 2018/10/12 17:17:19 ]
SOEN Waiting for UDP request Received... @[ 2018/10/12 17:17:23 ]
SOEN Waiting for UDP request ... @[ 2018/10/12 17:17:23 ]
SOEN Adding => soen1234 For => fall @[ 2018/10/12 17:17:58 ]
success @[ 2018/10/12 17:17:58 ]
SOEN Adding => soen2345 For => fall @[ 2018/10/12 17:18:05 ]
success @[ 2018/10/12 17:18:05 ]
SOEN Adding => soen0987 For => winter @[ 2018/10/12 17:18:15 ]
success @[ 2018/10/12 17:18:15 ]
SOEN Adding => soen3456 For => winter @[ 2018/10/12 17:18:25 ]
success @[ 2018/10/12 17:18:25 ]
SOEN Adding => soen0987 For => summer @[ 2018/10/12 17:18:32 ]
success @[ 2018/10/12 17:18:32 ]
Course List for => fall @[ 2018/10/12 17:18:37 ]
Course List from => SOEN @[ 2018/10/12 17:18:37 ]
Course List from => COMP @[ 2018/10/12 17:18:37 ]
SOEN Sending UDP request ... @[ 2018/10/12 17:18:37 ]
SOEN Waiting for UDP Reply ... @[ 2018/10/12 17:18:37 ]
Course List from => INSE @[ 2018/10/12 17:18:37 ]
SOEN Sending UDP request ... @[ 2018/10/12 17:18:37 ]
SOEN Waiting for UDP Reply ... @[ 2018/10/12 17:18:37 ]
soen1234_40*soen2345_40=comp1234_40*comp0987_40=inse1234_40*inse4321_40*inse0987_40*inse7890_40 @[ 2018/10/12 17:18:37 ]
Course List for => winter @[ 2018/10/12 17:18:40 ]
Course List from => SOEN @[ 2018/10/12 17:18:40 ]
Course List from => COMP @[ 2018/10/12 17:18:40 ]
SOEN Sending UDP request ... @[ 2018/10/12 17:18:40 ]
SOEN Waiting for UDP Reply ... @[ 2018/10/12 17:18:40 ]
Course List from => INSE @[ 2018/10/12 17:18:40 ]
SOEN Sending UDP request ... @[ 2018/10/12 17:18:40 ]
SOEN Waiting for UDP Reply ... @[ 2018/10/12 17:18:40 ]
soen0987_40*soen3456_40=comp3456_40=inse0987_40*inse1234_40 @[ 2018/10/12 17:18:40 ]
Course List for => summer @[ 2018/10/12 17:18:51 ]
Course List from => SOEN @[ 2018/10/12 17:18:51 ]
Course List from => COMP @[ 2018/10/12 17:18:51 ]
SOEN Sending UDP request ... @[ 2018/10/12 17:18:51 ]
SOEN Waiting for UDP Reply ... @[ 2018/10/12 17:18:51 ]
Course List from => INSE @[ 2018/10/12 17:18:51 ]
SOEN Sending UDP request ... @[ 2018/10/12 17:18:51 ]
SOEN Waiting for UDP Reply ... @[ 2018/10/12 17:18:51 ]
soen0987_40=comp1234_40*comp0987_40*comp6789_40=inse4567_40 @[ 2018/10/12 17:18:51 ]
SOEN Waiting for UDP request Received... @[ 2018/10/12 17:19:45 ]
SOEN Waiting for UDP request ... @[ 2018/10/12 17:19:45 ]
Course List for => fall @[ 2018/10/12 17:21:05 ]
Course List from => SOEN @[ 2018/10/12 17:21:05 ]
Course List from => COMP @[ 2018/10/12 17:21:05 ]
SOEN Sending UDP request ... @[ 2018/10/12 17:21:05 ]
SOEN Waiting for UDP Reply ... @[ 2018/10/12 17:21:05 ]
Course List from => INSE @[ 2018/10/12 17:21:05 ]
SOEN Sending UDP request ... @[ 2018/10/12 17:21:05 ]
SOEN Waiting for UDP Reply ... @[ 2018/10/12 17:21:05 ]
soen1234_40*soen2345_39=comp1234_39*comp0987_40=inse1234_40*inse4321_40*inse0987_39*inse7890_40 @[ 2018/10/12 17:21:05 ]
Course List for => winter @[ 2018/10/12 17:21:17 ]
Course List from => SOEN @[ 2018/10/12 17:21:17 ]
Course List from => COMP @[ 2018/10/12 17:21:17 ]
SOEN Sending UDP request ... @[ 2018/10/12 17:21:17 ]
SOEN Waiting for UDP Reply ... @[ 2018/10/12 17:21:17 ]
Course List from => INSE @[ 2018/10/12 17:21:17 ]
SOEN Sending UDP request ... @[ 2018/10/12 17:21:17 ]
SOEN Waiting for UDP Reply ... @[ 2018/10/12 17:21:17 ]
soen0987_40*soen3456_40=comp3456_40=inse0987_40*inse1234_40 @[ 2018/10/12 17:21:17 ]
Course List for => summer @[ 2018/10/12 17:21:25 ]
Course List from => SOEN @[ 2018/10/12 17:21:25 ]
Course List from => COMP @[ 2018/10/12 17:21:25 ]
SOEN Sending UDP request ... @[ 2018/10/12 17:21:25 ]
SOEN Waiting for UDP Reply ... @[ 2018/10/12 17:21:25 ]
Course List from => INSE @[ 2018/10/12 17:21:25 ]
SOEN Sending UDP request ... @[ 2018/10/12 17:21:25 ]
SOEN Waiting for UDP Reply ... @[ 2018/10/12 17:21:25 ]
soen0987_40=comp1234_40*comp0987_40*comp6789_40=inse4567_40 @[ 2018/10/12 17:21:25 ]
Course List for => fall @[ 2018/10/12 17:21:54 ]
Course List from => SOEN @[ 2018/10/12 17:21:54 ]
Course List from => COMP @[ 2018/10/12 17:21:54 ]
SOEN Sending UDP request ... @[ 2018/10/12 17:21:54 ]
SOEN Waiting for UDP Reply ... @[ 2018/10/12 17:21:54 ]
Course List from => INSE @[ 2018/10/12 17:21:54 ]
SOEN Sending UDP request ... @[ 2018/10/12 17:21:54 ]
SOEN Waiting for UDP Reply ... @[ 2018/10/12 17:21:54 ]
soen1234_40*soen2345_39=comp1234_39*comp0987_40=inse1234_40*inse4321_40*inse0987_40*inse7890_40 @[ 2018/10/12 17:21:54 ]
Course List for => fall @[ 2018/10/12 17:22:31 ]
Course List from => SOEN @[ 2018/10/12 17:22:31 ]
Course List from => COMP @[ 2018/10/12 17:22:31 ]
SOEN Sending UDP request ... @[ 2018/10/12 17:22:31 ]
SOEN Waiting for UDP Reply ... @[ 2018/10/12 17:22:31 ]
Course List from => INSE @[ 2018/10/12 17:22:31 ]
SOEN Sending UDP request ... @[ 2018/10/12 17:22:31 ]
SOEN Waiting for UDP Reply ... @[ 2018/10/12 17:22:31 ]
soen1234_40*soen2345_39=comp1234_39*comp0987_40=inse1234_39*inse4321_40*inse0987_40*inse7890_40 @[ 2018/10/12 17:22:31 ]