
COMP Server Initiated @[ 2018/10/27 15:47:46 ]
COMP server has been started @[ 2018/10/27 15:47:46 ]
COMP Running UDP Server @[ 2018/10/27 15:47:46 ]
COMP Waiting for UDP request ... @[ 2018/10/27 15:47:46 ]
Course List for => fall @[ 2018/10/27 15:48:18 ]
Course List from => COMP @[ 2018/10/27 15:48:18 ]
Course List from => SOEN @[ 2018/10/27 15:48:18 ]
COMP Sending UDP request ... @[ 2018/10/27 15:48:18 ]
COMP Waiting for UDP Reply ... @[ 2018/10/27 15:48:18 ]
Course List from => INSE @[ 2018/10/27 15:48:18 ]
COMP Sending UDP request ... @[ 2018/10/27 15:48:18 ]
COMP Waiting for UDP Reply ... @[ 2018/10/27 15:48:18 ]
error=error=error @[ 2018/10/27 15:48:18 ]
COMP Adding => comp1234 For => fall @[ 2018/10/27 15:48:46 ]
success @[ 2018/10/27 15:48:46 ]
Course List for => fall @[ 2018/10/27 15:48:51 ]
Course List from => COMP @[ 2018/10/27 15:48:51 ]
Course List from => SOEN @[ 2018/10/27 15:48:51 ]
COMP Sending UDP request ... @[ 2018/10/27 15:48:51 ]
COMP Waiting for UDP Reply ... @[ 2018/10/27 15:48:51 ]
Course List from => INSE @[ 2018/10/27 15:48:51 ]
COMP Sending UDP request ... @[ 2018/10/27 15:48:51 ]
COMP Waiting for UDP Reply ... @[ 2018/10/27 15:48:51 ]
comp1234_40=error=error @[ 2018/10/27 15:48:51 ]
COMP Adding => comp0987 For => fall @[ 2018/10/27 15:49:34 ]
success @[ 2018/10/27 15:49:34 ]
COMP Adding => comp1234 For => winter @[ 2018/10/27 15:49:44 ]
success @[ 2018/10/27 15:49:44 ]
COMP Adding => comp0987 For => summer @[ 2018/10/27 15:50:05 ]
success @[ 2018/10/27 15:50:05 ]
Course List for => fall @[ 2018/10/27 15:50:09 ]
Course List from => COMP @[ 2018/10/27 15:50:09 ]
Course List from => SOEN @[ 2018/10/27 15:50:09 ]
COMP Sending UDP request ... @[ 2018/10/27 15:50:09 ]
COMP Waiting for UDP Reply ... @[ 2018/10/27 15:50:09 ]
Course List from => INSE @[ 2018/10/27 15:50:09 ]
COMP Sending UDP request ... @[ 2018/10/27 15:50:09 ]
COMP Waiting for UDP Reply ... @[ 2018/10/27 15:50:09 ]
comp1234_40*comp0987_40=error=error @[ 2018/10/27 15:50:09 ]
Course List for => winter @[ 2018/10/27 15:50:13 ]
Course List from => COMP @[ 2018/10/27 15:50:13 ]
Course List from => SOEN @[ 2018/10/27 15:50:13 ]
COMP Sending UDP request ... @[ 2018/10/27 15:50:13 ]
COMP Waiting for UDP Reply ... @[ 2018/10/27 15:50:13 ]
Course List from => INSE @[ 2018/10/27 15:50:13 ]
COMP Sending UDP request ... @[ 2018/10/27 15:50:13 ]
COMP Waiting for UDP Reply ... @[ 2018/10/27 15:50:13 ]
comp1234_40=error=error @[ 2018/10/27 15:50:13 ]
Course List for => summer @[ 2018/10/27 15:50:17 ]
Course List from => COMP @[ 2018/10/27 15:50:17 ]
Course List from => SOEN @[ 2018/10/27 15:50:17 ]
COMP Sending UDP request ... @[ 2018/10/27 15:50:17 ]
COMP Waiting for UDP Reply ... @[ 2018/10/27 15:50:17 ]
Course List from => INSE @[ 2018/10/27 15:50:17 ]
COMP Sending UDP request ... @[ 2018/10/27 15:50:17 ]
COMP Waiting for UDP Reply ... @[ 2018/10/27 15:50:17 ]
comp0987_40=error=error @[ 2018/10/27 15:50:17 ]
COMP Waiting for UDP request Received... @[ 2018/10/27 15:50:44 ]
COMP Waiting for UDP request ... @[ 2018/10/27 15:50:44 ]
COMP Waiting for UDP request Received... @[ 2018/10/27 15:51:29 ]
COMP Waiting for UDP request ... @[ 2018/10/27 15:51:29 ]
COMP Waiting for UDP request Received... @[ 2018/10/27 15:51:33 ]
COMP Waiting for UDP request ... @[ 2018/10/27 15:51:33 ]
COMP Waiting for UDP request Received... @[ 2018/10/27 15:51:40 ]
COMP Waiting for UDP request ... @[ 2018/10/27 15:51:40 ]
COMP Waiting for UDP request Received... @[ 2018/10/27 15:52:05 ]
COMP Waiting for UDP request ... @[ 2018/10/27 15:52:05 ]
COMP Waiting for UDP request Received... @[ 2018/10/27 15:52:51 ]
COMP Waiting for UDP request ... @[ 2018/10/27 15:52:51 ]
COMP Waiting for UDP request Received... @[ 2018/10/27 15:52:55 ]
COMP Waiting for UDP request ... @[ 2018/10/27 15:52:55 ]
COMP Waiting for UDP request Received... @[ 2018/10/27 15:52:59 ]
COMP Waiting for UDP request ... @[ 2018/10/27 15:52:59 ]
Getting schedule for => COMPS1234 @[ 2018/10/27 15:53:14 ]
fall - winter - summer -  @[ 2018/10/27 15:53:14 ]
Enrolling => COMPS1234 in => comp1234 for => fall @[ 2018/10/27 15:53:28 ]
Checking to see if COMPS1234 can take any course ... @[ 2018/10/27 15:53:28 ]
Trying to enrol the COMPS1234 in the comp1234 @[ 2018/10/27 15:53:28 ]
You have been enrolled Successfully !!! @[ 2018/10/27 15:53:28 ]
Getting schedule for => COMPS1234 @[ 2018/10/27 15:53:30 ]
fall - comp1234 winter - summer -  @[ 2018/10/27 15:53:30 ]
COMP Server Initiated @[ 2018/10/27 15:59:04 ]
COMP server has been started @[ 2018/10/27 15:59:04 ]
COMP Running UDP Server @[ 2018/10/27 15:59:04 ]
COMP Waiting for UDP request ... @[ 2018/10/27 15:59:04 ]
Getting schedule for => COMPS1234 @[ 2018/10/27 15:59:25 ]
fall - comp1234 winter - summer -  @[ 2018/10/27 15:59:25 ]
Enrolling => COMPS1234 in => comp1234 for => fall @[ 2018/10/27 15:59:48 ]
Checking to see if COMPS1234 can take any course ... @[ 2018/10/27 15:59:48 ]
Trying to enrol the COMPS1234 in the comp1234 @[ 2018/10/27 15:59:48 ]
You cannot take more than 3 courses OR you have already Registered for this course !! @[ 2018/10/27 15:59:48 ]
Getting schedule for => COMPS1234 @[ 2018/10/27 15:59:54 ]
fall - comp1234 winter - summer -  @[ 2018/10/27 15:59:54 ]
Course List for => fall @[ 2018/10/27 16:00:08 ]
Course List from => COMP @[ 2018/10/27 16:00:08 ]
Course List from => SOEN @[ 2018/10/27 16:00:08 ]
COMP Sending UDP request ... @[ 2018/10/27 16:00:08 ]
COMP Waiting for UDP Reply ... @[ 2018/10/27 16:00:08 ]
Course List from => INSE @[ 2018/10/27 16:00:08 ]
COMP Sending UDP request ... @[ 2018/10/27 16:00:08 ]
COMP Waiting for UDP Reply ... @[ 2018/10/27 16:00:08 ]
comp1234_39*comp0987_40=soen1234_40=inse1234_40 @[ 2018/10/27 16:00:08 ]
Enrolling => COMPS1234 in => inse1234 for => fall @[ 2018/10/27 16:00:28 ]
COMP Sending UDP request ... @[ 2018/10/27 16:00:28 ]
COMP Waiting for UDP Reply ... @[ 2018/10/27 16:00:28 ]
Checking to see if COMPS1234 can take any course ... @[ 2018/10/27 16:00:28 ]
Trying to enrol the COMPS1234 in the inse1234 @[ 2018/10/27 16:00:28 ]
You have been enrolled Successfully !!! @[ 2018/10/27 16:00:28 ]
Getting schedule for => COMPS1234 @[ 2018/10/27 16:00:38 ]
fall - comp1234 inse1234 winter - summer -  @[ 2018/10/27 16:00:38 ]
COMP Server Initiated @[ 2018/10/27 16:05:11 ]
COMP server has been started @[ 2018/10/27 16:05:11 ]
COMP Running UDP Server @[ 2018/10/27 16:05:11 ]
COMP Waiting for UDP request ... @[ 2018/10/27 16:05:11 ]
Course List for => fall @[ 2018/10/27 16:05:44 ]
Course List from => COMP @[ 2018/10/27 16:05:44 ]
Course List from => SOEN @[ 2018/10/27 16:05:44 ]
COMP Sending UDP request ... @[ 2018/10/27 16:05:44 ]
COMP Waiting for UDP Reply ... @[ 2018/10/27 16:05:44 ]
Course List from => INSE @[ 2018/10/27 16:05:44 ]
COMP Sending UDP request ... @[ 2018/10/27 16:05:44 ]
COMP Waiting for UDP Reply ... @[ 2018/10/27 16:05:44 ]
comp1234_39*comp0987_40=soen1234_40=inse1234_39 @[ 2018/10/27 16:05:44 ]
Getting schedule for => COMPS1234 @[ 2018/10/27 16:05:53 ]
fall - comp1234 inse1234 winter - summer -  @[ 2018/10/27 16:05:53 ]
Enrolling => COMPS1234 in => inse1234 for => fall @[ 2018/10/27 16:06:12 ]
COMP Sending UDP request ... @[ 2018/10/27 16:06:12 ]
COMP Waiting for UDP Reply ... @[ 2018/10/27 16:06:12 ]
Checking to see if COMPS1234 can take any course ... @[ 2018/10/27 16:06:12 ]
Trying to enrol the COMPS1234 in the inse1234 @[ 2018/10/27 16:06:12 ]
You cannot take more than 3 courses OR you have already Registered for this course !! @[ 2018/10/27 16:06:12 ]
Enrolling => COMPS1234 in => soen1234 for => fall @[ 2018/10/27 16:06:26 ]
COMP Sending UDP request ... @[ 2018/10/27 16:06:26 ]
COMP Waiting for UDP Reply ... @[ 2018/10/27 16:06:26 ]
Checking to see if COMPS1234 can take any course ... @[ 2018/10/27 16:06:26 ]
Trying to enrol the COMPS1234 in the soen1234 @[ 2018/10/27 16:06:26 ]
You have been enrolled Successfully !!! @[ 2018/10/27 16:06:26 ]
Getting schedule for => COMPS1234 @[ 2018/10/27 16:06:27 ]
fall - comp1234 inse1234 soen1234 winter - summer -  @[ 2018/10/27 16:06:27 ]
Dropping => comp1234 for  => COMPS1234 @[ 2018/10/27 16:06:36 ]
Dropped Successfully !!! @[ 2018/10/27 16:06:36 ]
Getting schedule for => COMPS1234 @[ 2018/10/27 16:06:39 ]
fall - inse1234 soen1234 winter - summer -  @[ 2018/10/27 16:06:39 ]
COMP Server Initiated @[ 2018/10/27 16:13:57 ]
COMP server has been started @[ 2018/10/27 16:13:57 ]
COMP Running UDP Server @[ 2018/10/27 16:13:57 ]
COMP Waiting for UDP request ... @[ 2018/10/27 16:13:57 ]
Getting schedule for => COMPS1234 @[ 2018/10/27 16:14:15 ]
fall - inse1234 soen1234 winter - summer -  @[ 2018/10/27 16:14:15 ]
Course List for => fall @[ 2018/10/27 16:14:28 ]
Course List from => COMP @[ 2018/10/27 16:14:28 ]
Course List from => SOEN @[ 2018/10/27 16:14:28 ]
COMP Sending UDP request ... @[ 2018/10/27 16:14:28 ]
COMP Waiting for UDP Reply ... @[ 2018/10/27 16:14:28 ]
Course List from => INSE @[ 2018/10/27 16:14:28 ]
COMP Sending UDP request ... @[ 2018/10/27 16:14:28 ]
COMP Waiting for UDP Reply ... @[ 2018/10/27 16:14:28 ]
comp1234_40*comp0987_40=soen1234_39=inse1234_38 @[ 2018/10/27 16:14:28 ]
Course List for => winter @[ 2018/10/27 16:14:31 ]
Course List from => COMP @[ 2018/10/27 16:14:31 ]
Course List from => SOEN @[ 2018/10/27 16:14:31 ]
COMP Sending UDP request ... @[ 2018/10/27 16:14:31 ]
COMP Waiting for UDP Reply ... @[ 2018/10/27 16:14:31 ]
Course List from => INSE @[ 2018/10/27 16:14:31 ]
COMP Sending UDP request ... @[ 2018/10/27 16:14:31 ]
COMP Waiting for UDP Reply ... @[ 2018/10/27 16:14:31 ]
comp1234_40=soen0987_40=inse1234_40*inse0987_40 @[ 2018/10/27 16:14:31 ]
Course List for => summer @[ 2018/10/27 16:14:38 ]
Course List from => COMP @[ 2018/10/27 16:14:38 ]
Course List from => SOEN @[ 2018/10/27 16:14:38 ]
COMP Sending UDP request ... @[ 2018/10/27 16:14:38 ]
COMP Waiting for UDP Reply ... @[ 2018/10/27 16:14:38 ]
Course List from => INSE @[ 2018/10/27 16:14:38 ]
COMP Sending UDP request ... @[ 2018/10/27 16:14:38 ]
COMP Waiting for UDP Reply ... @[ 2018/10/27 16:14:38 ]
comp0987_40=soen1234_40*soen0987_40=inse0987_40 @[ 2018/10/27 16:14:38 ]
Enrolling => COMPS1234 in => comp1234 for => fall @[ 2018/10/27 16:15:17 ]
Checking to see if COMPS1234 can take any course ... @[ 2018/10/27 16:15:17 ]
Trying to enrol the COMPS1234 in the comp1234 @[ 2018/10/27 16:15:17 ]
You have been enrolled Successfully !!! @[ 2018/10/27 16:15:17 ]
Getting schedule for => COMPS1234 @[ 2018/10/27 16:15:27 ]
fall - inse1234 soen1234 comp1234 winter - summer -  @[ 2018/10/27 16:15:27 ]
Enrolling => COMPS1234 in => comp0987 for => fall @[ 2018/10/27 16:15:38 ]
You cannot take more than 3 courses !! @[ 2018/10/27 16:15:38 ]
Getting schedule for => COMPS1234 @[ 2018/10/27 16:15:41 ]
fall - inse1234 soen1234 comp1234 winter - summer -  @[ 2018/10/27 16:15:41 ]
Enrolling => COMPS1234 in => comp1234 for => winter @[ 2018/10/27 16:15:58 ]
Checking to see if COMPS1234 can take any course ... @[ 2018/10/27 16:15:58 ]
Trying to enrol the COMPS1234 in the comp1234 @[ 2018/10/27 16:15:58 ]
You have been enrolled Successfully !!! @[ 2018/10/27 16:15:58 ]
Getting schedule for => COMPS1234 @[ 2018/10/27 16:16:02 ]
fall - inse1234 soen1234 comp1234 winter - comp1234 summer -  @[ 2018/10/27 16:16:02 ]
Enrolling => COMPS1234 in => inse0988 for => summer @[ 2018/10/27 16:16:28 ]
COMP Sending UDP request ... @[ 2018/10/27 16:16:28 ]
COMP Waiting for UDP Reply ... @[ 2018/10/27 16:16:28 ]
Checking to see if COMPS1234 can take any course ... @[ 2018/10/27 16:16:28 ]
No space available OR the course doesnt exist in that semester !! @[ 2018/10/27 16:16:28 ]
Getting schedule for => COMPS1234 @[ 2018/10/27 16:16:30 ]
fall - inse1234 soen1234 comp1234 winter - comp1234 summer -  @[ 2018/10/27 16:16:30 ]
Enrolling => COMPS1234 in => inse0987 for => summer @[ 2018/10/27 16:16:44 ]
COMP Sending UDP request ... @[ 2018/10/27 16:16:44 ]
COMP Waiting for UDP Reply ... @[ 2018/10/27 16:16:44 ]
Checking to see if COMPS1234 can take any course ... @[ 2018/10/27 16:16:44 ]
Trying to enrol the COMPS1234 in the inse0987 @[ 2018/10/27 16:16:44 ]
You have been enrolled Successfully !!! @[ 2018/10/27 16:16:44 ]
Getting schedule for => COMPS1234 @[ 2018/10/27 16:16:53 ]
fall - inse1234 soen1234 comp1234 winter - comp1234 summer - inse0987  @[ 2018/10/27 16:16:53 ]
Enrolling => COMPS1234 in => soen1234 for => winter @[ 2018/10/27 16:17:19 ]
COMP Sending UDP request ... @[ 2018/10/27 16:17:19 ]
COMP Waiting for UDP Reply ... @[ 2018/10/27 16:17:19 ]
Checking to see if COMPS1234 can take any course ... @[ 2018/10/27 16:17:19 ]
No space available OR the course doesnt exist in that semester !! @[ 2018/10/27 16:17:19 ]
Enrolling => COMPS1234 in => soen0987 for => winter @[ 2018/10/27 16:17:39 ]
COMP Sending UDP request ... @[ 2018/10/27 16:17:39 ]
COMP Waiting for UDP Reply ... @[ 2018/10/27 16:17:39 ]
Checking to see if COMPS1234 can take any course ... @[ 2018/10/27 16:17:39 ]
Trying to enrol the COMPS1234 in the soen0987 @[ 2018/10/27 16:17:39 ]
You have been enrolled Successfully !!! @[ 2018/10/27 16:17:39 ]
Getting schedule for => COMPS1234 @[ 2018/10/27 16:17:42 ]
fall - inse1234 soen1234 comp1234 winter - comp1234 soen0987 summer - inse0987  @[ 2018/10/27 16:17:42 ]
COMP Server Initiated @[ 2018/10/27 17:16:14 ]
COMP server has been started @[ 2018/10/27 17:16:14 ]
COMP Running UDP Server @[ 2018/10/27 17:16:14 ]
COMP Waiting for UDP request ... @[ 2018/10/27 17:16:14 ]
Course List for => fall @[ 2018/10/27 17:17:05 ]
Course List from => COMP @[ 2018/10/27 17:17:05 ]
Course List from => SOEN @[ 2018/10/27 17:17:05 ]
COMP Sending UDP request ... @[ 2018/10/27 17:17:05 ]
COMP Waiting for UDP Reply ... @[ 2018/10/27 17:17:05 ]
Course List from => INSE @[ 2018/10/27 17:17:05 ]
COMP Sending UDP request ... @[ 2018/10/27 17:17:05 ]
COMP Waiting for UDP Reply ... @[ 2018/10/27 17:17:05 ]
comp1234_39*comp0987_40=soen1234_39=inse1234_38 @[ 2018/10/27 17:17:05 ]
Course List for => fall @[ 2018/10/27 17:17:09 ]
Course List from => COMP @[ 2018/10/27 17:17:09 ]
Course List from => SOEN @[ 2018/10/27 17:17:09 ]
COMP Sending UDP request ... @[ 2018/10/27 17:17:09 ]
COMP Waiting for UDP Reply ... @[ 2018/10/27 17:17:09 ]
Course List from => INSE @[ 2018/10/27 17:17:09 ]
COMP Sending UDP request ... @[ 2018/10/27 17:17:09 ]
COMP Waiting for UDP Reply ... @[ 2018/10/27 17:17:09 ]
comp1234_39*comp0987_40=soen1234_39=inse1234_38 @[ 2018/10/27 17:17:09 ]
Course List for => winter @[ 2018/10/27 17:17:12 ]
Course List from => COMP @[ 2018/10/27 17:17:12 ]
Course List from => SOEN @[ 2018/10/27 17:17:12 ]
COMP Sending UDP request ... @[ 2018/10/27 17:17:12 ]
COMP Waiting for UDP Reply ... @[ 2018/10/27 17:17:12 ]
Course List from => INSE @[ 2018/10/27 17:17:12 ]
COMP Sending UDP request ... @[ 2018/10/27 17:17:12 ]
COMP Waiting for UDP Reply ... @[ 2018/10/27 17:17:12 ]
comp1234_39=soen0987_39=inse1234_40*inse0987_40 @[ 2018/10/27 17:17:12 ]
Course List for => summer @[ 2018/10/27 17:17:16 ]
Course List from => COMP @[ 2018/10/27 17:17:16 ]
Course List from => SOEN @[ 2018/10/27 17:17:16 ]
COMP Sending UDP request ... @[ 2018/10/27 17:17:16 ]
COMP Waiting for UDP Reply ... @[ 2018/10/27 17:17:16 ]
Course List from => INSE @[ 2018/10/27 17:17:16 ]
COMP Sending UDP request ... @[ 2018/10/27 17:17:16 ]
COMP Waiting for UDP Reply ... @[ 2018/10/27 17:17:16 ]
comp0987_40=soen1234_40*soen0987_40=inse0987_39 @[ 2018/10/27 17:17:16 ]
Getting schedule for => COMPS1235 @[ 2018/10/27 17:17:34 ]
fall - winter - summer -  @[ 2018/10/27 17:17:34 ]
Enrolling => COMPS1235 in => soen1234 for => fall @[ 2018/10/27 17:17:55 ]
COMP Sending UDP request ... @[ 2018/10/27 17:17:55 ]
COMP Waiting for UDP Reply ... @[ 2018/10/27 17:17:55 ]
Checking to see if COMPS1235 can take any course ... @[ 2018/10/27 17:17:55 ]
Trying to enrol the COMPS1235 in the soen1234 @[ 2018/10/27 17:17:55 ]
You have been enrolled Successfully !!! @[ 2018/10/27 17:17:55 ]
Enrolling => COMPS1235 in => inse1234 for => fall @[ 2018/10/27 17:18:16 ]
COMP Sending UDP request ... @[ 2018/10/27 17:18:16 ]
COMP Waiting for UDP Reply ... @[ 2018/10/27 17:18:16 ]
Checking to see if COMPS1235 can take any course ... @[ 2018/10/27 17:18:16 ]
Trying to enrol the COMPS1235 in the inse1234 @[ 2018/10/27 17:18:16 ]
You have been enrolled Successfully !!! @[ 2018/10/27 17:18:16 ]
Getting schedule for => COMPS1235 @[ 2018/10/27 17:18:18 ]
fall - soen1234 inse1234 winter - summer -  @[ 2018/10/27 17:18:18 ]
Enrolling => COMPS1235 in => soen1234 for => summer @[ 2018/10/27 17:18:45 ]
COMP Sending UDP request ... @[ 2018/10/27 17:18:45 ]
COMP Waiting for UDP Reply ... @[ 2018/10/27 17:18:45 ]
Checking to see if COMPS1235 can take any course ... @[ 2018/10/27 17:18:45 ]
Trying to enrol the COMPS1235 in the soen1234 @[ 2018/10/27 17:18:45 ]
You have been enrolled Successfully !!! @[ 2018/10/27 17:18:45 ]
Getting schedule for => COMPS1235 @[ 2018/10/27 17:18:47 ]
fall - soen1234 inse1234 winter - summer - soen1234  @[ 2018/10/27 17:18:47 ]
COMP Server Initiated @[ 2018/10/27 17:23:53 ]
COMP server has been started @[ 2018/10/27 17:23:54 ]
COMP Running UDP Server @[ 2018/10/27 17:23:54 ]
COMP Waiting for UDP request ... @[ 2018/10/27 17:23:54 ]
Enrolling => COMPS1235 in => soen1234 for => summer @[ 2018/10/27 17:24:08 ]
COMP Sending UDP request ... @[ 2018/10/27 17:26:19 ]
COMP Waiting for UDP Reply ... @[ 2018/10/27 17:26:19 ]
Checking to see if COMPS1235 can take any course ... @[ 2018/10/27 17:26:19 ]
Trying to enrol the COMPS1235 in the soen1234 @[ 2018/10/27 17:26:19 ]
You cannot take more than 3 courses OR you have already Registered for this course !! @[ 2018/10/27 17:26:40 ]
COMP Server Initiated @[ 2018/10/27 17:28:40 ]
COMP server has been started @[ 2018/10/27 17:28:40 ]
COMP Running UDP Server @[ 2018/10/27 17:28:40 ]
COMP Waiting for UDP request ... @[ 2018/10/27 17:28:40 ]
Enrolling => COMPS1235 in => soen0987 for => winter @[ 2018/10/27 17:29:04 ]
COMP Sending UDP request ... @[ 2018/10/27 17:29:04 ]
COMP Waiting for UDP Reply ... @[ 2018/10/27 17:29:04 ]
Checking to see if COMPS1235 can take any course ... @[ 2018/10/27 17:29:04 ]
Trying to enrol the COMPS1235 in the soen0987 @[ 2018/10/27 17:29:04 ]
You have been enrolled Successfully !!! @[ 2018/10/27 17:29:04 ]
Getting schedule for => COMPS1235 @[ 2018/10/27 17:29:09 ]
fall - soen1234 inse1234 winter - soen0987 summer - soen1234  @[ 2018/10/27 17:29:09 ]
COMP Server Initiated @[ 2018/10/27 17:31:11 ]
COMP server has been started @[ 2018/10/27 17:31:12 ]
COMP Running UDP Server @[ 2018/10/27 17:31:12 ]
COMP Waiting for UDP request ... @[ 2018/10/27 17:31:12 ]
Enrolling => COMPS1235 in => soen1234 for => fall @[ 2018/10/27 17:31:28 ]
COMP Sending UDP request ... @[ 2018/10/27 17:31:28 ]
COMP Waiting for UDP Reply ... @[ 2018/10/27 17:31:28 ]
Checking to see if COMPS1235 can take any course ... @[ 2018/10/27 17:31:28 ]
Trying to enrol the COMPS1235 in the soen1234 @[ 2018/10/27 17:31:28 ]
You cannot take more than 3 courses OR you have already Registered for this course !! @[ 2018/10/27 17:31:28 ]
COMP Server Initiated @[ 2018/10/27 17:35:46 ]
COMP server has been started @[ 2018/10/27 17:35:47 ]
COMP Running UDP Server @[ 2018/10/27 17:35:47 ]
COMP Waiting for UDP request ... @[ 2018/10/27 17:35:47 ]
COMP Server Initiated @[ 2018/10/27 17:38:36 ]
COMP server has been started @[ 2018/10/27 17:38:37 ]
COMP Running UDP Server @[ 2018/10/27 17:38:37 ]
COMP Waiting for UDP request ... @[ 2018/10/27 17:38:37 ]
COMP Server Initiated @[ 2018/10/27 17:45:22 ]
COMP server has been started @[ 2018/10/27 17:45:23 ]
COMP Running UDP Server @[ 2018/10/27 17:45:23 ]
COMP Waiting for UDP request ... @[ 2018/10/27 17:45:23 ]
COMP Waiting for UDP request Received... @[ 2018/10/27 17:47:19 ]
COMP Waiting for UDP request ... @[ 2018/10/27 17:47:19 ]
COMP Server Initiated @[ 2018/10/27 17:49:14 ]
COMP server has been started @[ 2018/10/27 17:49:15 ]
COMP Running UDP Server @[ 2018/10/27 17:49:15 ]
COMP Waiting for UDP request ... @[ 2018/10/27 17:49:15 ]
COMP Server Initiated @[ 2018/10/27 17:53:33 ]
COMP server has been started @[ 2018/10/27 17:53:33 ]
COMP Running UDP Server @[ 2018/10/27 17:53:33 ]
COMP Waiting for UDP request ... @[ 2018/10/27 17:53:33 ]
COMP Server Initiated @[ 2018/10/27 17:58:28 ]
COMP server has been started @[ 2018/10/27 17:58:28 ]
COMP Running UDP Server @[ 2018/10/27 17:58:28 ]
COMP Waiting for UDP request ... @[ 2018/10/27 17:58:28 ]
COMP Waiting for UDP request Received... @[ 2018/10/27 17:59:10 ]
COMP Waiting for UDP request ... @[ 2018/10/27 17:59:10 ]
COMP Waiting for UDP request Received... @[ 2018/10/27 18:00:22 ]
COMP Waiting for UDP request ... @[ 2018/10/27 18:00:22 ]
COMP Waiting for UDP request Received... @[ 2018/10/27 18:00:46 ]
COMP Waiting for UDP request ... @[ 2018/10/27 18:00:46 ]
COMP Waiting for UDP request Received... @[ 2018/10/27 18:04:38 ]
COMP Waiting for UDP request ... @[ 2018/10/27 18:04:38 ]
COMP Waiting for UDP request Received... @[ 2018/10/27 18:04:51 ]
COMP Waiting for UDP request ... @[ 2018/10/27 18:04:51 ]
COMP Server Initiated @[ 2018/10/27 18:44:22 ]
COMP server has been started @[ 2018/10/27 18:44:22 ]
COMP Running UDP Server @[ 2018/10/27 18:44:22 ]
COMP Waiting for UDP request ... @[ 2018/10/27 18:44:22 ]
Course List for => fall @[ 2018/10/27 18:45:56 ]
Course List from => COMP @[ 2018/10/27 18:45:57 ]
Course List from => SOEN @[ 2018/10/27 18:45:57 ]
COMP Sending UDP request ... @[ 2018/10/27 18:45:57 ]
COMP Waiting for UDP Reply ... @[ 2018/10/27 18:45:57 ]
Course List from => INSE @[ 2018/10/27 18:45:57 ]
COMP Sending UDP request ... @[ 2018/10/27 18:45:57 ]
COMP Waiting for UDP Reply ... @[ 2018/10/27 18:45:57 ]
comp1234_38*comp0987_40=soen1234_37=inse1234_36 @[ 2018/10/27 18:45:57 ]
COMP Adding => comp3456 For => fall @[ 2018/10/27 18:46:10 ]
success @[ 2018/10/27 18:46:10 ]
Course List for => fall @[ 2018/10/27 18:46:15 ]
Course List from => COMP @[ 2018/10/27 18:46:15 ]
Course List from => SOEN @[ 2018/10/27 18:46:15 ]
COMP Sending UDP request ... @[ 2018/10/27 18:46:15 ]
COMP Waiting for UDP Reply ... @[ 2018/10/27 18:46:15 ]
Course List from => INSE @[ 2018/10/27 18:46:15 ]
COMP Sending UDP request ... @[ 2018/10/27 18:46:15 ]
COMP Waiting for UDP Reply ... @[ 2018/10/27 18:46:15 ]
comp1234_38*comp0987_40*comp3456_1=soen1234_37=inse1234_36 @[ 2018/10/27 18:46:15 ]
Course List for => fall @[ 2018/10/27 18:47:41 ]
Course List from => COMP @[ 2018/10/27 18:47:41 ]
Course List from => SOEN @[ 2018/10/27 18:47:41 ]
COMP Sending UDP request ... @[ 2018/10/27 18:47:41 ]
COMP Waiting for UDP Reply ... @[ 2018/10/27 18:47:41 ]
Course List from => INSE @[ 2018/10/27 18:47:41 ]
COMP Sending UDP request ... @[ 2018/10/27 18:47:41 ]
COMP Waiting for UDP Reply ... @[ 2018/10/27 18:47:41 ]
comp1234_38*comp0987_40*comp3456_1=soen1234_37=inse1234_36 @[ 2018/10/27 18:47:41 ]
COMP Adding => comp9876 For => winter @[ 2018/10/27 18:48:04 ]
success @[ 2018/10/27 18:48:04 ]
Course List for => winter @[ 2018/10/27 18:48:07 ]
Course List from => COMP @[ 2018/10/27 18:48:07 ]
Course List from => SOEN @[ 2018/10/27 18:48:07 ]
COMP Sending UDP request ... @[ 2018/10/27 18:48:07 ]
COMP Waiting for UDP Reply ... @[ 2018/10/27 18:48:07 ]
Course List from => INSE @[ 2018/10/27 18:48:07 ]
COMP Sending UDP request ... @[ 2018/10/27 18:48:07 ]
COMP Waiting for UDP Reply ... @[ 2018/10/27 18:48:07 ]
comp1234_38*comp9876_4=soen0987_38=inse1234_39*inse0987_40 @[ 2018/10/27 18:48:07 ]
COMP Server Initiated @[ 2018/10/27 19:02:41 ]
COMP server has been started @[ 2018/10/27 19:02:41 ]
COMP Running UDP Server @[ 2018/10/27 19:02:41 ]
COMP Waiting for UDP request ... @[ 2018/10/27 19:02:41 ]
Getting schedule for => COMPS1234 @[ 2018/10/27 19:03:12 ]
fall - winter - summer -  @[ 2018/10/27 19:03:12 ]
Enrolling => COMPS1234 in => comp1234 for => fall @[ 2018/10/27 19:03:50 ]
Checking to see if COMPS1234 can take any course ... @[ 2018/10/27 19:03:50 ]
Trying to enrol the COMPS1234 in the comp1234 @[ 2018/10/27 19:03:50 ]
You have been enrolled Successfully !!! @[ 2018/10/27 19:03:50 ]
Enrolling => COMPS1234 in => comp1234 for => winter @[ 2018/10/27 19:04:03 ]
Checking to see if COMPS1234 can take any course ... @[ 2018/10/27 19:04:03 ]
Trying to enrol the COMPS1234 in the comp1234 @[ 2018/10/27 19:04:03 ]
You have been enrolled Successfully !!! @[ 2018/10/27 19:04:03 ]
Enrolling => COMPS1234 in => soen1234 for => summer @[ 2018/10/27 19:04:17 ]
COMP Sending UDP request ... @[ 2018/10/27 19:04:17 ]
COMP Waiting for UDP Reply ... @[ 2018/10/27 19:04:17 ]
Checking to see if COMPS1234 can take any course ... @[ 2018/10/27 19:04:17 ]
Trying to enrol the COMPS1234 in the soen1234 @[ 2018/10/27 19:04:17 ]
You have been enrolled Successfully !!! @[ 2018/10/27 19:04:17 ]
Enrolling => COMPS0987 in => soen1234 for => fall @[ 2018/10/27 19:05:08 ]
COMP Sending UDP request ... @[ 2018/10/27 19:05:08 ]
COMP Waiting for UDP Reply ... @[ 2018/10/27 19:05:08 ]
Checking to see if COMPS0987 can take any course ... @[ 2018/10/27 19:05:08 ]
Trying to enrol the COMPS0987 in the soen1234 @[ 2018/10/27 19:05:08 ]
You have been enrolled Successfully !!! @[ 2018/10/27 19:05:08 ]
Enrolling => COMPS0987 in => comp1234 for => winter @[ 2018/10/27 19:06:16 ]
Checking to see if COMPS0987 can take any course ... @[ 2018/10/27 19:06:16 ]
Trying to enrol the COMPS0987 in the comp1234 @[ 2018/10/27 19:06:16 ]
You have been enrolled Successfully !!! @[ 2018/10/27 19:06:16 ]
Getting schedule for => COMPS0987 @[ 2018/10/27 19:06:22 ]
fall - soen1234 winter - soen1234 comp1234 summer - soen1234  @[ 2018/10/27 19:06:22 ]
Getting schedule for => COMPS4321 @[ 2018/10/27 19:07:40 ]
fall - winter - summer -  @[ 2018/10/27 19:07:40 ]
Enrolling => COMPS4321 in => comp1234 for => fall @[ 2018/10/27 19:07:56 ]
Checking to see if COMPS4321 can take any course ... @[ 2018/10/27 19:07:56 ]
Trying to enrol the COMPS4321 in the comp1234 @[ 2018/10/27 19:07:56 ]
You have been enrolled Successfully !!! @[ 2018/10/27 19:07:56 ]
Enrolling => COMPS4321 in => inse1234 for => fall @[ 2018/10/27 19:08:14 ]
COMP Sending UDP request ... @[ 2018/10/27 19:08:14 ]
COMP Waiting for UDP Reply ... @[ 2018/10/27 19:08:14 ]
Checking to see if COMPS4321 can take any course ... @[ 2018/10/27 19:08:14 ]
Trying to enrol the COMPS4321 in the inse1234 @[ 2018/10/27 19:08:14 ]
You have been enrolled Successfully !!! @[ 2018/10/27 19:08:14 ]
Getting schedule for => COMPS4321 @[ 2018/10/27 19:08:23 ]
fall - comp1234 inse1234 winter - summer -  @[ 2018/10/27 19:08:23 ]
Getting schedule for => COMPS4321 @[ 2018/10/27 19:09:17 ]
fall - comp1234 inse1234 winter - summer -  @[ 2018/10/27 19:09:17 ]
Dropping => comp1234 for  => COMPS4321 @[ 2018/10/27 19:09:28 ]
Dropped Successfully !!! @[ 2018/10/27 19:09:28 ]
Dropping => comp1234 for  => COMPS4321 @[ 2018/10/27 19:09:57 ]
The course doesn't Exist !! @[ 2018/10/27 19:09:57 ]
Getting schedule for => COMPS4321 @[ 2018/10/27 19:10:10 ]
fall - inse1234 winter - summer -  @[ 2018/10/27 19:10:10 ]
COMP Server Initiated @[ 2018/10/27 20:42:09 ]
COMP server has been started @[ 2018/10/27 20:42:09 ]
COMP Running UDP Server @[ 2018/10/27 20:42:09 ]
COMP Waiting for UDP request ... @[ 2018/10/27 20:42:09 ]
COMP Waiting for UDP request Received... @[ 2018/10/27 20:43:02 ]
COMP Waiting for UDP request ... @[ 2018/10/27 20:43:02 ]
COMP Waiting for UDP request Received... @[ 2018/10/27 20:43:52 ]
COMP Waiting for UDP request ... @[ 2018/10/27 20:43:52 ]
COMP Waiting for UDP request Received... @[ 2018/10/27 20:43:55 ]
COMP Waiting for UDP request ... @[ 2018/10/27 20:43:55 ]
COMP Waiting for UDP request Received... @[ 2018/10/27 20:44:00 ]
COMP Waiting for UDP request ... @[ 2018/10/27 20:44:00 ]
COMP Waiting for UDP request Received... @[ 2018/10/27 20:45:31 ]
COMP Waiting for UDP request ... @[ 2018/10/27 20:45:31 ]
COMP Waiting for UDP request Received... @[ 2018/10/27 20:46:53 ]
COMP Waiting for UDP request ... @[ 2018/10/27 20:46:53 ]
COMP Server Initiated @[ 2018/10/27 21:12:14 ]
COMP server has been started @[ 2018/10/27 21:12:14 ]
COMP Running UDP Server @[ 2018/10/27 21:12:14 ]
COMP Waiting for UDP request ... @[ 2018/10/27 21:12:14 ]
COMP Waiting for UDP request Received... @[ 2018/10/27 21:13:52 ]
COMP Waiting for UDP request ... @[ 2018/10/27 21:13:52 ]