
INSE Server Initiated @[ 2018/10/27 15:47:46 ]
INSE server has been started @[ 2018/10/27 15:47:46 ]
INSE Running UDP Server @[ 2018/10/27 15:47:46 ]
INSE Waiting for UDP request ... @[ 2018/10/27 15:47:46 ]
INSE Waiting for UDP request Received... @[ 2018/10/27 15:48:18 ]
INSE Waiting for UDP request ... @[ 2018/10/27 15:48:18 ]
INSE Waiting for UDP request Received... @[ 2018/10/27 15:48:51 ]
INSE Waiting for UDP request ... @[ 2018/10/27 15:48:51 ]
INSE Waiting for UDP request Received... @[ 2018/10/27 15:50:09 ]
INSE Waiting for UDP request ... @[ 2018/10/27 15:50:09 ]
INSE Waiting for UDP request Received... @[ 2018/10/27 15:50:13 ]
INSE Waiting for UDP request ... @[ 2018/10/27 15:50:13 ]
INSE Waiting for UDP request Received... @[ 2018/10/27 15:50:17 ]
INSE Waiting for UDP request ... @[ 2018/10/27 15:50:17 ]
INSE Waiting for UDP request Received... @[ 2018/10/27 15:50:44 ]
INSE Waiting for UDP request ... @[ 2018/10/27 15:50:44 ]
INSE Waiting for UDP request Received... @[ 2018/10/27 15:51:29 ]
INSE Waiting for UDP request ... @[ 2018/10/27 15:51:29 ]
INSE Waiting for UDP request Received... @[ 2018/10/27 15:51:33 ]
INSE Waiting for UDP request ... @[ 2018/10/27 15:51:33 ]
INSE Waiting for UDP request Received... @[ 2018/10/27 15:51:40 ]
INSE Waiting for UDP request ... @[ 2018/10/27 15:51:40 ]
Course List for => fall @[ 2018/10/27 15:52:05 ]
Course List from => INSE @[ 2018/10/27 15:52:05 ]
Course List from => COMP @[ 2018/10/27 15:52:05 ]
INSE Sending UDP request ... @[ 2018/10/27 15:52:05 ]
INSE Waiting for UDP Reply ... @[ 2018/10/27 15:52:05 ]
Course List from => SOEN @[ 2018/10/27 15:52:05 ]
INSE Sending UDP request ... @[ 2018/10/27 15:52:05 ]
INSE Waiting for UDP Reply ... @[ 2018/10/27 15:52:05 ]
error=comp1234_40*comp0987_40=soen1234_40 @[ 2018/10/27 15:52:05 ]
INSE Adding => inse1234 For => fall @[ 2018/10/27 15:52:15 ]
success @[ 2018/10/27 15:52:15 ]
INSE Adding => inse1234 For => winter @[ 2018/10/27 15:52:23 ]
success @[ 2018/10/27 15:52:23 ]
INSE Adding => inse0987 For => winter @[ 2018/10/27 15:52:31 ]
success @[ 2018/10/27 15:52:31 ]
INSE Adding => inse0987 For => summer @[ 2018/10/27 15:52:42 ]
success @[ 2018/10/27 15:52:42 ]
Course List for => fall @[ 2018/10/27 15:52:51 ]
Course List from => INSE @[ 2018/10/27 15:52:51 ]
Course List from => COMP @[ 2018/10/27 15:52:51 ]
INSE Sending UDP request ... @[ 2018/10/27 15:52:51 ]
INSE Waiting for UDP Reply ... @[ 2018/10/27 15:52:51 ]
Course List from => SOEN @[ 2018/10/27 15:52:51 ]
INSE Sending UDP request ... @[ 2018/10/27 15:52:51 ]
INSE Waiting for UDP Reply ... @[ 2018/10/27 15:52:51 ]
inse1234_40=comp1234_40*comp0987_40=soen1234_40 @[ 2018/10/27 15:52:51 ]
Course List for => winter @[ 2018/10/27 15:52:55 ]
Course List from => INSE @[ 2018/10/27 15:52:55 ]
Course List from => COMP @[ 2018/10/27 15:52:55 ]
INSE Sending UDP request ... @[ 2018/10/27 15:52:55 ]
INSE Waiting for UDP Reply ... @[ 2018/10/27 15:52:55 ]
Course List from => SOEN @[ 2018/10/27 15:52:55 ]
INSE Sending UDP request ... @[ 2018/10/27 15:52:55 ]
INSE Waiting for UDP Reply ... @[ 2018/10/27 15:52:55 ]
inse1234_40*inse0987_40=comp1234_40=soen0987_40 @[ 2018/10/27 15:52:55 ]
Course List for => summer @[ 2018/10/27 15:52:59 ]
Course List from => INSE @[ 2018/10/27 15:52:59 ]
Course List from => COMP @[ 2018/10/27 15:52:59 ]
INSE Sending UDP request ... @[ 2018/10/27 15:52:59 ]
INSE Waiting for UDP Reply ... @[ 2018/10/27 15:52:59 ]
Course List from => SOEN @[ 2018/10/27 15:52:59 ]
INSE Sending UDP request ... @[ 2018/10/27 15:52:59 ]
INSE Waiting for UDP Reply ... @[ 2018/10/27 15:52:59 ]
inse0987_40=comp0987_40=soen1234_40*soen0987_40 @[ 2018/10/27 15:52:59 ]
INSE Server Initiated @[ 2018/10/27 15:59:04 ]
INSE server has been started @[ 2018/10/27 15:59:04 ]
INSE Running UDP Server @[ 2018/10/27 15:59:04 ]
INSE Waiting for UDP request ... @[ 2018/10/27 15:59:04 ]
INSE Waiting for UDP request Received... @[ 2018/10/27 16:00:08 ]
INSE Waiting for UDP request ... @[ 2018/10/27 16:00:08 ]
INSE Waiting for UDP request Received... @[ 2018/10/27 16:00:28 ]
INSE Waiting for UDP request ... @[ 2018/10/27 16:00:28 ]
INSE Server Initiated @[ 2018/10/27 16:05:11 ]
INSE server has been started @[ 2018/10/27 16:05:11 ]
INSE Running UDP Server @[ 2018/10/27 16:05:11 ]
INSE Waiting for UDP request ... @[ 2018/10/27 16:05:11 ]
INSE Waiting for UDP request Received... @[ 2018/10/27 16:05:44 ]
INSE Waiting for UDP request ... @[ 2018/10/27 16:05:44 ]
INSE Waiting for UDP request Received... @[ 2018/10/27 16:06:12 ]
INSE Waiting for UDP request ... @[ 2018/10/27 16:06:12 ]
INSE Server Initiated @[ 2018/10/27 16:13:57 ]
INSE server has been started @[ 2018/10/27 16:13:57 ]
INSE Running UDP Server @[ 2018/10/27 16:13:57 ]
INSE Waiting for UDP request ... @[ 2018/10/27 16:13:57 ]
INSE Waiting for UDP request Received... @[ 2018/10/27 16:14:28 ]
INSE Waiting for UDP request ... @[ 2018/10/27 16:14:28 ]
INSE Waiting for UDP request Received... @[ 2018/10/27 16:14:31 ]
INSE Waiting for UDP request ... @[ 2018/10/27 16:14:31 ]
INSE Waiting for UDP request Received... @[ 2018/10/27 16:14:38 ]
INSE Waiting for UDP request ... @[ 2018/10/27 16:14:38 ]
INSE Waiting for UDP request Received... @[ 2018/10/27 16:16:28 ]
INSE Waiting for UDP request ... @[ 2018/10/27 16:16:28 ]
INSE Waiting for UDP request Received... @[ 2018/10/27 16:16:44 ]
INSE Waiting for UDP request ... @[ 2018/10/27 16:16:44 ]
INSE Server Initiated @[ 2018/10/27 17:16:14 ]
INSE server has been started @[ 2018/10/27 17:16:14 ]
INSE Running UDP Server @[ 2018/10/27 17:16:14 ]
INSE Waiting for UDP request ... @[ 2018/10/27 17:16:14 ]
INSE Waiting for UDP request Received... @[ 2018/10/27 17:17:05 ]
INSE Waiting for UDP request ... @[ 2018/10/27 17:17:05 ]
INSE Waiting for UDP request Received... @[ 2018/10/27 17:17:09 ]
INSE Waiting for UDP request ... @[ 2018/10/27 17:17:09 ]
INSE Waiting for UDP request Received... @[ 2018/10/27 17:17:12 ]
INSE Waiting for UDP request ... @[ 2018/10/27 17:17:12 ]
INSE Waiting for UDP request Received... @[ 2018/10/27 17:17:16 ]
INSE Waiting for UDP request ... @[ 2018/10/27 17:17:16 ]
INSE Waiting for UDP request Received... @[ 2018/10/27 17:18:16 ]
INSE Waiting for UDP request ... @[ 2018/10/27 17:18:16 ]
INSE Server Initiated @[ 2018/10/27 17:23:53 ]
INSE server has been started @[ 2018/10/27 17:23:54 ]
INSE Running UDP Server @[ 2018/10/27 17:23:54 ]
INSE Waiting for UDP request ... @[ 2018/10/27 17:23:54 ]
INSE Server Initiated @[ 2018/10/27 17:28:40 ]
INSE server has been started @[ 2018/10/27 17:28:40 ]
INSE Running UDP Server @[ 2018/10/27 17:28:40 ]
INSE Waiting for UDP request ... @[ 2018/10/27 17:28:40 ]
INSE Server Initiated @[ 2018/10/27 17:31:11 ]
INSE server has been started @[ 2018/10/27 17:31:12 ]
INSE Running UDP Server @[ 2018/10/27 17:31:12 ]
INSE Waiting for UDP request ... @[ 2018/10/27 17:31:12 ]
INSE Server Initiated @[ 2018/10/27 17:35:46 ]
INSE server has been started @[ 2018/10/27 17:35:47 ]
INSE Running UDP Server @[ 2018/10/27 17:35:47 ]
INSE Waiting for UDP request ... @[ 2018/10/27 17:35:47 ]
Getting schedule for => INSES1234 @[ 2018/10/27 17:36:13 ]
fall - winter - summer -  @[ 2018/10/27 17:36:13 ]
Enrolling => INSES1234 in => comp1234 for => fall @[ 2018/10/27 17:36:58 ]
INSE Server Initiated @[ 2018/10/27 17:38:36 ]
INSE server has been started @[ 2018/10/27 17:38:37 ]
INSE Running UDP Server @[ 2018/10/27 17:38:37 ]
INSE Waiting for UDP request ... @[ 2018/10/27 17:38:37 ]
Getting schedule for => INSES1234 @[ 2018/10/27 17:40:32 ]
fall - winter - summer -  @[ 2018/10/27 17:40:32 ]
Enrolling => INSES1234 in => comp1234 for => fall @[ 2018/10/27 17:40:45 ]
INSE Server Initiated @[ 2018/10/27 17:45:22 ]
INSE server has been started @[ 2018/10/27 17:45:23 ]
INSE Running UDP Server @[ 2018/10/27 17:45:23 ]
INSE Waiting for UDP request ... @[ 2018/10/27 17:45:23 ]
Enrolling => INSES1234 in => comp1234 for => fall @[ 2018/10/27 17:47:19 ]
INSE Sending UDP request ... @[ 2018/10/27 17:47:19 ]
INSE Waiting for UDP Reply ... @[ 2018/10/27 17:47:19 ]
Checking to see if INSES1234 can take any course ... @[ 2018/10/27 17:47:19 ]
Trying to enrol the INSES1234 in the comp1234 @[ 2018/10/27 17:47:19 ]
You have been enrolled Successfully !!! @[ 2018/10/27 17:47:19 ]
INSE Server Initiated @[ 2018/10/27 17:49:14 ]
INSE server has been started @[ 2018/10/27 17:49:15 ]
INSE Running UDP Server @[ 2018/10/27 17:49:15 ]
INSE Waiting for UDP request ... @[ 2018/10/27 17:49:15 ]
Enrolling => INSES1234 in => comp1234 for => summer @[ 2018/10/27 17:49:34 ]
INSE Server Initiated @[ 2018/10/27 17:53:33 ]
INSE server has been started @[ 2018/10/27 17:53:33 ]
INSE Running UDP Server @[ 2018/10/27 17:53:33 ]
INSE Waiting for UDP request ... @[ 2018/10/27 17:53:33 ]
Enrolling => INSES1234 in => comp1234 for => fall @[ 2018/10/27 17:54:47 ]
INSE Server Initiated @[ 2018/10/27 17:58:28 ]
INSE server has been started @[ 2018/10/27 17:58:28 ]
INSE Running UDP Server @[ 2018/10/27 17:58:28 ]
INSE Waiting for UDP request ... @[ 2018/10/27 17:58:28 ]
Enrolling => INSES1234 in => comp1234 for => summer @[ 2018/10/27 17:59:10 ]
INSE Sending UDP request ... @[ 2018/10/27 17:59:10 ]
INSE Waiting for UDP Reply ... @[ 2018/10/27 17:59:10 ]
Checking to see if INSES1234 can take any course ... @[ 2018/10/27 17:59:10 ]
No space available OR the course doesnt exist in that semester !! @[ 2018/10/27 17:59:10 ]
Getting schedule for => INSES1234 @[ 2018/10/27 17:59:17 ]
fall - comp1234 winter - summer -  @[ 2018/10/27 17:59:17 ]
Enrolling => INSES1234 in => comp1234 for => fall @[ 2018/10/27 18:00:22 ]
INSE Sending UDP request ... @[ 2018/10/27 18:00:22 ]
INSE Waiting for UDP Reply ... @[ 2018/10/27 18:00:22 ]
Checking to see if INSES1234 can take any course ... @[ 2018/10/27 18:00:22 ]
Trying to enrol the INSES1234 in the comp1234 @[ 2018/10/27 18:00:22 ]
You cannot take more than 3 courses OR you have already Registered for this course !! @[ 2018/10/27 18:00:22 ]
Getting schedule for => INSES1234 @[ 2018/10/27 18:00:29 ]
fall - comp1234 winter - summer -  @[ 2018/10/27 18:00:29 ]
Enrolling => INSES1234 in => comp1234 for => summer @[ 2018/10/27 18:00:46 ]
INSE Sending UDP request ... @[ 2018/10/27 18:00:46 ]
INSE Waiting for UDP Reply ... @[ 2018/10/27 18:00:46 ]
Checking to see if INSES1234 can take any course ... @[ 2018/10/27 18:00:46 ]
No space available OR the course doesnt exist in that semester !! @[ 2018/10/27 18:00:46 ]
Getting schedule for => INSES1234 @[ 2018/10/27 18:00:57 ]
fall - comp1234 winter - summer -  @[ 2018/10/27 18:00:57 ]
Enrolling => INSES1234 in => soen1234 for => fall @[ 2018/10/27 18:01:19 ]
INSE Sending UDP request ... @[ 2018/10/27 18:01:19 ]
INSE Waiting for UDP Reply ... @[ 2018/10/27 18:01:19 ]
Checking to see if INSES1234 can take any course ... @[ 2018/10/27 18:01:19 ]
Trying to enrol the INSES1234 in the soen1234 @[ 2018/10/27 18:01:19 ]
You have been enrolled Successfully !!! @[ 2018/10/27 18:01:19 ]
Getting schedule for => INSES1234 @[ 2018/10/27 18:01:34 ]
fall - comp1234 soen1234 winter - summer -  @[ 2018/10/27 18:01:34 ]
Enrolling => INSES1234 in => soen0987 for => winter @[ 2018/10/27 18:01:59 ]
You cannot take more than 3 courses !! @[ 2018/10/27 18:01:59 ]
Enrolling => INSES1234 in => inse1234 for => fall @[ 2018/10/27 18:02:47 ]
Checking to see if INSES1234 can take any course ... @[ 2018/10/27 18:02:47 ]
Trying to enrol the INSES1234 in the inse1234 @[ 2018/10/27 18:02:47 ]
You have been enrolled Successfully !!! @[ 2018/10/27 18:02:47 ]
Getting schedule for => INSES1234 @[ 2018/10/27 18:02:50 ]
fall - comp1234 soen1234 inse1234 winter - summer -  @[ 2018/10/27 18:02:50 ]
Dropping => soen1234 for  => INSES1234 @[ 2018/10/27 18:03:06 ]
INSE Sending UDP request ... @[ 2018/10/27 18:03:06 ]
INSE Waiting for UDP Reply ... @[ 2018/10/27 18:03:06 ]
Dropped Successfully !!! @[ 2018/10/27 18:03:06 ]
Getting schedule for => INSES1234 @[ 2018/10/27 18:03:08 ]
fall - comp1234 inse1234 winter - summer -  @[ 2018/10/27 18:03:08 ]
Enrolling => INSES1234 in => soen1234 for => winter @[ 2018/10/27 18:03:22 ]
INSE Sending UDP request ... @[ 2018/10/27 18:03:22 ]
INSE Waiting for UDP Reply ... @[ 2018/10/27 18:03:22 ]
Checking to see if INSES1234 can take any course ... @[ 2018/10/27 18:03:22 ]
No space available OR the course doesnt exist in that semester !! @[ 2018/10/27 18:03:22 ]
Enrolling => INSES1234 in => soen1234 for => summer @[ 2018/10/27 18:03:32 ]
INSE Sending UDP request ... @[ 2018/10/27 18:03:32 ]
INSE Waiting for UDP Reply ... @[ 2018/10/27 18:03:32 ]
Checking to see if INSES1234 can take any course ... @[ 2018/10/27 18:03:32 ]
Trying to enrol the INSES1234 in the soen1234 @[ 2018/10/27 18:03:32 ]
You have been enrolled Successfully !!! @[ 2018/10/27 18:03:32 ]
Getting schedule for => INSES1234 @[ 2018/10/27 18:03:35 ]
fall - comp1234 inse1234 winter - summer - soen1234  @[ 2018/10/27 18:03:35 ]
Enrolling => INSES1234 in => soen1234 for => fall @[ 2018/10/27 18:04:03 ]
You cannot take more than 3 courses !! @[ 2018/10/27 18:04:03 ]
Getting schedule for => INSES1234 @[ 2018/10/27 18:04:10 ]
fall - comp1234 inse1234 winter - summer - soen1234  @[ 2018/10/27 18:04:10 ]
Enrolling => INSES1234 in => comp1234 for => winter @[ 2018/10/27 18:04:25 ]
You cannot take more than 3 courses !! @[ 2018/10/27 18:04:25 ]
Dropping => comp1234 for  => INSES1234 @[ 2018/10/27 18:04:38 ]
INSE Sending UDP request ... @[ 2018/10/27 18:04:38 ]
INSE Waiting for UDP Reply ... @[ 2018/10/27 18:04:38 ]
Dropped Successfully !!! @[ 2018/10/27 18:04:38 ]
Getting schedule for => INSES1234 @[ 2018/10/27 18:04:41 ]
fall - inse1234 winter - summer - soen1234  @[ 2018/10/27 18:04:41 ]
Enrolling => INSES1234 in => comp1234 for => winter @[ 2018/10/27 18:04:51 ]
INSE Sending UDP request ... @[ 2018/10/27 18:04:51 ]
INSE Waiting for UDP Reply ... @[ 2018/10/27 18:04:51 ]
Checking to see if INSES1234 can take any course ... @[ 2018/10/27 18:04:51 ]
Trying to enrol the INSES1234 in the comp1234 @[ 2018/10/27 18:04:51 ]
You have been enrolled Successfully !!! @[ 2018/10/27 18:04:51 ]
Getting schedule for => INSES1234 @[ 2018/10/27 18:04:53 ]
fall - inse1234 winter - comp1234 summer - soen1234  @[ 2018/10/27 18:04:53 ]
Enrolling => INSES1234 in => comp1234 for => fall @[ 2018/10/27 18:05:43 ]
You cannot take more than 3 courses !! @[ 2018/10/27 18:05:43 ]
Enrolling => INSES1234 in => inse1234 for => winter @[ 2018/10/27 18:06:10 ]
Checking to see if INSES1234 can take any course ... @[ 2018/10/27 18:06:10 ]
Trying to enrol the INSES1234 in the inse1234 @[ 2018/10/27 18:06:10 ]
You have been enrolled Successfully !!! @[ 2018/10/27 18:06:10 ]
Getting schedule for => INSES1234 @[ 2018/10/27 18:06:12 ]
fall - inse1234 winter - comp1234 inse1234 summer - soen1234  @[ 2018/10/27 18:06:12 ]
Getting schedule for => INSES1234 @[ 2018/10/27 18:06:15 ]
fall - inse1234 winter - comp1234 inse1234 summer - soen1234  @[ 2018/10/27 18:06:15 ]
INSE Server Initiated @[ 2018/10/27 18:44:22 ]
INSE server has been started @[ 2018/10/27 18:44:22 ]
INSE Running UDP Server @[ 2018/10/27 18:44:22 ]
INSE Waiting for UDP request ... @[ 2018/10/27 18:44:22 ]
INSE Waiting for UDP request Received... @[ 2018/10/27 18:45:57 ]
INSE Waiting for UDP request ... @[ 2018/10/27 18:45:57 ]
INSE Waiting for UDP request Received... @[ 2018/10/27 18:46:15 ]
INSE Waiting for UDP request ... @[ 2018/10/27 18:46:15 ]
INSE Waiting for UDP request Received... @[ 2018/10/27 18:47:41 ]
INSE Waiting for UDP request ... @[ 2018/10/27 18:47:41 ]
INSE Waiting for UDP request Received... @[ 2018/10/27 18:48:07 ]
INSE Waiting for UDP request ... @[ 2018/10/27 18:48:07 ]
INSE Server Initiated @[ 2018/10/27 19:02:41 ]
INSE server has been started @[ 2018/10/27 19:02:41 ]
INSE Running UDP Server @[ 2018/10/27 19:02:41 ]
INSE Waiting for UDP request ... @[ 2018/10/27 19:02:41 ]
INSE Waiting for UDP request Received... @[ 2018/10/27 19:08:14 ]
INSE Waiting for UDP request ... @[ 2018/10/27 19:08:14 ]
INSE Server Initiated @[ 2018/10/27 20:42:09 ]
INSE server has been started @[ 2018/10/27 20:42:09 ]
INSE Running UDP Server @[ 2018/10/27 20:42:09 ]
INSE Waiting for UDP request ... @[ 2018/10/27 20:42:09 ]
Course List for => fall @[ 2018/10/27 20:43:02 ]
Course List from => INSE @[ 2018/10/27 20:43:02 ]
Course List from => COMP @[ 2018/10/27 20:43:02 ]
INSE Sending UDP request ... @[ 2018/10/27 20:43:02 ]
INSE Waiting for UDP Reply ... @[ 2018/10/27 20:43:02 ]
Course List from => SOEN @[ 2018/10/27 20:43:02 ]
INSE Sending UDP request ... @[ 2018/10/27 20:43:02 ]
INSE Waiting for UDP Reply ... @[ 2018/10/27 20:43:02 ]
inse1234_35=comp1234_37*comp0987_40*comp3456_1=soen1234_36 @[ 2018/10/27 20:43:02 ]
Course List for => fall @[ 2018/10/27 20:43:52 ]
Course List from => INSE @[ 2018/10/27 20:43:52 ]
Course List from => COMP @[ 2018/10/27 20:43:52 ]
INSE Sending UDP request ... @[ 2018/10/27 20:43:52 ]
INSE Waiting for UDP Reply ... @[ 2018/10/27 20:43:52 ]
Course List from => SOEN @[ 2018/10/27 20:43:52 ]
INSE Sending UDP request ... @[ 2018/10/27 20:43:52 ]
INSE Waiting for UDP Reply ... @[ 2018/10/27 20:43:52 ]
inse1234_35=comp1234_37*comp0987_40*comp3456_1=soen1234_36 @[ 2018/10/27 20:43:52 ]
Course List for => winter @[ 2018/10/27 20:43:55 ]
Course List from => INSE @[ 2018/10/27 20:43:55 ]
Course List from => COMP @[ 2018/10/27 20:43:55 ]
INSE Sending UDP request ... @[ 2018/10/27 20:43:55 ]
INSE Waiting for UDP Reply ... @[ 2018/10/27 20:43:55 ]
Course List from => SOEN @[ 2018/10/27 20:43:55 ]
INSE Sending UDP request ... @[ 2018/10/27 20:43:55 ]
INSE Waiting for UDP Reply ... @[ 2018/10/27 20:43:55 ]
inse1234_39*inse0987_40=comp1234_36*comp9876_4=soen0987_38 @[ 2018/10/27 20:43:55 ]
Course List for => summer @[ 2018/10/27 20:44:00 ]
Course List from => INSE @[ 2018/10/27 20:44:00 ]
Course List from => COMP @[ 2018/10/27 20:44:00 ]
INSE Sending UDP request ... @[ 2018/10/27 20:44:00 ]
INSE Waiting for UDP Reply ... @[ 2018/10/27 20:44:00 ]
Course List from => SOEN @[ 2018/10/27 20:44:00 ]
INSE Sending UDP request ... @[ 2018/10/27 20:44:00 ]
INSE Waiting for UDP Reply ... @[ 2018/10/27 20:44:00 ]
inse0987_39=comp0987_40=soen1234_36*soen0987_40 @[ 2018/10/27 20:44:00 ]
INSE Waiting for UDP request Received... @[ 2018/10/27 20:45:44 ]
INSE Waiting for UDP request ... @[ 2018/10/27 20:45:44 ]
INSE Waiting for UDP request Received... @[ 2018/10/27 20:46:26 ]
INSE Waiting for UDP request ... @[ 2018/10/27 20:46:26 ]
INSE Removing => inse1234 For => fall @[ 2018/10/27 20:50:38 ]
success @[ 2018/10/27 20:50:38 ]
INSE Server Initiated @[ 2018/10/27 21:12:14 ]
INSE server has been started @[ 2018/10/27 21:12:14 ]
INSE Running UDP Server @[ 2018/10/27 21:12:14 ]
INSE Waiting for UDP request ... @[ 2018/10/27 21:12:14 ]
INSE Removing => inse1234 For => fall @[ 2018/10/27 21:13:04 ]
error @[ 2018/10/27 21:13:04 ]
Course List for => fall @[ 2018/10/27 21:13:52 ]
Course List from => INSE @[ 2018/10/27 21:13:52 ]
Course List from => COMP @[ 2018/10/27 21:13:52 ]
INSE Sending UDP request ... @[ 2018/10/27 21:13:52 ]
INSE Waiting for UDP Reply ... @[ 2018/10/27 21:13:52 ]
Course List from => SOEN @[ 2018/10/27 21:13:52 ]
INSE Sending UDP request ... @[ 2018/10/27 21:13:52 ]
INSE Waiting for UDP Reply ... @[ 2018/10/27 21:13:52 ]
inse1234_39=comp1234_36*comp0987_40*comp3456_1=soen1234_35 @[ 2018/10/27 21:13:52 ]
INSE Removing => inse1234 For => fall @[ 2018/10/27 21:14:17 ]
success @[ 2018/10/27 21:14:17 ]
INSE Removing => inse1234 For => winter @[ 2018/10/27 21:14:41 ]
success @[ 2018/10/27 21:14:41 ]