
SOEN Server Initiated @[ 2018/10/27 15:47:46 ]
SOEN server has been started @[ 2018/10/27 15:47:46 ]
SOEN Running UDP Server @[ 2018/10/27 15:47:46 ]
SOEN Waiting for UDP request ... @[ 2018/10/27 15:47:46 ]
SOEN Waiting for UDP request Received... @[ 2018/10/27 15:48:18 ]
SOEN Waiting for UDP request ... @[ 2018/10/27 15:48:18 ]
SOEN Waiting for UDP request Received... @[ 2018/10/27 15:48:51 ]
SOEN Waiting for UDP request ... @[ 2018/10/27 15:48:51 ]
SOEN Waiting for UDP request Received... @[ 2018/10/27 15:50:09 ]
SOEN Waiting for UDP request ... @[ 2018/10/27 15:50:09 ]
SOEN Waiting for UDP request Received... @[ 2018/10/27 15:50:13 ]
SOEN Waiting for UDP request ... @[ 2018/10/27 15:50:13 ]
SOEN Waiting for UDP request Received... @[ 2018/10/27 15:50:17 ]
SOEN Waiting for UDP request ... @[ 2018/10/27 15:50:17 ]
Course List for => fall @[ 2018/10/27 15:50:44 ]
Course List from => SOEN @[ 2018/10/27 15:50:44 ]
Course List from => COMP @[ 2018/10/27 15:50:44 ]
SOEN Sending UDP request ... @[ 2018/10/27 15:50:44 ]
SOEN Waiting for UDP Reply ... @[ 2018/10/27 15:50:44 ]
Course List from => INSE @[ 2018/10/27 15:50:44 ]
SOEN Sending UDP request ... @[ 2018/10/27 15:50:44 ]
SOEN Waiting for UDP Reply ... @[ 2018/10/27 15:50:44 ]
error=comp1234_40*comp0987_40=error @[ 2018/10/27 15:50:44 ]
SOEN Adding => soen1234 For => fall @[ 2018/10/27 15:50:56 ]
success @[ 2018/10/27 15:50:56 ]
SOEN Adding => soen0987 For => winter @[ 2018/10/27 15:51:10 ]
success @[ 2018/10/27 15:51:10 ]
SOEN Adding => soen1234 For => summer @[ 2018/10/27 15:51:19 ]
success @[ 2018/10/27 15:51:19 ]
SOEN Adding => soen0987 For => summer @[ 2018/10/27 15:51:27 ]
success @[ 2018/10/27 15:51:27 ]
Course List for => fall @[ 2018/10/27 15:51:29 ]
Course List from => SOEN @[ 2018/10/27 15:51:29 ]
Course List from => COMP @[ 2018/10/27 15:51:29 ]
SOEN Sending UDP request ... @[ 2018/10/27 15:51:29 ]
SOEN Waiting for UDP Reply ... @[ 2018/10/27 15:51:29 ]
Course List from => INSE @[ 2018/10/27 15:51:29 ]
SOEN Sending UDP request ... @[ 2018/10/27 15:51:29 ]
SOEN Waiting for UDP Reply ... @[ 2018/10/27 15:51:29 ]
soen1234_40=comp1234_40*comp0987_40=error @[ 2018/10/27 15:51:29 ]
Course List for => winter @[ 2018/10/27 15:51:33 ]
Course List from => SOEN @[ 2018/10/27 15:51:33 ]
Course List from => COMP @[ 2018/10/27 15:51:33 ]
SOEN Sending UDP request ... @[ 2018/10/27 15:51:33 ]
SOEN Waiting for UDP Reply ... @[ 2018/10/27 15:51:33 ]
Course List from => INSE @[ 2018/10/27 15:51:33 ]
SOEN Sending UDP request ... @[ 2018/10/27 15:51:33 ]
SOEN Waiting for UDP Reply ... @[ 2018/10/27 15:51:33 ]
soen0987_40=comp1234_40=error @[ 2018/10/27 15:51:33 ]
Course List for => summer @[ 2018/10/27 15:51:40 ]
Course List from => SOEN @[ 2018/10/27 15:51:40 ]
Course List from => COMP @[ 2018/10/27 15:51:40 ]
SOEN Sending UDP request ... @[ 2018/10/27 15:51:40 ]
SOEN Waiting for UDP Reply ... @[ 2018/10/27 15:51:40 ]
Course List from => INSE @[ 2018/10/27 15:51:40 ]
SOEN Sending UDP request ... @[ 2018/10/27 15:51:40 ]
SOEN Waiting for UDP Reply ... @[ 2018/10/27 15:51:40 ]
soen1234_40*soen0987_40=comp0987_40=error @[ 2018/10/27 15:51:40 ]
SOEN Waiting for UDP request Received... @[ 2018/10/27 15:52:05 ]
SOEN Waiting for UDP request ... @[ 2018/10/27 15:52:05 ]
SOEN Waiting for UDP request Received... @[ 2018/10/27 15:52:51 ]
SOEN Waiting for UDP request ... @[ 2018/10/27 15:52:51 ]
SOEN Waiting for UDP request Received... @[ 2018/10/27 15:52:55 ]
SOEN Waiting for UDP request ... @[ 2018/10/27 15:52:55 ]
SOEN Waiting for UDP request Received... @[ 2018/10/27 15:52:59 ]
SOEN Waiting for UDP request ... @[ 2018/10/27 15:52:59 ]
SOEN Server Initiated @[ 2018/10/27 15:59:04 ]
SOEN server has been started @[ 2018/10/27 15:59:04 ]
SOEN Running UDP Server @[ 2018/10/27 15:59:04 ]
SOEN Waiting for UDP request ... @[ 2018/10/27 15:59:04 ]
SOEN Waiting for UDP request Received... @[ 2018/10/27 16:00:08 ]
SOEN Waiting for UDP request ... @[ 2018/10/27 16:00:08 ]
SOEN Server Initiated @[ 2018/10/27 16:05:11 ]
SOEN server has been started @[ 2018/10/27 16:05:11 ]
SOEN Running UDP Server @[ 2018/10/27 16:05:11 ]
SOEN Waiting for UDP request ... @[ 2018/10/27 16:05:11 ]
SOEN Waiting for UDP request Received... @[ 2018/10/27 16:05:44 ]
SOEN Waiting for UDP request ... @[ 2018/10/27 16:05:44 ]
SOEN Waiting for UDP request Received... @[ 2018/10/27 16:06:26 ]
SOEN Waiting for UDP request ... @[ 2018/10/27 16:06:26 ]
SOEN Server Initiated @[ 2018/10/27 16:13:57 ]
SOEN server has been started @[ 2018/10/27 16:13:57 ]
SOEN Running UDP Server @[ 2018/10/27 16:13:57 ]
SOEN Waiting for UDP request ... @[ 2018/10/27 16:13:57 ]
SOEN Waiting for UDP request Received... @[ 2018/10/27 16:14:28 ]
SOEN Waiting for UDP request ... @[ 2018/10/27 16:14:28 ]
SOEN Waiting for UDP request Received... @[ 2018/10/27 16:14:31 ]
SOEN Waiting for UDP request ... @[ 2018/10/27 16:14:31 ]
SOEN Waiting for UDP request Received... @[ 2018/10/27 16:14:38 ]
SOEN Waiting for UDP request ... @[ 2018/10/27 16:14:38 ]
SOEN Waiting for UDP request Received... @[ 2018/10/27 16:17:19 ]
SOEN Waiting for UDP request ... @[ 2018/10/27 16:17:19 ]
SOEN Waiting for UDP request Received... @[ 2018/10/27 16:17:39 ]
SOEN Waiting for UDP request ... @[ 2018/10/27 16:17:39 ]
SOEN Server Initiated @[ 2018/10/27 17:16:14 ]
SOEN server has been started @[ 2018/10/27 17:16:14 ]
SOEN Running UDP Server @[ 2018/10/27 17:16:14 ]
SOEN Waiting for UDP request ... @[ 2018/10/27 17:16:14 ]
SOEN Waiting for UDP request Received... @[ 2018/10/27 17:17:05 ]
SOEN Waiting for UDP request ... @[ 2018/10/27 17:17:05 ]
SOEN Waiting for UDP request Received... @[ 2018/10/27 17:17:09 ]
SOEN Waiting for UDP request ... @[ 2018/10/27 17:17:09 ]
SOEN Waiting for UDP request Received... @[ 2018/10/27 17:17:12 ]
SOEN Waiting for UDP request ... @[ 2018/10/27 17:17:12 ]
SOEN Waiting for UDP request Received... @[ 2018/10/27 17:17:16 ]
SOEN Waiting for UDP request ... @[ 2018/10/27 17:17:16 ]
SOEN Waiting for UDP request Received... @[ 2018/10/27 17:17:55 ]
SOEN Waiting for UDP request ... @[ 2018/10/27 17:17:55 ]
SOEN Waiting for UDP request Received... @[ 2018/10/27 17:18:45 ]
SOEN Waiting for UDP request ... @[ 2018/10/27 17:18:45 ]
SOEN Server Initiated @[ 2018/10/27 17:23:53 ]
SOEN server has been started @[ 2018/10/27 17:23:54 ]
SOEN Running UDP Server @[ 2018/10/27 17:23:54 ]
SOEN Waiting for UDP request ... @[ 2018/10/27 17:23:54 ]
SOEN Waiting for UDP request Received... @[ 2018/10/27 17:26:19 ]
SOEN Waiting for UDP request ... @[ 2018/10/27 17:26:19 ]
SOEN Server Initiated @[ 2018/10/27 17:28:40 ]
SOEN server has been started @[ 2018/10/27 17:28:40 ]
SOEN Running UDP Server @[ 2018/10/27 17:28:40 ]
SOEN Waiting for UDP request ... @[ 2018/10/27 17:28:40 ]
SOEN Waiting for UDP request Received... @[ 2018/10/27 17:29:04 ]
SOEN Waiting for UDP request ... @[ 2018/10/27 17:29:04 ]
SOEN Server Initiated @[ 2018/10/27 17:31:11 ]
SOEN server has been started @[ 2018/10/27 17:31:12 ]
SOEN Running UDP Server @[ 2018/10/27 17:31:12 ]
SOEN Waiting for UDP request ... @[ 2018/10/27 17:31:12 ]
SOEN Waiting for UDP request Received... @[ 2018/10/27 17:31:28 ]
SOEN Waiting for UDP request ... @[ 2018/10/27 17:31:28 ]
SOEN Server Initiated @[ 2018/10/27 17:35:46 ]
SOEN server has been started @[ 2018/10/27 17:35:47 ]
SOEN Running UDP Server @[ 2018/10/27 17:35:47 ]
SOEN Waiting for UDP request ... @[ 2018/10/27 17:35:47 ]
SOEN Server Initiated @[ 2018/10/27 17:38:36 ]
SOEN server has been started @[ 2018/10/27 17:38:37 ]
SOEN Running UDP Server @[ 2018/10/27 17:38:37 ]
SOEN Waiting for UDP request ... @[ 2018/10/27 17:38:37 ]
SOEN Server Initiated @[ 2018/10/27 17:45:22 ]
SOEN server has been started @[ 2018/10/27 17:45:23 ]
SOEN Running UDP Server @[ 2018/10/27 17:45:23 ]
SOEN Waiting for UDP request ... @[ 2018/10/27 17:45:23 ]
SOEN Server Initiated @[ 2018/10/27 17:49:14 ]
SOEN server has been started @[ 2018/10/27 17:49:15 ]
SOEN Running UDP Server @[ 2018/10/27 17:49:15 ]
SOEN Waiting for UDP request ... @[ 2018/10/27 17:49:15 ]
SOEN Server Initiated @[ 2018/10/27 17:53:33 ]
SOEN server has been started @[ 2018/10/27 17:53:33 ]
SOEN Running UDP Server @[ 2018/10/27 17:53:33 ]
SOEN Waiting for UDP request ... @[ 2018/10/27 17:53:33 ]
SOEN Server Initiated @[ 2018/10/27 17:58:28 ]
SOEN server has been started @[ 2018/10/27 17:58:28 ]
SOEN Running UDP Server @[ 2018/10/27 17:58:28 ]
SOEN Waiting for UDP request ... @[ 2018/10/27 17:58:28 ]
SOEN Waiting for UDP request Received... @[ 2018/10/27 18:01:19 ]
SOEN Waiting for UDP request ... @[ 2018/10/27 18:01:19 ]
SOEN Waiting for UDP request Received... @[ 2018/10/27 18:03:06 ]
SOEN Waiting for UDP request ... @[ 2018/10/27 18:03:06 ]
SOEN Waiting for UDP request Received... @[ 2018/10/27 18:03:22 ]
SOEN Waiting for UDP request ... @[ 2018/10/27 18:03:22 ]
SOEN Waiting for UDP request Received... @[ 2018/10/27 18:03:32 ]
SOEN Waiting for UDP request ... @[ 2018/10/27 18:03:32 ]
SOEN Server Initiated @[ 2018/10/27 18:44:22 ]
SOEN server has been started @[ 2018/10/27 18:44:22 ]
SOEN Running UDP Server @[ 2018/10/27 18:44:22 ]
SOEN Waiting for UDP request ... @[ 2018/10/27 18:44:22 ]
SOEN Waiting for UDP request Received... @[ 2018/10/27 18:45:57 ]
SOEN Waiting for UDP request ... @[ 2018/10/27 18:45:57 ]
SOEN Waiting for UDP request Received... @[ 2018/10/27 18:46:15 ]
SOEN Waiting for UDP request ... @[ 2018/10/27 18:46:15 ]
SOEN Waiting for UDP request Received... @[ 2018/10/27 18:47:41 ]
SOEN Waiting for UDP request ... @[ 2018/10/27 18:47:41 ]
SOEN Waiting for UDP request Received... @[ 2018/10/27 18:48:07 ]
SOEN Waiting for UDP request ... @[ 2018/10/27 18:48:07 ]
SOEN Server Initiated @[ 2018/10/27 19:02:41 ]
SOEN server has been started @[ 2018/10/27 19:02:41 ]
SOEN Running UDP Server @[ 2018/10/27 19:02:41 ]
SOEN Waiting for UDP request ... @[ 2018/10/27 19:02:41 ]
SOEN Waiting for UDP request Received... @[ 2018/10/27 19:04:17 ]
SOEN Waiting for UDP request ... @[ 2018/10/27 19:04:17 ]
SOEN Waiting for UDP request Received... @[ 2018/10/27 19:05:08 ]
SOEN Waiting for UDP request ... @[ 2018/10/27 19:05:08 ]
SOEN Server Initiated @[ 2018/10/27 20:42:09 ]
SOEN server has been started @[ 2018/10/27 20:42:09 ]
SOEN Running UDP Server @[ 2018/10/27 20:42:09 ]
SOEN Waiting for UDP request ... @[ 2018/10/27 20:42:09 ]
SOEN Waiting for UDP request Received... @[ 2018/10/27 20:43:02 ]
SOEN Waiting for UDP request ... @[ 2018/10/27 20:43:02 ]
SOEN Waiting for UDP request Received... @[ 2018/10/27 20:43:52 ]
SOEN Waiting for UDP request ... @[ 2018/10/27 20:43:52 ]
SOEN Waiting for UDP request Received... @[ 2018/10/27 20:43:55 ]
SOEN Waiting for UDP request ... @[ 2018/10/27 20:43:55 ]
SOEN Waiting for UDP request Received... @[ 2018/10/27 20:44:00 ]
SOEN Waiting for UDP request ... @[ 2018/10/27 20:44:00 ]
Getting schedule for => SOENS1234 @[ 2018/10/27 20:44:09 ]
fall - winter - summer -  @[ 2018/10/27 20:44:09 ]
Enrolling => SOENS1234 in => soen1234 for => fall @[ 2018/10/27 20:44:30 ]
Checking to see if SOENS1234 can take any course ... @[ 2018/10/27 20:44:30 ]
Trying to enrol the SOENS1234 in the soen1234 @[ 2018/10/27 20:44:30 ]
You have been enrolled Successfully !!! @[ 2018/10/27 20:44:30 ]
Getting schedule for => SOENS1234 @[ 2018/10/27 20:44:31 ]
fall - soen1234 winter - summer -  @[ 2018/10/27 20:44:31 ]
Enrolling => SOENS1234 in => soen1234 for => winter @[ 2018/10/27 20:44:45 ]
Checking to see if SOENS1234 can take any course ... @[ 2018/10/27 20:44:45 ]
No space available OR the course doesnt exist in that semester !! @[ 2018/10/27 20:44:45 ]
Enrolling => SOENS1234 in => soen1234 for => summer @[ 2018/10/27 20:45:03 ]
Checking to see if SOENS1234 can take any course ... @[ 2018/10/27 20:45:03 ]
Trying to enrol the SOENS1234 in the soen1234 @[ 2018/10/27 20:45:03 ]
You have been enrolled Successfully !!! @[ 2018/10/27 20:45:03 ]
Getting schedule for => SOENS1234 @[ 2018/10/27 20:45:06 ]
fall - soen1234 winter - summer - soen1234  @[ 2018/10/27 20:45:06 ]
Enrolling => SOENS1234 in => comp1234 for => fall @[ 2018/10/27 20:45:31 ]
SOEN Sending UDP request ... @[ 2018/10/27 20:45:31 ]
SOEN Waiting for UDP Reply ... @[ 2018/10/27 20:45:31 ]
Checking to see if SOENS1234 can take any course ... @[ 2018/10/27 20:45:31 ]
Trying to enrol the SOENS1234 in the comp1234 @[ 2018/10/27 20:45:31 ]
You have been enrolled Successfully !!! @[ 2018/10/27 20:45:31 ]
Enrolling => SOENS1234 in => inse1234 for => winter @[ 2018/10/27 20:45:44 ]
SOEN Sending UDP request ... @[ 2018/10/27 20:45:44 ]
SOEN Waiting for UDP Reply ... @[ 2018/10/27 20:45:44 ]
Checking to see if SOENS1234 can take any course ... @[ 2018/10/27 20:45:44 ]
Trying to enrol the SOENS1234 in the inse1234 @[ 2018/10/27 20:45:44 ]
You have been enrolled Successfully !!! @[ 2018/10/27 20:45:44 ]
Getting schedule for => SOENS1234 @[ 2018/10/27 20:45:45 ]
fall - soen1234 comp1234 winter - inse1234 summer - soen1234  @[ 2018/10/27 20:45:45 ]
Enrolling => SOENS1234 in => comp0987 for => summer @[ 2018/10/27 20:46:03 ]
You cannot take more than 3 courses / More than 2 from other departments !! @[ 2018/10/27 20:46:03 ]
Getting schedule for => SOENS1234 @[ 2018/10/27 20:46:10 ]
fall - soen1234 comp1234 winter - inse1234 summer - soen1234  @[ 2018/10/27 20:46:10 ]
Dropping => inse1234 for  => SOENS1234 @[ 2018/10/27 20:46:26 ]
SOEN Sending UDP request ... @[ 2018/10/27 20:46:26 ]
SOEN Waiting for UDP Reply ... @[ 2018/10/27 20:46:26 ]
Dropped Successfully !!! @[ 2018/10/27 20:46:26 ]
Getting schedule for => SOENS1234 @[ 2018/10/27 20:46:29 ]
fall - soen1234 comp1234 winter - summer - soen1234  @[ 2018/10/27 20:46:29 ]
Enrolling => SOENS1234 in => comp0987 for => summer @[ 2018/10/27 20:46:53 ]
SOEN Sending UDP request ... @[ 2018/10/27 20:46:53 ]
SOEN Waiting for UDP Reply ... @[ 2018/10/27 20:46:53 ]
Checking to see if SOENS1234 can take any course ... @[ 2018/10/27 20:46:53 ]
Trying to enrol the SOENS1234 in the comp0987 @[ 2018/10/27 20:46:53 ]
You have been enrolled Successfully !!! @[ 2018/10/27 20:46:53 ]
Getting schedule for => SOENS1234 @[ 2018/10/27 20:46:55 ]
fall - soen1234 comp1234 winter - summer - soen1234 comp0987  @[ 2018/10/27 20:46:55 ]
Enrolling => SOENS1234 in => soen0987 for => winter @[ 2018/10/27 20:47:23 ]
Checking to see if SOENS1234 can take any course ... @[ 2018/10/27 20:47:23 ]
Trying to enrol the SOENS1234 in the soen0987 @[ 2018/10/27 20:47:23 ]
You have been enrolled Successfully !!! @[ 2018/10/27 20:47:23 ]
Getting schedule for => SOENS1234 @[ 2018/10/27 20:47:25 ]
fall - soen1234 comp1234 winter - soen0987 summer - soen1234 comp0987  @[ 2018/10/27 20:47:25 ]
SOEN Server Initiated @[ 2018/10/27 21:12:14 ]
SOEN server has been started @[ 2018/10/27 21:12:14 ]
SOEN Running UDP Server @[ 2018/10/27 21:12:14 ]
SOEN Waiting for UDP request ... @[ 2018/10/27 21:12:14 ]
SOEN Waiting for UDP request Received... @[ 2018/10/27 21:13:52 ]
SOEN Waiting for UDP request ... @[ 2018/10/27 21:13:52 ]