
Hello, Advisor 1234
Connecting to => Computer Science Department @[ 2018/11/22 17:15:51 ]
Operation Requested:addCourse @[ 2018/11/22 17:15:59 ]
Advisor addCourse Function @[ 2018/11/22 17:15:59 ]
Please type in the Course ID @[ 2018/11/22 17:15:59 ]
Please Enter the Semester @[ 2018/11/22 17:16:05 ]
Please Enter Capacity for the Course @[ 2018/11/22 17:16:07 ]
The Course Already Exist! Try Again.. @[ 2018/11/22 17:16:12 ]
Operation Requested:exit @[ 2018/11/22 17:16:46 ]
... BYE ... @[ 2018/11/22 17:16:46 ]
Hello, Advisor 1234
Connecting to => Computer Science Department @[ 2018/11/22 17:17:09 ]
Operation Requested:addCourse @[ 2018/11/22 17:17:16 ]
Advisor addCourse Function @[ 2018/11/22 17:17:16 ]
Please type in the Course ID @[ 2018/11/22 17:17:16 ]
Please Enter the Semester @[ 2018/11/22 17:17:21 ]
Please Enter Capacity for the Course @[ 2018/11/22 17:17:23 ]
The Course Added Successfully! @[ 2018/11/22 17:17:26 ]
Operation Requested:addcourse @[ 2018/11/22 17:18:15 ]
Advisor addCourse Function @[ 2018/11/22 17:18:15 ]
Please type in the Course ID @[ 2018/11/22 17:18:15 ]
Please Enter the Semester @[ 2018/11/22 17:18:20 ]
Please Enter Capacity for the Course @[ 2018/11/22 17:18:26 ]
The Course Added Successfully! @[ 2018/11/22 17:18:32 ]
Operation Requested:addcourse @[ 2018/11/22 17:18:37 ]
Advisor addCourse Function @[ 2018/11/22 17:18:37 ]
Please type in the Course ID @[ 2018/11/22 17:18:37 ]
Please Enter the Semester @[ 2018/11/22 17:18:45 ]
Please Enter Capacity for the Course @[ 2018/11/22 17:18:48 ]
The Course Added Successfully! @[ 2018/11/22 17:18:49 ]
Operation Requested:exit @[ 2018/11/22 17:18:53 ]
... BYE ... @[ 2018/11/22 17:18:53 ]