
Hello, Student 1234
Connecting to => Computer Science Department @[ 2018/11/23 14:53:39 ]
Operation Requested:enrolcourse @[ 2018/11/23 14:56:12 ]
Student enrolCourse Function @[ 2018/11/23 14:56:12 ]
Please type in the Course ID @[ 2018/11/23 14:56:12 ]
Please Enter the Semester @[ 2018/11/23 14:56:23 ]
You have been enrolled Successfully !!! @[ 2018/11/23 14:56:26 ]
Operation Requested:getclassschedule @[ 2018/11/23 14:56:35 ]
fall - comp1111 winter - comp1111 summer - comp1111  @[ 2018/11/23 14:56:35 ]
Operation Requested:enrolcourse @[ 2018/11/23 14:56:41 ]
Student enrolCourse Function @[ 2018/11/23 14:56:41 ]
Please type in the Course ID @[ 2018/11/23 14:56:41 ]
Please Enter the Semester @[ 2018/11/23 14:57:35 ]
You have been enrolled Successfully !!! @[ 2018/11/23 14:57:37 ]
Operation Requested:enrolecourse @[ 2018/11/23 14:57:41 ]
Invalid Operation, Try Again... @[ 2018/11/23 14:57:41 ]
Operation Requested:enrolcourse @[ 2018/11/23 14:57:45 ]
Student enrolCourse Function @[ 2018/11/23 14:57:45 ]
Please type in the Course ID @[ 2018/11/23 14:57:45 ]
Please Enter the Semester @[ 2018/11/23 14:57:56 ]
You have been enrolled Successfully !!! @[ 2018/11/23 14:57:58 ]
Operation Requested:enrolcourse @[ 2018/11/23 14:58:05 ]
Student enrolCourse Function @[ 2018/11/23 14:58:05 ]
Please type in the Course ID @[ 2018/11/23 14:58:05 ]
Please Enter the Semester @[ 2018/11/23 14:58:11 ]
You cannot take more than 3 courses / More than 2 from other departments !! @[ 2018/11/23 14:58:14 ]
Operation Requested:enrolcourse @[ 2018/11/23 14:58:27 ]
Student enrolCourse Function @[ 2018/11/23 14:58:27 ]
Please type in the Course ID @[ 2018/11/23 14:58:27 ]
Wrong Course ID Format! Try again.. @[ 2018/11/23 16:14:13 ]
Operation Requested:getclassschedule @[ 2018/11/23 16:14:25 ]
fall - comp1111 soen1111 inse1112 winter - comp1111 summer - comp1111  @[ 2018/11/23 16:14:25 ]
Operation Requested:exit @[ 2018/11/23 16:16:48 ]
... BYE ... @[ 2018/11/23 16:16:48 ]
Hello, Student 1234
Connecting to => Computer Science Department @[ 2018/11/23 16:17:11 ]
Operation Requested:enrolCourse @[ 2018/11/23 16:17:19 ]
Student enrolCourse Function @[ 2018/11/23 16:17:19 ]
Please type in the Course ID @[ 2018/11/23 16:17:19 ]
Please Enter the Semester @[ 2018/11/23 16:17:33 ]
No space available OR the course doesnt exist in that semester !! @[ 2018/11/23 16:17:35 ]
Operation Requested:getClassSchedule @[ 2018/11/23 16:17:41 ]
fall - winter - summer -  @[ 2018/11/23 16:17:41 ]
Operation Requested:getClassSchedule @[ 2018/11/23 16:31:43 ]
fall - winter - summer -  @[ 2018/11/23 16:31:43 ]
Operation Requested:enrolcourse @[ 2018/11/23 16:31:51 ]
Student enrolCourse Function @[ 2018/11/23 16:31:51 ]
Please type in the Course ID @[ 2018/11/23 16:31:51 ]
Please Enter the Semester @[ 2018/11/23 16:32:02 ]
You have been enrolled Successfully !!! @[ 2018/11/23 16:32:06 ]
Operation Requested:getClassSchedule @[ 2018/11/23 16:32:11 ]
fall - inse1111 winter - summer -  @[ 2018/11/23 16:32:11 ]
Operation Requested:enrolcourse @[ 2018/11/23 16:32:19 ]
Student enrolCourse Function @[ 2018/11/23 16:32:19 ]
Please type in the Course ID @[ 2018/11/23 16:32:19 ]
Please Enter the Semester @[ 2018/11/23 16:32:30 ]
You have been enrolled Successfully !!! @[ 2018/11/23 16:32:31 ]
Operation Requested:getClassSchedule @[ 2018/11/23 16:32:35 ]
fall - inse1111 comp1111 winter - summer -  @[ 2018/11/23 16:32:35 ]
Operation Requested:enrolcourse @[ 2018/11/23 16:32:44 ]
Student enrolCourse Function @[ 2018/11/23 16:32:44 ]
Please type in the Course ID @[ 2018/11/23 16:32:44 ]
Please Enter the Semester @[ 2018/11/23 16:32:51 ]
No space available OR the course doesnt exist in that semester !! @[ 2018/11/23 16:32:53 ]
Operation Requested:getClassSchedule @[ 2018/11/23 16:32:55 ]
fall - inse1111 comp1111 winter - summer -  @[ 2018/11/23 16:32:55 ]
Operation Requested:getClassSchedule @[ 2018/11/23 16:32:57 ]
fall - inse1111 comp1111 winter - summer -  @[ 2018/11/23 16:32:58 ]
Operation Requested:enrolcourse @[ 2018/11/23 16:33:02 ]
Student enrolCourse Function @[ 2018/11/23 16:33:02 ]
Please type in the Course ID @[ 2018/11/23 16:33:02 ]
Please Enter the Semester @[ 2018/11/23 16:33:09 ]
You have been enrolled Successfully !!! @[ 2018/11/23 16:33:11 ]
Operation Requested:getClassSchedule @[ 2018/11/23 16:33:14 ]
fall - inse1111 comp1111 soen1112 winter - summer -  @[ 2018/11/23 16:33:14 ]
Operation Requested:enrolcourse @[ 2018/11/23 16:33:22 ]
Student enrolCourse Function @[ 2018/11/23 16:33:22 ]
Please type in the Course ID @[ 2018/11/23 16:33:22 ]
Please Enter the Semester @[ 2018/11/23 16:33:32 ]
You cannot take more than 3 courses / More than 2 from other departments !! @[ 2018/11/23 16:33:34 ]
Operation Requested:getClassSchedule @[ 2018/11/23 16:33:38 ]
fall - inse1111 comp1111 soen1112 winter - summer -  @[ 2018/11/23 16:33:38 ]
Operation Requested:enrolcourse @[ 2018/11/23 16:33:45 ]
Student enrolCourse Function @[ 2018/11/23 16:33:45 ]
Please type in the Course ID @[ 2018/11/23 16:33:45 ]
Please Enter the Semester @[ 2018/11/23 16:33:52 ]
You have been enrolled Successfully !!! @[ 2018/11/23 16:33:54 ]
Operation Requested:getClassSchedule @[ 2018/11/23 16:33:59 ]
fall - inse1111 comp1111 soen1112 winter - comp2222 summer -  @[ 2018/11/23 16:33:59 ]
Operation Requested:swapcourse @[ 2018/11/23 16:34:12 ]
Student swapCourse Function @[ 2018/11/23 16:34:12 ]
Please type in the NEW Course ID @[ 2018/11/23 16:34:12 ]
Please type in the OLD Course ID @[ 2018/11/23 16:34:18 ]
Wrong Course ID Format! Try again.. @[ 2018/11/23 16:34:21 ]
Operation Requested:swapcourse @[ 2018/11/23 16:34:30 ]
Student swapCourse Function @[ 2018/11/23 16:34:30 ]
Please type in the NEW Course ID @[ 2018/11/23 16:34:30 ]
Please type in the OLD Course ID @[ 2018/11/23 16:35:30 ]
Please Enter the Semester @[ 2018/11/23 16:35:37 ]
You cannot take more than 3 courses / More than 2 from other departments !! @[ 2018/11/23 16:35:39 ]
Operation Requested:getClassSchedule @[ 2018/11/23 16:35:50 ]
fall - inse1111 comp1111 soen1112 winter - comp2222 summer -  @[ 2018/11/23 16:35:50 ]
Operation Requested:swapcourse @[ 2018/11/23 16:36:44 ]
Student swapCourse Function @[ 2018/11/23 16:36:44 ]
Please type in the NEW Course ID @[ 2018/11/23 16:36:44 ]
Please type in the OLD Course ID @[ 2018/11/23 16:36:50 ]
Wrong Course ID Format! Try again.. @[ 2018/11/23 16:36:54 ]
Operation Requested:swapcourse @[ 2018/11/23 16:36:57 ]
Student swapCourse Function @[ 2018/11/23 16:36:57 ]
Please type in the NEW Course ID @[ 2018/11/23 16:36:57 ]
Please type in the OLD Course ID @[ 2018/11/23 16:37:02 ]
Please Enter the Semester @[ 2018/11/23 16:37:10 ]
Course has been Swapped Successfully !!! @[ 2018/11/23 16:37:12 ]
Operation Requested:getClassSchedule @[ 2018/11/23 16:37:40 ]
fall - inse1111 soen1112 comp1119 winter - comp2222 summer -  @[ 2018/11/23 16:37:40 ]
Operation Requested:swapcourse @[ 2018/11/23 16:38:14 ]
Student swapCourse Function @[ 2018/11/23 16:38:14 ]
Please type in the NEW Course ID @[ 2018/11/23 16:38:14 ]
Please type in the OLD Course ID @[ 2018/11/23 16:38:32 ]
Please Enter the Semester @[ 2018/11/23 16:38:36 ]
Course has been Swapped Successfully !!! @[ 2018/11/23 16:38:39 ]
Operation Requested:getClassSchedule @[ 2018/11/23 16:39:09 ]
fall - soen1112 comp1119 inse1112 winter - comp2222 summer -  @[ 2018/11/23 16:39:09 ]
Operation Requested:exit @[ 2018/11/23 16:46:09 ]
... BYE ... @[ 2018/11/23 16:46:09 ]