
Hello, Student 1235
Connecting to => Computer Science Department @[ 2018/10/27 17:17:30 ]
Operation Requested:getClassSchedule @[ 2018/10/27 17:17:34 ]
fall - winter - summer -  @[ 2018/10/27 17:17:34 ]
Operation Requested:enrolcourse @[ 2018/10/27 17:17:40 ]
Student enrolCourse Function @[ 2018/10/27 17:17:40 ]
Please type in the Course ID @[ 2018/10/27 17:17:40 ]
Please Enter the Semester @[ 2018/10/27 17:17:54 ]
You have been enrolled Successfully !!! @[ 2018/10/27 17:17:55 ]
Operation Requested:enrolcourse @[ 2018/10/27 17:18:05 ]
Student enrolCourse Function @[ 2018/10/27 17:18:05 ]
Please type in the Course ID @[ 2018/10/27 17:18:05 ]
Please Enter the Semester @[ 2018/10/27 17:18:15 ]
You have been enrolled Successfully !!! @[ 2018/10/27 17:18:16 ]
Operation Requested:getClassSchedule @[ 2018/10/27 17:18:18 ]
fall - soen1234 inse1234 winter - summer -  @[ 2018/10/27 17:18:18 ]
Operation Requested:enrolcourse @[ 2018/10/27 17:18:37 ]
Student enrolCourse Function @[ 2018/10/27 17:18:37 ]
Please type in the Course ID @[ 2018/10/27 17:18:37 ]
Please Enter the Semester @[ 2018/10/27 17:18:42 ]
You have been enrolled Successfully !!! @[ 2018/10/27 17:18:45 ]
Operation Requested:getClassSchedule @[ 2018/10/27 17:18:47 ]
fall - soen1234 inse1234 winter - summer - soen1234  @[ 2018/10/27 17:18:47 ]
Operation Requested:enrolcourse @[ 2018/10/27 17:23:27 ]
Student enrolCourse Function @[ 2018/10/27 17:23:27 ]
Please type in the Course ID @[ 2018/10/27 17:23:27 ]
Please Enter the Semester @[ 2018/10/27 17:23:40 ]
error @[ 2018/10/27 17:23:43 ]
Operation Requested:enrolcourse @[ 2018/10/27 17:23:59 ]
Student enrolCourse Function @[ 2018/10/27 17:23:59 ]
Please type in the Course ID @[ 2018/10/27 17:23:59 ]
Please Enter the Semester @[ 2018/10/27 17:24:06 ]
You cannot take more than 3 courses OR you have already Registered for this course !! @[ 2018/10/27 17:26:40 ]
Operation Requested:[A[A[A @[ 2018/10/27 17:28:32 ]
Invalid Operation, Try Again... @[ 2018/10/27 17:28:32 ]
Operation Requested:enrolCourse @[ 2018/10/27 17:28:49 ]
Student enrolCourse Function @[ 2018/10/27 17:28:49 ]
Please type in the Course ID @[ 2018/10/27 17:28:49 ]
Please Enter the Semester @[ 2018/10/27 17:29:02 ]
You have been enrolled Successfully !!! @[ 2018/10/27 17:29:04 ]
Operation Requested:getClassSchedule @[ 2018/10/27 17:29:09 ]
fall - soen1234 inse1234 winter - soen0987 summer - soen1234  @[ 2018/10/27 17:29:09 ]
Operation Requested:enrolcourse @[ 2018/10/27 17:31:23 ]
Student enrolCourse Function @[ 2018/10/27 17:31:23 ]
Please type in the Course ID @[ 2018/10/27 17:31:23 ]
Please Enter the Semester @[ 2018/10/27 17:31:26 ]
You cannot take more than 3 courses OR you have already Registered for this course !! @[ 2018/10/27 17:31:28 ]