
Hello, Student 4321
Connecting to => Computer Science Department @[ 2018/10/27 19:07:21 ]
Operation Requested:getClassSchedule @[ 2018/10/27 19:07:39 ]
fall - winter - summer -  @[ 2018/10/27 19:07:40 ]
Operation Requested:enrolCourse @[ 2018/10/27 19:07:47 ]
Student enrolCourse Function @[ 2018/10/27 19:07:47 ]
Please type in the Course ID @[ 2018/10/27 19:07:47 ]
Please Enter the Semester @[ 2018/10/27 19:07:54 ]
You have been enrolled Successfully !!! @[ 2018/10/27 19:07:56 ]
Operation Requested:enrolCourse @[ 2018/10/27 19:08:08 ]
Student enrolCourse Function @[ 2018/10/27 19:08:08 ]
Please type in the Course ID @[ 2018/10/27 19:08:08 ]
Please Enter the Semester @[ 2018/10/27 19:08:10 ]
You have been enrolled Successfully !!! @[ 2018/10/27 19:08:14 ]
Operation Requested:getClassSchedule @[ 2018/10/27 19:08:23 ]
fall - comp1234 inse1234 winter - summer -  @[ 2018/10/27 19:08:23 ]
Operation Requested:exit @[ 2018/10/27 19:08:31 ]
... BYE ... @[ 2018/10/27 19:08:31 ]
Hello, Student 4321
Connecting to => Computer Science Department @[ 2018/10/27 19:09:09 ]
Operation Requested:getClassSchedule @[ 2018/10/27 19:09:16 ]
fall - comp1234 inse1234 winter - summer -  @[ 2018/10/27 19:09:17 ]
Operation Requested:dropCourse @[ 2018/10/27 19:09:27 ]
Student dropCourse Function @[ 2018/10/27 19:09:27 ]
Please type in the Course ID @[ 2018/10/27 19:09:27 ]
Dropped Successfully !!! @[ 2018/10/27 19:09:28 ]
Operation Requested:dropcourse @[ 2018/10/27 19:09:43 ]
Student dropCourse Function @[ 2018/10/27 19:09:43 ]
Please type in the Course ID @[ 2018/10/27 19:09:43 ]
The course doesn't Exist !! @[ 2018/10/27 19:09:57 ]
Operation Requested:getClassSchedule @[ 2018/10/27 19:10:10 ]
fall - inse1234 winter - summer -  @[ 2018/10/27 19:10:10 ]
Operation Requested:exit @[ 2018/10/27 19:10:29 ]
... BYE ... @[ 2018/10/27 19:10:29 ]