
Hello, Student 1234
Connecting to => Computer Science Department @[ 2018/10/27 15:53:09 ]
Operation Requested:getClassSchedule @[ 2018/10/27 15:53:14 ]
fall - winter - summer -  @[ 2018/10/27 15:53:14 ]
Operation Requested:enrolcourse @[ 2018/10/27 15:53:19 ]
Student enrolCourse Function @[ 2018/10/27 15:53:19 ]
Please type in the Course ID @[ 2018/10/27 15:53:19 ]
Please Enter the Semester @[ 2018/10/27 15:53:23 ]
You have been enrolled Successfully !!! @[ 2018/10/27 15:53:28 ]
Operation Requested:getClassSchedule @[ 2018/10/27 15:53:30 ]
fall - comp1234 winter - summer -  @[ 2018/10/27 15:53:30 ]
Operation Requested:exit @[ 2018/10/27 15:53:59 ]
... BYE ... @[ 2018/10/27 15:53:59 ]
Hello, Student 1234
Connecting to => Computer Science Department @[ 2018/10/27 15:59:20 ]
Operation Requested:getClassSchedule @[ 2018/10/27 15:59:25 ]
fall - comp1234 winter - summer -  @[ 2018/10/27 15:59:25 ]
Operation Requested:enrolcourse @[ 2018/10/27 15:59:32 ]
Student enrolCourse Function @[ 2018/10/27 15:59:32 ]
Please type in the Course ID @[ 2018/10/27 15:59:32 ]
Please Enter the Semester @[ 2018/10/27 15:59:47 ]
You cannot take more than 3 courses OR you have already Registered for this course !! @[ 2018/10/27 15:59:48 ]
Operation Requested:getClassSchedule @[ 2018/10/27 15:59:54 ]
fall - comp1234 winter - summer -  @[ 2018/10/27 15:59:54 ]
Operation Requested:enrolcourse @[ 2018/10/27 16:00:16 ]
Student enrolCourse Function @[ 2018/10/27 16:00:16 ]
Please type in the Course ID @[ 2018/10/27 16:00:16 ]
Please Enter the Semester @[ 2018/10/27 16:00:26 ]
You have been enrolled Successfully !!! @[ 2018/10/27 16:00:28 ]
Operation Requested:listCourseAvailability @[ 2018/10/27 16:00:29 ]
Invalid Operation, Try Again... @[ 2018/10/27 16:00:29 ]
Operation Requested:getClassSchedule @[ 2018/10/27 16:00:38 ]
fall - comp1234 inse1234 winter - summer -  @[ 2018/10/27 16:00:38 ]
Operation Requested:exit @[ 2018/10/27 16:00:57 ]
... BYE ... @[ 2018/10/27 16:00:57 ]
Hello, Student 1234
Connecting to => Computer Science Department @[ 2018/10/27 16:05:49 ]
Operation Requested:getClassSchedule @[ 2018/10/27 16:05:53 ]
fall - comp1234 inse1234 winter - summer -  @[ 2018/10/27 16:05:53 ]
Operation Requested:enrolcourse @[ 2018/10/27 16:06:00 ]
Student enrolCourse Function @[ 2018/10/27 16:06:00 ]
Please type in the Course ID @[ 2018/10/27 16:06:00 ]
Please Enter the Semester @[ 2018/10/27 16:06:10 ]
You cannot take more than 3 courses OR you have already Registered for this course !! @[ 2018/10/27 16:06:12 ]
Operation Requested:enrolcourse @[ 2018/10/27 16:06:16 ]
Student enrolCourse Function @[ 2018/10/27 16:06:16 ]
Please type in the Course ID @[ 2018/10/27 16:06:16 ]
Please Enter the Semester @[ 2018/10/27 16:06:24 ]
You have been enrolled Successfully !!! @[ 2018/10/27 16:06:26 ]
Operation Requested:getClassSchedule @[ 2018/10/27 16:06:27 ]
fall - comp1234 inse1234 soen1234 winter - summer -  @[ 2018/10/27 16:06:27 ]
Operation Requested:dropcourse @[ 2018/10/27 16:06:31 ]
Student dropCourse Function @[ 2018/10/27 16:06:31 ]
Please type in the Course ID @[ 2018/10/27 16:06:31 ]
Dropped Successfully !!! @[ 2018/10/27 16:06:36 ]
Operation Requested:getClassSchedule @[ 2018/10/27 16:06:39 ]
fall - inse1234 soen1234 winter - summer -  @[ 2018/10/27 16:06:39 ]
Operation Requested:exit @[ 2018/10/27 16:06:54 ]
... BYE ... @[ 2018/10/27 16:06:54 ]
Hello, Student 1234
Connecting to => Computer Science Department @[ 2018/10/27 16:14:11 ]
Operation Requested:getClassSchedule @[ 2018/10/27 16:14:15 ]
fall - inse1234 soen1234 winter - summer -  @[ 2018/10/27 16:14:15 ]
Operation Requested:enrolecourse @[ 2018/10/27 16:14:52 ]
Invalid Operation, Try Again... @[ 2018/10/27 16:14:52 ]
Operation Requested:enrolcourse @[ 2018/10/27 16:14:55 ]
Student enrolCourse Function @[ 2018/10/27 16:14:55 ]
Please type in the Course ID @[ 2018/10/27 16:14:55 ]
Please Enter the Semester @[ 2018/10/27 16:15:14 ]
You have been enrolled Successfully !!! @[ 2018/10/27 16:15:17 ]
Operation Requested:getClassSchedule @[ 2018/10/27 16:15:27 ]
fall - inse1234 soen1234 comp1234 winter - summer -  @[ 2018/10/27 16:15:27 ]
Operation Requested:enrolcourse @[ 2018/10/27 16:15:31 ]
Student enrolCourse Function @[ 2018/10/27 16:15:31 ]
Please type in the Course ID @[ 2018/10/27 16:15:31 ]
Please Enter the Semester @[ 2018/10/27 16:15:37 ]
You cannot take more than 3 courses !! @[ 2018/10/27 16:15:38 ]
Operation Requested:getClassSchedule @[ 2018/10/27 16:15:41 ]
fall - inse1234 soen1234 comp1234 winter - summer -  @[ 2018/10/27 16:15:41 ]
Operation Requested:comp1234 @[ 2018/10/27 16:15:48 ]
Invalid Operation, Try Again... @[ 2018/10/27 16:15:48 ]
Operation Requested:enrolcourse @[ 2018/10/27 16:15:53 ]
Student enrolCourse Function @[ 2018/10/27 16:15:53 ]
Please type in the Course ID @[ 2018/10/27 16:15:53 ]
Please Enter the Semester @[ 2018/10/27 16:15:55 ]
You have been enrolled Successfully !!! @[ 2018/10/27 16:15:58 ]
Operation Requested:getClassSchedule @[ 2018/10/27 16:16:02 ]
fall - inse1234 soen1234 comp1234 winter - comp1234 summer -  @[ 2018/10/27 16:16:02 ]
Operation Requested:enrolcourse @[ 2018/10/27 16:16:14 ]
Student enrolCourse Function @[ 2018/10/27 16:16:14 ]
Please type in the Course ID @[ 2018/10/27 16:16:14 ]
Please Enter the Semester @[ 2018/10/27 16:16:25 ]
No space available OR the course doesnt exist in that semester !! @[ 2018/10/27 16:16:28 ]
Operation Requested:getClassSchedule @[ 2018/10/27 16:16:30 ]
fall - inse1234 soen1234 comp1234 winter - comp1234 summer -  @[ 2018/10/27 16:16:30 ]
Operation Requested:enrolcourse @[ 2018/10/27 16:16:35 ]
Student enrolCourse Function @[ 2018/10/27 16:16:35 ]
Please type in the Course ID @[ 2018/10/27 16:16:35 ]
Please Enter the Semester @[ 2018/10/27 16:16:41 ]
You have been enrolled Successfully !!! @[ 2018/10/27 16:16:44 ]
Operation Requested:getClassSchedule @[ 2018/10/27 16:16:53 ]
fall - inse1234 soen1234 comp1234 winter - comp1234 summer - inse0987  @[ 2018/10/27 16:16:53 ]
Operation Requested:enrolcourse @[ 2018/10/27 16:17:13 ]
Student enrolCourse Function @[ 2018/10/27 16:17:13 ]
Please type in the Course ID @[ 2018/10/27 16:17:13 ]
Please Enter the Semester @[ 2018/10/27 16:17:17 ]
No space available OR the course doesnt exist in that semester !! @[ 2018/10/27 16:17:19 ]
Operation Requested:enrolcourse @[ 2018/10/27 16:17:33 ]
Student enrolCourse Function @[ 2018/10/27 16:17:33 ]
Please type in the Course ID @[ 2018/10/27 16:17:33 ]
Please Enter the Semester @[ 2018/10/27 16:17:37 ]
You have been enrolled Successfully !!! @[ 2018/10/27 16:17:39 ]
Operation Requested:getClassSchedule @[ 2018/10/27 16:17:42 ]
fall - inse1234 soen1234 comp1234 winter - comp1234 soen0987 summer - inse0987  @[ 2018/10/27 16:17:42 ]
Hello, Student 1234
Connecting to => Computer Science Department @[ 2018/10/27 19:03:08 ]
Operation Requested:getClassSchedule @[ 2018/10/27 19:03:12 ]
fall - winter - summer -  @[ 2018/10/27 19:03:12 ]
Operation Requested:enrolCourse @[ 2018/10/27 19:03:28 ]
Student enrolCourse Function @[ 2018/10/27 19:03:28 ]
Please type in the Course ID @[ 2018/10/27 19:03:28 ]
Please Enter the Semester @[ 2018/10/27 19:03:35 ]
You have been enrolled Successfully !!! @[ 2018/10/27 19:03:50 ]
Operation Requested:enrolCourse @[ 2018/10/27 19:03:55 ]
Student enrolCourse Function @[ 2018/10/27 19:03:55 ]
Please type in the Course ID @[ 2018/10/27 19:03:55 ]
Please Enter the Semester @[ 2018/10/27 19:04:00 ]
You have been enrolled Successfully !!! @[ 2018/10/27 19:04:03 ]
Operation Requested:enrolCourse @[ 2018/10/27 19:04:10 ]
Student enrolCourse Function @[ 2018/10/27 19:04:10 ]
Please type in the Course ID @[ 2018/10/27 19:04:10 ]
Please Enter the Semester @[ 2018/10/27 19:04:15 ]
You have been enrolled Successfully !!! @[ 2018/10/27 19:04:17 ]
Operation Requested:exit @[ 2018/10/27 19:04:21 ]
... BYE ... @[ 2018/10/27 19:04:21 ]