
Hello, Advisor 1234
Connecting to => Information Security Department @[ 2018/10/27 15:52:01 ]
Operation Requested:listCourseAvailability @[ 2018/10/27 15:52:03 ]
Advisor listCourseAvailability Function @[ 2018/10/27 15:52:03 ]
Please Enter the Semester @[ 2018/10/27 15:52:03 ]
No Course to Display!
comp1234>40*comp0987>40
soen1234>40 @[ 2018/10/27 15:52:05 ]
Operation Requested:addcourse @[ 2018/10/27 15:52:10 ]
Advisor addCourse Function @[ 2018/10/27 15:52:10 ]
Please type in the Course ID @[ 2018/10/27 15:52:10 ]
Please Enter the Semester @[ 2018/10/27 15:52:13 ]
The Course Added Successfully! @[ 2018/10/27 15:52:15 ]
Operation Requested:addcourse @[ 2018/10/27 15:52:18 ]
Advisor addCourse Function @[ 2018/10/27 15:52:18 ]
Please type in the Course ID @[ 2018/10/27 15:52:18 ]
Please Enter the Semester @[ 2018/10/27 15:52:21 ]
The Course Added Successfully! @[ 2018/10/27 15:52:23 ]
Operation Requested:addcourse @[ 2018/10/27 15:52:26 ]
Advisor addCourse Function @[ 2018/10/27 15:52:26 ]
Please type in the Course ID @[ 2018/10/27 15:52:26 ]
Please Enter the Semester @[ 2018/10/27 15:52:30 ]
The Course Added Successfully! @[ 2018/10/27 15:52:31 ]
Operation Requested:addcourse @[ 2018/10/27 15:52:35 ]
Advisor addCourse Function @[ 2018/10/27 15:52:35 ]
Please type in the Course ID @[ 2018/10/27 15:52:35 ]
Please Enter the Semester @[ 2018/10/27 15:52:41 ]
The Course Added Successfully! @[ 2018/10/27 15:52:42 ]
Operation Requested:listCourseAvailability @[ 2018/10/27 15:52:46 ]
Advisor listCourseAvailability Function @[ 2018/10/27 15:52:46 ]
Please Enter the Semester @[ 2018/10/27 15:52:46 ]
inse1234>40
comp1234>40*comp0987>40
soen1234>40 @[ 2018/10/27 15:52:51 ]
Operation Requested:listCourseAvailability @[ 2018/10/27 15:52:52 ]
Advisor listCourseAvailability Function @[ 2018/10/27 15:52:52 ]
Please Enter the Semester @[ 2018/10/27 15:52:52 ]
inse1234>40*inse0987>40
comp1234>40
soen0987>40 @[ 2018/10/27 15:52:55 ]
Operation Requested:listCourseAvailability @[ 2018/10/27 15:52:57 ]
Advisor listCourseAvailability Function @[ 2018/10/27 15:52:57 ]
Please Enter the Semester @[ 2018/10/27 15:52:57 ]
inse0987>40
comp0987>40
soen1234>40*soen0987>40 @[ 2018/10/27 15:52:59 ]
Operation Requested:exit @[ 2018/10/27 15:54:03 ]
... BYE ... @[ 2018/10/27 15:54:03 ]
Hello, Advisor 1234
Connecting to => Information Security Department @[ 2018/10/27 20:42:54 ]
Operation Requested:listCourseAvailability @[ 2018/10/27 20:42:59 ]
Advisor listCourseAvailability Function @[ 2018/10/27 20:42:59 ]
Please Enter the Semester @[ 2018/10/27 20:42:59 ]
inse1234>35
comp1234>37*comp0987>40*comp3456>1
soen1234>36 @[ 2018/10/27 20:43:02 ]
Operation Requested:listCourseAvailability @[ 2018/10/27 20:43:49 ]
Advisor listCourseAvailability Function @[ 2018/10/27 20:43:49 ]
Please Enter the Semester @[ 2018/10/27 20:43:49 ]
inse1234>35
comp1234>37*comp0987>40*comp3456>1
soen1234>36 @[ 2018/10/27 20:43:52 ]
Operation Requested:listCourseAvailability @[ 2018/10/27 20:43:53 ]
Advisor listCourseAvailability Function @[ 2018/10/27 20:43:53 ]
Please Enter the Semester @[ 2018/10/27 20:43:53 ]
inse1234>39*inse0987>40
comp1234>36*comp9876>4
soen0987>38 @[ 2018/10/27 20:43:55 ]
Operation Requested:listCourseAvailability @[ 2018/10/27 20:43:56 ]
Advisor listCourseAvailability Function @[ 2018/10/27 20:43:56 ]
Please Enter the Semester @[ 2018/10/27 20:43:56 ]
inse0987>39
comp0987>40
soen1234>36*soen0987>40 @[ 2018/10/27 20:44:00 ]
Operation Requested:d @[ 2018/10/27 20:48:43 ]
Invalid Operation, Try Again... @[ 2018/10/27 20:48:43 ]
Operation Requested:k @[ 2018/10/27 20:48:47 ]
Invalid Operation, Try Again... @[ 2018/10/27 20:48:47 ]
Operation Requested:removeCourse @[ 2018/10/27 20:48:51 ]
Advisor Remove Course Function @[ 2018/10/27 20:48:51 ]
Please type in the Course ID @[ 2018/10/27 20:48:51 ]
You cannot add COMP courses @[ 2018/10/27 20:48:59 ]
Wrong Course ID Format! Try again.. @[ 2018/10/27 20:48:59 ]
Operation Requested:removeCourse @[ 2018/10/27 20:49:05 ]
Advisor Remove Course Function @[ 2018/10/27 20:49:05 ]
Please type in the Course ID @[ 2018/10/27 20:49:05 ]
You cannot add SOEN courses @[ 2018/10/27 20:49:16 ]
Wrong Course ID Format! Try again.. @[ 2018/10/27 20:49:16 ]
Operation Requested:s @[ 2018/10/27 20:49:22 ]
Invalid Operation, Try Again... @[ 2018/10/27 20:49:22 ]
Operation Requested:removeCourse @[ 2018/10/27 20:49:25 ]
Advisor Remove Course Function @[ 2018/10/27 20:49:25 ]
Please type in the Course ID @[ 2018/10/27 20:49:25 ]
Please Enter the Semester @[ 2018/10/27 20:50:33 ]
The Course Removed Successfully! @[ 2018/10/27 20:50:38 ]
Hello, Advisor 1234
Connecting to => Information Security Department @[ 2018/10/27 21:12:40 ]
Operation Requested:removeCourse @[ 2018/10/27 21:12:46 ]
Advisor Remove Course Function @[ 2018/10/27 21:12:46 ]
Please type in the Course ID @[ 2018/10/27 21:12:46 ]
Please Enter the Semester @[ 2018/10/27 21:13:02 ]
The Course Does not! Try Again.. @[ 2018/10/27 21:13:04 ]
Operation Requested:listCourseAvailability @[ 2018/10/27 21:13:49 ]
Advisor listCourseAvailability Function @[ 2018/10/27 21:13:49 ]
Please Enter the Semester @[ 2018/10/27 21:13:49 ]
inse1234>39
comp1234>36*comp0987>40*comp3456>1
soen1234>35 @[ 2018/10/27 21:13:52 ]
Operation Requested:removecourse @[ 2018/10/27 21:14:11 ]
Advisor Remove Course Function @[ 2018/10/27 21:14:11 ]
Please type in the Course ID @[ 2018/10/27 21:14:11 ]
Please Enter the Semester @[ 2018/10/27 21:14:15 ]
The Course Removed Successfully! @[ 2018/10/27 21:14:17 ]
Operation Requested:removecourse @[ 2018/10/27 21:14:36 ]
Advisor Remove Course Function @[ 2018/10/27 21:14:36 ]
Please type in the Course ID @[ 2018/10/27 21:14:36 ]
Please Enter the Semester @[ 2018/10/27 21:14:39 ]
The Course Removed Successfully! @[ 2018/10/27 21:14:41 ]
Operation Requested:exit @[ 2018/10/27 21:15:17 ]
... BYE ... @[ 2018/10/27 21:15:17 ]