
Hello, Student 1234
Connecting to => Information Security Department @[ 2018/10/27 17:36:07 ]
Operation Requested:getClassSchedule @[ 2018/10/27 17:36:13 ]
fall - winter - summer -  @[ 2018/10/27 17:36:13 ]
Operation Requested:enrolcourse @[ 2018/10/27 17:36:22 ]
Student enrolCourse Function @[ 2018/10/27 17:36:22 ]
Please type in the Course ID @[ 2018/10/27 17:36:22 ]
Please Enter the Semester @[ 2018/10/27 17:36:56 ]
Hello, Student 1234
Connecting to => Information Security Department @[ 2018/10/27 17:40:28 ]
Operation Requested:getClassSchedule @[ 2018/10/27 17:40:31 ]
fall - winter - summer -  @[ 2018/10/27 17:40:32 ]
Operation Requested:enrolcourse @[ 2018/10/27 17:40:36 ]
Student enrolCourse Function @[ 2018/10/27 17:40:36 ]
Please type in the Course ID @[ 2018/10/27 17:40:36 ]
Please Enter the Semester @[ 2018/10/27 17:40:43 ]
Hello, Student 1234
Connecting to => Information Security Department @[ 2018/10/27 17:47:08 ]
Operation Requested:enrolcourse @[ 2018/10/27 17:47:12 ]
Student enrolCourse Function @[ 2018/10/27 17:47:12 ]
Please type in the Course ID @[ 2018/10/27 17:47:12 ]
Please Enter the Semester @[ 2018/10/27 17:47:17 ]
You have been enrolled Successfully !!! @[ 2018/10/27 17:47:19 ]
Operation Requested:exit @[ 2018/10/27 17:48:21 ]
... BYE ... @[ 2018/10/27 17:48:21 ]
Hello, Student 1234
Connecting to => Information Security Department @[ 2018/10/27 17:49:24 ]
Operation Requested:enrolcourse @[ 2018/10/27 17:49:28 ]
Student enrolCourse Function @[ 2018/10/27 17:49:28 ]
Please type in the Course ID @[ 2018/10/27 17:49:28 ]
Please Enter the Semester @[ 2018/10/27 17:49:31 ]
Hello, Student 1234
Connecting to => Information Security Department @[ 2018/10/27 17:53:38 ]
Operation Requested:enrolcourse @[ 2018/10/27 17:53:43 ]
Student enrolCourse Function @[ 2018/10/27 17:53:43 ]
Please type in the Course ID @[ 2018/10/27 17:53:43 ]
Please Enter the Semester @[ 2018/10/27 17:54:42 ]
Hello, Student 1234
Connecting to => Information Security Department @[ 2018/10/27 17:58:56 ]
Operation Requested:enrolcourse @[ 2018/10/27 17:59:00 ]
Student enrolCourse Function @[ 2018/10/27 17:59:00 ]
Please type in the Course ID @[ 2018/10/27 17:59:00 ]
Please Enter the Semester @[ 2018/10/27 17:59:07 ]
No space available OR the course doesnt exist in that semester !! @[ 2018/10/27 17:59:10 ]
Operation Requested:getClassSchedule @[ 2018/10/27 17:59:17 ]
fall - comp1234 winter - summer -  @[ 2018/10/27 17:59:18 ]
Operation Requested:enrolecourse @[ 2018/10/27 17:59:57 ]
Invalid Operation, Try Again... @[ 2018/10/27 17:59:57 ]
Operation Requested:comp1234 @[ 2018/10/27 18:00:06 ]
Invalid Operation, Try Again... @[ 2018/10/27 18:00:06 ]
Operation Requested:enrolcourse @[ 2018/10/27 18:00:12 ]
Student enrolCourse Function @[ 2018/10/27 18:00:12 ]
Please type in the Course ID @[ 2018/10/27 18:00:12 ]
Please Enter the Semester @[ 2018/10/27 18:00:17 ]
You cannot take more than 3 courses OR you have already Registered for this course !! @[ 2018/10/27 18:00:22 ]
Operation Requested:getClassSchedule @[ 2018/10/27 18:00:29 ]
fall - comp1234 winter - summer -  @[ 2018/10/27 18:00:29 ]
Operation Requested:enrolcourse @[ 2018/10/27 18:00:35 ]
Student enrolCourse Function @[ 2018/10/27 18:00:35 ]
Please type in the Course ID @[ 2018/10/27 18:00:35 ]
Please Enter the Semester @[ 2018/10/27 18:00:43 ]
No space available OR the course doesnt exist in that semester !! @[ 2018/10/27 18:00:46 ]
Operation Requested:getClassSchedule @[ 2018/10/27 18:00:57 ]
fall - comp1234 winter - summer -  @[ 2018/10/27 18:00:57 ]
Operation Requested:enrolcourse @[ 2018/10/27 18:01:12 ]
Student enrolCourse Function @[ 2018/10/27 18:01:12 ]
Please type in the Course ID @[ 2018/10/27 18:01:12 ]
Please Enter the Semester @[ 2018/10/27 18:01:15 ]
You have been enrolled Successfully !!! @[ 2018/10/27 18:01:19 ]
Operation Requested:getClassSchedule @[ 2018/10/27 18:01:34 ]
fall - comp1234 soen1234 winter - summer -  @[ 2018/10/27 18:01:34 ]
Operation Requested:enrolcourse @[ 2018/10/27 18:01:46 ]
Student enrolCourse Function @[ 2018/10/27 18:01:46 ]
Please type in the Course ID @[ 2018/10/27 18:01:46 ]
Please Enter the Semester @[ 2018/10/27 18:01:52 ]
You cannot take more than 3 courses !! @[ 2018/10/27 18:01:59 ]
Operation Requested:enrolcourse @[ 2018/10/27 18:02:39 ]
Student enrolCourse Function @[ 2018/10/27 18:02:39 ]
Please type in the Course ID @[ 2018/10/27 18:02:39 ]
Please Enter the Semester @[ 2018/10/27 18:02:45 ]
You have been enrolled Successfully !!! @[ 2018/10/27 18:02:47 ]
Operation Requested:getClassSchedule @[ 2018/10/27 18:02:50 ]
fall - comp1234 soen1234 inse1234 winter - summer -  @[ 2018/10/27 18:02:50 ]
Operation Requested:dropcourse @[ 2018/10/27 18:02:59 ]
Student dropCourse Function @[ 2018/10/27 18:02:59 ]
Please type in the Course ID @[ 2018/10/27 18:02:59 ]
Dropped Successfully !!! @[ 2018/10/27 18:03:06 ]
Operation Requested:getClassSchedule @[ 2018/10/27 18:03:08 ]
fall - comp1234 inse1234 winter - summer -  @[ 2018/10/27 18:03:08 ]
Operation Requested:enrolcourse @[ 2018/10/27 18:03:15 ]
Student enrolCourse Function @[ 2018/10/27 18:03:15 ]
Please type in the Course ID @[ 2018/10/27 18:03:15 ]
Please Enter the Semester @[ 2018/10/27 18:03:18 ]
No space available OR the course doesnt exist in that semester !! @[ 2018/10/27 18:03:22 ]
Operation Requested:enrolcourse @[ 2018/10/27 18:03:28 ]
Student enrolCourse Function @[ 2018/10/27 18:03:28 ]
Please type in the Course ID @[ 2018/10/27 18:03:28 ]
Please Enter the Semester @[ 2018/10/27 18:03:31 ]
You have been enrolled Successfully !!! @[ 2018/10/27 18:03:32 ]
Operation Requested:getClassSchedule @[ 2018/10/27 18:03:35 ]
fall - comp1234 inse1234 winter - summer - soen1234  @[ 2018/10/27 18:03:35 ]
Operation Requested:enrolcourse @[ 2018/10/27 18:03:47 ]
Student enrolCourse Function @[ 2018/10/27 18:03:47 ]
Please type in the Course ID @[ 2018/10/27 18:03:47 ]
Please Enter the Semester @[ 2018/10/27 18:03:55 ]
You cannot take more than 3 courses !! @[ 2018/10/27 18:04:03 ]
Operation Requested:getClassSchedule @[ 2018/10/27 18:04:10 ]
fall - comp1234 inse1234 winter - summer - soen1234  @[ 2018/10/27 18:04:10 ]
Operation Requested:enrolcourse @[ 2018/10/27 18:04:18 ]
Student enrolCourse Function @[ 2018/10/27 18:04:18 ]
Please type in the Course ID @[ 2018/10/27 18:04:18 ]
Please Enter the Semester @[ 2018/10/27 18:04:21 ]
You cannot take more than 3 courses !! @[ 2018/10/27 18:04:25 ]
Operation Requested:dropcourse @[ 2018/10/27 18:04:35 ]
Student dropCourse Function @[ 2018/10/27 18:04:35 ]
Please type in the Course ID @[ 2018/10/27 18:04:35 ]
Dropped Successfully !!! @[ 2018/10/27 18:04:38 ]
Operation Requested:getClassSchedule @[ 2018/10/27 18:04:41 ]
fall - inse1234 winter - summer - soen1234  @[ 2018/10/27 18:04:41 ]
Operation Requested:enrolcourse @[ 2018/10/27 18:04:46 ]
Student enrolCourse Function @[ 2018/10/27 18:04:46 ]
Please type in the Course ID @[ 2018/10/27 18:04:46 ]
Please Enter the Semester @[ 2018/10/27 18:04:49 ]
You have been enrolled Successfully !!! @[ 2018/10/27 18:04:51 ]
Operation Requested:getClassSchedule @[ 2018/10/27 18:04:53 ]
fall - inse1234 winter - comp1234 summer - soen1234  @[ 2018/10/27 18:04:53 ]
Operation Requested:enrolcourse @[ 2018/10/27 18:05:26 ]
Student enrolCourse Function @[ 2018/10/27 18:05:26 ]
Please type in the Course ID @[ 2018/10/27 18:05:26 ]
Wrong Course ID Format! Try again.. @[ 2018/10/27 18:05:31 ]
Operation Requested:enrolcourse @[ 2018/10/27 18:05:38 ]
Student enrolCourse Function @[ 2018/10/27 18:05:38 ]
Please type in the Course ID @[ 2018/10/27 18:05:38 ]
Please Enter the Semester @[ 2018/10/27 18:05:41 ]
You cannot take more than 3 courses !! @[ 2018/10/27 18:05:43 ]
Operation Requested:enrolcourse @[ 2018/10/27 18:05:52 ]
Student enrolCourse Function @[ 2018/10/27 18:05:52 ]
Please type in the Course ID @[ 2018/10/27 18:05:52 ]
Please Enter the Semester @[ 2018/10/27 18:06:08 ]
You have been enrolled Successfully !!! @[ 2018/10/27 18:06:10 ]
Operation Requested:getClassSchedule @[ 2018/10/27 18:06:12 ]
fall - inse1234 winter - comp1234 inse1234 summer - soen1234  @[ 2018/10/27 18:06:12 ]
Operation Requested:getClassSchedule @[ 2018/10/27 18:06:15 ]
fall - inse1234 winter - comp1234 inse1234 summer - soen1234  @[ 2018/10/27 18:06:15 ]