
Hello, Advisor 1234
Connecting to => Software Engineering Department @[ 2018/10/27 15:50:40 ]
Operation Requested:listCourseAvailability @[ 2018/10/27 15:50:42 ]
Advisor listCourseAvailability Function @[ 2018/10/27 15:50:42 ]
Please Enter the Semester @[ 2018/10/27 15:50:42 ]
No Course to Display!
comp1234>40*comp0987>40
No Course to Display! @[ 2018/10/27 15:50:44 ]
Operation Requested:addcourse @[ 2018/10/27 15:50:51 ]
Advisor addCourse Function @[ 2018/10/27 15:50:51 ]
Please type in the Course ID @[ 2018/10/27 15:50:51 ]
Please Enter the Semester @[ 2018/10/27 15:50:55 ]
The Course Added Successfully! @[ 2018/10/27 15:50:56 ]
Operation Requested:addcourse @[ 2018/10/27 15:51:00 ]
Advisor addCourse Function @[ 2018/10/27 15:51:00 ]
Please type in the Course ID @[ 2018/10/27 15:51:00 ]
Please Enter the Semester @[ 2018/10/27 15:51:05 ]
The Course Added Successfully! @[ 2018/10/27 15:51:10 ]
Operation Requested:addcourse @[ 2018/10/27 15:51:13 ]
Advisor addCourse Function @[ 2018/10/27 15:51:13 ]
Please type in the Course ID @[ 2018/10/27 15:51:13 ]
Please Enter the Semester @[ 2018/10/27 15:51:17 ]
The Course Added Successfully! @[ 2018/10/27 15:51:19 ]
Operation Requested:addcourse @[ 2018/10/27 15:51:22 ]
Advisor addCourse Function @[ 2018/10/27 15:51:22 ]
Please type in the Course ID @[ 2018/10/27 15:51:22 ]
Please Enter the Semester @[ 2018/10/27 15:51:25 ]
The Course Added Successfully! @[ 2018/10/27 15:51:27 ]
Operation Requested:listCourseAvailability @[ 2018/10/27 15:51:28 ]
Advisor listCourseAvailability Function @[ 2018/10/27 15:51:28 ]
Please Enter the Semester @[ 2018/10/27 15:51:28 ]
soen1234>40
comp1234>40*comp0987>40
No Course to Display! @[ 2018/10/27 15:51:29 ]
Operation Requested:listCourseAvailability @[ 2018/10/27 15:51:31 ]
Advisor listCourseAvailability Function @[ 2018/10/27 15:51:31 ]
Please Enter the Semester @[ 2018/10/27 15:51:31 ]
soen0987>40
comp1234>40
No Course to Display! @[ 2018/10/27 15:51:33 ]
Operation Requested:listCourseAvailability @[ 2018/10/27 15:51:35 ]
Advisor listCourseAvailability Function @[ 2018/10/27 15:51:35 ]
Please Enter the Semester @[ 2018/10/27 15:51:35 ]
soen1234>40*soen0987>40
comp0987>40
No Course to Display! @[ 2018/10/27 15:51:40 ]
Operation Requested:exit @[ 2018/10/27 15:51:51 ]
... BYE ... @[ 2018/10/27 15:51:51 ]