
Hello, Student 1234
Connecting to => Software Engineering Department @[ 2018/10/27 20:43:44 ]
Operation Requested:getClassSchedule @[ 2018/10/27 20:44:08 ]
fall - winter - summer -  @[ 2018/10/27 20:44:09 ]
Operation Requested:enrolcourse @[ 2018/10/27 20:44:14 ]
Student enrolCourse Function @[ 2018/10/27 20:44:14 ]
Please type in the Course ID @[ 2018/10/27 20:44:14 ]
Please Enter the Semester @[ 2018/10/27 20:44:28 ]
You have been enrolled Successfully !!! @[ 2018/10/27 20:44:30 ]
Operation Requested:getClassSchedule @[ 2018/10/27 20:44:31 ]
fall - soen1234 winter - summer -  @[ 2018/10/27 20:44:31 ]
Operation Requested:enrolcourse @[ 2018/10/27 20:44:39 ]
Student enrolCourse Function @[ 2018/10/27 20:44:39 ]
Please type in the Course ID @[ 2018/10/27 20:44:39 ]
Please Enter the Semester @[ 2018/10/27 20:44:43 ]
No space available OR the course doesnt exist in that semester !! @[ 2018/10/27 20:44:45 ]
Operation Requested:enrolcourse @[ 2018/10/27 20:44:57 ]
Student enrolCourse Function @[ 2018/10/27 20:44:57 ]
Please type in the Course ID @[ 2018/10/27 20:44:57 ]
Please Enter the Semester @[ 2018/10/27 20:45:00 ]
You have been enrolled Successfully !!! @[ 2018/10/27 20:45:03 ]
Operation Requested:getClassSchedule @[ 2018/10/27 20:45:06 ]
fall - soen1234 winter - summer - soen1234  @[ 2018/10/27 20:45:06 ]
Operation Requested:enrolcourse @[ 2018/10/27 20:45:15 ]
Student enrolCourse Function @[ 2018/10/27 20:45:15 ]
Please type in the Course ID @[ 2018/10/27 20:45:15 ]
Please Enter the Semester @[ 2018/10/27 20:45:28 ]
You have been enrolled Successfully !!! @[ 2018/10/27 20:45:31 ]
Operation Requested:enrolcourse @[ 2018/10/27 20:45:36 ]
Student enrolCourse Function @[ 2018/10/27 20:45:36 ]
Please type in the Course ID @[ 2018/10/27 20:45:36 ]
Please Enter the Semester @[ 2018/10/27 20:45:42 ]
You have been enrolled Successfully !!! @[ 2018/10/27 20:45:44 ]
Operation Requested:getClassSchedule @[ 2018/10/27 20:45:45 ]
fall - soen1234 comp1234 winter - inse1234 summer - soen1234  @[ 2018/10/27 20:45:45 ]
Operation Requested:enrolcourse @[ 2018/10/27 20:45:50 ]
Student enrolCourse Function @[ 2018/10/27 20:45:50 ]
Please type in the Course ID @[ 2018/10/27 20:45:50 ]
Please Enter the Semester @[ 2018/10/27 20:46:01 ]
You cannot take more than 3 courses / More than 2 from other departments !! @[ 2018/10/27 20:46:03 ]
Operation Requested:getClassSchedule @[ 2018/10/27 20:46:10 ]
fall - soen1234 comp1234 winter - inse1234 summer - soen1234  @[ 2018/10/27 20:46:10 ]
Operation Requested:dropcourse @[ 2018/10/27 20:46:17 ]
Student dropCourse Function @[ 2018/10/27 20:46:17 ]
Please type in the Course ID @[ 2018/10/27 20:46:17 ]
Dropped Successfully !!! @[ 2018/10/27 20:46:26 ]
Operation Requested:getClassSchedule @[ 2018/10/27 20:46:29 ]
fall - soen1234 comp1234 winter - summer - soen1234  @[ 2018/10/27 20:46:29 ]
Operation Requested:enrolcourse @[ 2018/10/27 20:46:40 ]
Student enrolCourse Function @[ 2018/10/27 20:46:40 ]
Please type in the Course ID @[ 2018/10/27 20:46:40 ]
Please Enter the Semester @[ 2018/10/27 20:46:48 ]
You have been enrolled Successfully !!! @[ 2018/10/27 20:46:53 ]
Operation Requested:getClassSchedule @[ 2018/10/27 20:46:55 ]
fall - soen1234 comp1234 winter - summer - soen1234 comp0987  @[ 2018/10/27 20:46:55 ]
Operation Requested:enrolcourse @[ 2018/10/27 20:47:02 ]
Student enrolCourse Function @[ 2018/10/27 20:47:02 ]
Please type in the Course ID @[ 2018/10/27 20:47:02 ]
Please Enter the Semester @[ 2018/10/27 20:47:20 ]
You have been enrolled Successfully !!! @[ 2018/10/27 20:47:23 ]
Operation Requested:getClassSchedule @[ 2018/10/27 20:47:25 ]
fall - soen1234 comp1234 winter - soen0987 summer - soen1234 comp0987  @[ 2018/10/27 20:47:25 ]
Operation Requested:exit @[ 2018/10/27 20:47:37 ]
... BYE ... @[ 2018/10/27 20:47:37 ]